15:32:16.32 | SUCCESS | 0.1 Task | Cleaning & Processing & Preping Request Data | Proxy: 51.83.116.5:59282
15:32:16.32 | SUCCESS | 0.0 Process | Initiating Scrapper Class On Selenium
15:32:16.32 | SUCCESS | 1.0 Process | Starting Driver
15:32:21.36 | ERROR | Proxy check failed SOCKSHTTPConnectionPool(host='ip-api.com', port=80): Max retries exceeded with url: /json (Caused by ConnectTimeoutError(<urllib3.contrib.socks.SOCKSConnection object at 0x0000018C3A32C090>, 'Connection to ip-api.com timed out. (connect timeout=5)')) | Traceback: Traceback (most recent call last):
  File "C:\Users\owner\Desktop\projects\bots\vass\venv\Lib\site-packages\socks.py", line 787, in connect
    super(socksocket, self).connect(proxy_addr)
TimeoutError: timed out

During handling of the above exception, another exception occurred:

Traceback (most recent call last):
  File "C:\Users\owner\Desktop\projects\bots\vass\venv\Lib\site-packages\urllib3\contrib\socks.py", line 110, in _new_conn
    conn = socks.create_connection(
           ^^^^^^^^^^^^^^^^^^^^^^^^
  File "C:\Users\owner\Desktop\projects\bots\vass\venv\Lib\site-packages\socks.py", line 209, in create_connection
    raise err
  File "C:\Users\owner\Desktop\projects\bots\vass\venv\Lib\site-packages\socks.py", line 199, in create_connection
    sock.connect((remote_host, remote_port))
  File "C:\Users\owner\Desktop\projects\bots\vass\venv\Lib\site-packages\socks.py", line 47, in wrapper
    return function(*args, **kwargs)
           ^^^^^^^^^^^^^^^^^^^^^^^^^
  File "C:\Users\owner\Desktop\projects\bots\vass\venv\Lib\site-packages\socks.py", line 800, in connect
    raise ProxyConnectionError(msg, error)
socks.ProxyConnectionError: Error connecting to SOCKS4 proxy 51.83.116.5:59282: timed out

The above exception was the direct cause of the following exception:

Traceback (most recent call last):
  File "C:\Users\owner\Desktop\projects\bots\vass\venv\Lib\site-packages\urllib3\connectionpool.py", line 789, in urlopen
    response = self._make_request(
               ^^^^^^^^^^^^^^^^^^^
  File "C:\Users\owner\Desktop\projects\bots\vass\venv\Lib\site-packages\urllib3\connectionpool.py", line 495, in _make_request
    conn.request(
  File "C:\Users\owner\Desktop\projects\bots\vass\venv\Lib\site-packages\urllib3\connection.py", line 441, in request
    self.endheaders()
  File "C:\Program Files\WindowsApps\PythonSoftwareFoundation.Python.3.11_3.11.2544.0_x64__qbz5n2kfra8p0\Lib\http\client.py", line 1298, in endheaders
    self._send_output(message_body, encode_chunked=encode_chunked)
  File "C:\Program Files\WindowsApps\PythonSoftwareFoundation.Python.3.11_3.11.2544.0_x64__qbz5n2kfra8p0\Lib\http\client.py", line 1058, in _send_output
    self.send(msg)
  File "C:\Program Files\WindowsApps\PythonSoftwareFoundation.Python.3.11_3.11.2544.0_x64__qbz5n2kfra8p0\Lib\http\client.py", line 996, in send
    self.connect()
  File "C:\Users\owner\Desktop\projects\bots\vass\venv\Lib\site-packages\urllib3\connection.py", line 279, in connect
    self.sock = self._new_conn()
                ^^^^^^^^^^^^^^^^
  File "C:\Users\owner\Desktop\projects\bots\vass\venv\Lib\site-packages\urllib3\contrib\socks.py", line 134, in _new_conn
    raise ConnectTimeoutError(
urllib3.exceptions.ConnectTimeoutError: (<urllib3.contrib.socks.SOCKSConnection object at 0x0000018C3A32C090>, 'Connection to ip-api.com timed out. (connect timeout=5)')

The above exception was the direct cause of the following exception:

Traceback (most recent call last):
  File "C:\Users\owner\Desktop\projects\bots\vass\venv\Lib\site-packages\requests\adapters.py", line 667, in send
    resp = conn.urlopen(
           ^^^^^^^^^^^^^
  File "C:\Users\owner\Desktop\projects\bots\vass\venv\Lib\site-packages\urllib3\connectionpool.py", line 843, in urlopen
    retries = retries.increment(
              ^^^^^^^^^^^^^^^^^^
  File "C:\Users\owner\Desktop\projects\bots\vass\venv\Lib\site-packages\urllib3\util\retry.py", line 519, in increment
    raise MaxRetryError(_pool, url, reason) from reason  # type: ignore[arg-type]
    ^^^^^^^^^^^^^^^^^^^^^^^^^^^^^^^^^^^^^^^^^^^^^^^^^^^
urllib3.exceptions.MaxRetryError: SOCKSHTTPConnectionPool(host='ip-api.com', port=80): Max retries exceeded with url: /json (Caused by ConnectTimeoutError(<urllib3.contrib.socks.SOCKSConnection object at 0x0000018C3A32C090>, 'Connection to ip-api.com timed out. (connect timeout=5)'))

During handling of the above exception, another exception occurred:

Traceback (most recent call last):
  File "C:\Users\owner\Desktop\projects\bots\vass\utils\scrapper.py", line 502, in check_proxy
    response = requests.get(
               ^^^^^^^^^^^^^
  File "C:\Users\owner\Desktop\projects\bots\vass\venv\Lib\site-packages\requests\api.py", line 73, in get
    return request("get", url, params=params, **kwargs)
           ^^^^^^^^^^^^^^^^^^^^^^^^^^^^^^^^^^^^^^^^^^^^
  File "C:\Users\owner\Desktop\projects\bots\vass\venv\Lib\site-packages\requests\api.py", line 59, in request
    return session.request(method=method, url=url, **kwargs)
           ^^^^^^^^^^^^^^^^^^^^^^^^^^^^^^^^^^^^^^^^^^^^^^^^^
  File "C:\Users\owner\Desktop\projects\bots\vass\venv\Lib\site-packages\requests\sessions.py", line 589, in request
    resp = self.send(prep, **send_kwargs)
           ^^^^^^^^^^^^^^^^^^^^^^^^^^^^^^
  File "C:\Users\owner\Desktop\projects\bots\vass\venv\Lib\site-packages\requests\sessions.py", line 703, in send
    r = adapter.send(request, **kwargs)
        ^^^^^^^^^^^^^^^^^^^^^^^^^^^^^^^
  File "C:\Users\owner\Desktop\projects\bots\vass\venv\Lib\site-packages\requests\adapters.py", line 688, in send
    raise ConnectTimeout(e, request=request)
requests.exceptions.ConnectTimeout: SOCKSHTTPConnectionPool(host='ip-api.com', port=80): Max retries exceeded with url: /json (Caused by ConnectTimeoutError(<urllib3.contrib.socks.SOCKSConnection object at 0x0000018C3A32C090>, 'Connection to ip-api.com timed out. (connect timeout=5)'))

15:33:28.96 | SUCCESS | 0.1 Task | Cleaning & Processing & Preping Request Data | Proxy: 212.83.143.118:43181
15:33:28.96 | SUCCESS | 0.0 Process | Initiating Scrapper Class On Selenium
15:33:28.96 | SUCCESS | 1.0 Process | Starting Driver
15:33:34.16 | SUCCESS | 1.1 Attempt 1 to load the page.
15:34:36.10 | SUCCESS | 1.2 Page loaded successfully.
15:34:37.19 | SUCCESS | Activating useCase Bersani
15:35:00.37 | ERROR | Element Activity | Description: Checking to see if there is any app dialog error | Error: Traceback (most recent call last):
  File "C:\Users\owner\Desktop\projects\bots\vass\utils\scrapper.py", line 105, in _check_element
    return custom_wait.until(
           ^^^^^^^^^^^^^^^^^^
  File "C:\Users\owner\Desktop\projects\bots\vass\venv\Lib\site-packages\selenium\webdriver\support\wait.py", line 105, in until
    raise TimeoutException(message, screen, stacktrace)
selenium.common.exceptions.TimeoutException: Message: 
Stacktrace:
	GetHandleVerifier [0x00007FF716E538A5+3004357]
	(No symbol) [0x00007FF716AE9970]
	(No symbol) [0x00007FF71699582A]
	(No symbol) [0x00007FF7169E5B8E]
	(No symbol) [0x00007FF7169E5E7C]
	(No symbol) [0x00007FF716A2EC27]
	(No symbol) [0x00007FF716A0BC1F]
	(No symbol) [0x00007FF716A2BA4C]
	(No symbol) [0x00007FF716A0B983]
	(No symbol) [0x00007FF7169D7628]
	(No symbol) [0x00007FF7169D8791]
	GetHandleVerifier [0x00007FF716E7A00D+3161901]
	GetHandleVerifier [0x00007FF716ECE060+3506048]
	GetHandleVerifier [0x00007FF716EC400D+3465005]
	GetHandleVerifier [0x00007FF716C40EEB+830987]
	(No symbol) [0x00007FF716AF467F]
	(No symbol) [0x00007FF716AF09D4]
	(No symbol) [0x00007FF716AF0B6D]
	(No symbol) [0x00007FF716AE0149]
	BaseThreadInitThunk [0x00007FFE6270259D+29]
	RtlUserThreadStart [0x00007FFE64A2AF38+40]


15:38:13.41 | SUCCESS | 0.1 Task | Cleaning & Processing & Preping Request Data | Proxy: 212.83.143.118:43181
15:38:13.42 | SUCCESS | 0.0 Process | Initiating Scrapper Class On Selenium
15:38:13.42 | SUCCESS | 1.0 Process | Starting Driver
15:38:16.68 | SUCCESS | 1.1 Attempt 1 to load the page.
15:38:44.07 | SUCCESS | 1.2 Page loaded successfully.
15:38:44.74 | SUCCESS | Activating useCase Bersani
15:39:02.42 | INFO | reCAPTCHA info found: {'callback': "___grecaptcha_cfg.clients['0']['A']['A']['callback']", 'function': {}, 'id': '0', 'sitekey': '6LcTvwsaAAAAACrX9g0kYHzox2v3VG8E4E9omeYm', 'version': 'V2'}
15:39:46.42 | SUCCESS | Solved captcha: 03AFcWeA4kd3R0dZNxCRJTP-bVKM4vGy2Q8kjL3OPfQ_4fGn7J6YehOrR3hJPbL3hrcgJG5IgmOTqymM7NrILGeb7P2H9MJNGgPZImVrWMAOAHhsfCdTFdmXy_YU0mq9nqd5evd93Vig4raGcQORTsN-wZCq1yXCTLTqXkMKijWJnCxdVuuL3bxQNGq97PZe4mpQgq62OwEcFCx7h4jypNklEhE6K49-3SzY9zyNznGK7coIy7hfW0uJBKn1wvJEkUVUXl2qrPejmNSJIQhmspC_cg4H87dEd7bbC8M7W5zg77cVZGT_SFh0rdQriQm-ytIJpmYqgoq2SO303PK3oHJDX8xPhkljjfJn4YcRSQdXcOKYYfmJr6cdcGjKO8pIhlzTcYHonxWdqPSBQ50EKZr7B0toQJGGt0tLMO45_nYK0UPXKlX-PRnoOk9WTp2dutuxl7Kd-7gzroXaHLIFs691v07SnXsB-qLwwOb1aZP1evUF4LV1QOHy3OLNl5NCyfgVy2rzFEzVYGkX3qfs9mUVUJfmrEFt1esBIHH-SnNcZeg7GLv2UlUpmc8u8cV_eRPMkaNdEwa73IerkWdh4qDGi7_H_PudqY_W0237zla8Lek2MkG6zw4ghs3rOqldeZezXYB-nEALV31e6L18f5Y0ZgXXcOZkiEHRe2HUnGuqr4G-Qr6dpRKCWIVNEumQDpKyMaH1bZT_F0LCFDAmvpa_W2X_3h_G6oxtjOkjRYu1Pc3Oybld7kDKVKxtVzC-YEOXwSmxkKV52WsDd66LCoXibxMzY7lc7qZQmiSf4u8MXyvm04l_8eKgcYZ9cwaOTCE0vn5YVcZQnCWwinQYUcbBwygvDZCYkYLiIQjeyhhfCbOg0SMkjOttxAKbA9hTQVeWoT8f8_h_kPnSHigyiPDuYBv30kYKr3-4cmTEosRk8kKIZhiw3yQj7PmeyDPAR0wqrI4BTPgEdm
14:09:00.12 | SUCCESS | 0.1 Task | Cleaning & Processing & Preping Request Data | Proxy: None
14:09:00.13 | SUCCESS | 0.0 Process | Initiating Scrapper Class On Selenium
14:09:00.13 | SUCCESS | 1.0 Process | Starting Driver
14:11:31.64 | SUCCESS | 0.1 Task | Cleaning & Processing & Preping Request Data | Proxy: None
14:11:31.64 | SUCCESS | 0.0 Process | Initiating Scrapper Class On Selenium
14:11:31.65 | SUCCESS | 1.0 Process | Starting Driver
14:11:34.74 | SUCCESS | 1.1 Attempt 1 to load the page.
14:12:39.03 | SUCCESS | 1.2 Page loaded successfully.
14:12:41.67 | SUCCESS | Activating useCase Bersani
14:12:58.91 | ERROR | Element Activity | Description: iFrame of Captcha | Error: Traceback (most recent call last):
  File "C:\Users\owner\Desktop\projects\bots\vass\utils\scrapper.py", line 107, in _check_element
    return custom_wait.until(
           ^^^^^^^^^^^^^^^^^^
  File "C:\Users\owner\Desktop\projects\bots\vass\venv\Lib\site-packages\selenium\webdriver\support\wait.py", line 105, in until
    raise TimeoutException(message, screen, stacktrace)
selenium.common.exceptions.TimeoutException: Message: 
Stacktrace:
	GetHandleVerifier [0x00007FF7F95F38A5+3004357]
	(No symbol) [0x00007FF7F9289970]
	(No symbol) [0x00007FF7F913582A]
	(No symbol) [0x00007FF7F9185B8E]
	(No symbol) [0x00007FF7F9185E7C]
	(No symbol) [0x00007FF7F91CEC27]
	(No symbol) [0x00007FF7F91ABC1F]
	(No symbol) [0x00007FF7F91CBA4C]
	(No symbol) [0x00007FF7F91AB983]
	(No symbol) [0x00007FF7F9177628]
	(No symbol) [0x00007FF7F9178791]
	GetHandleVerifier [0x00007FF7F961A00D+3161901]
	GetHandleVerifier [0x00007FF7F966E060+3506048]
	GetHandleVerifier [0x00007FF7F966400D+3465005]
	GetHandleVerifier [0x00007FF7F93E0EEB+830987]
	(No symbol) [0x00007FF7F929467F]
	(No symbol) [0x00007FF7F92909D4]
	(No symbol) [0x00007FF7F9290B6D]
	(No symbol) [0x00007FF7F9280149]
	BaseThreadInitThunk [0x00007FFB269B259D+29]
	RtlUserThreadStart [0x00007FFB283CAF38+40]


14:12:58.94 | ERROR | Captcha Activity | Description: Solving Recaptcha [iFRAME] | Error: Traceback (most recent call last):
  File "C:\Users\owner\Desktop\projects\bots\vass\utils\scrapper.py", line 450, in solve_captcha
    self.driver.switch_to.frame(recaptcha_frame)
  File "C:\Users\owner\Desktop\projects\bots\vass\venv\Lib\site-packages\selenium\webdriver\remote\switch_to.py", line 95, in frame
    self._driver.execute(Command.SWITCH_TO_FRAME, {"id": frame_reference})
  File "C:\Users\owner\Desktop\projects\bots\vass\venv\Lib\site-packages\selenium\webdriver\remote\webdriver.py", line 380, in execute
    self.error_handler.check_response(response)
  File "C:\Users\owner\Desktop\projects\bots\vass\venv\Lib\site-packages\selenium\webdriver\remote\errorhandler.py", line 229, in check_response
    raise exception_class(message, screen, stacktrace)
selenium.common.exceptions.InvalidArgumentException: Message: invalid argument: invalid 'id'
  (Session info: chrome=130.0.6723.119)
Stacktrace:
	GetHandleVerifier [0x00007FF7F95F38A5+3004357]
	(No symbol) [0x00007FF7F9289970]
	(No symbol) [0x00007FF7F913582A]
	(No symbol) [0x00007FF7F91CDEDA]
	(No symbol) [0x00007FF7F91ABBDA]
	(No symbol) [0x00007FF7F91CBA4C]
	(No symbol) [0x00007FF7F91AB983]
	(No symbol) [0x00007FF7F9177628]
	(No symbol) [0x00007FF7F9178791]
	GetHandleVerifier [0x00007FF7F961A00D+3161901]
	GetHandleVerifier [0x00007FF7F966E060+3506048]
	GetHandleVerifier [0x00007FF7F966400D+3465005]
	GetHandleVerifier [0x00007FF7F93E0EEB+830987]
	(No symbol) [0x00007FF7F929467F]
	(No symbol) [0x00007FF7F92909D4]
	(No symbol) [0x00007FF7F9290B6D]
	(No symbol) [0x00007FF7F9280149]
	BaseThreadInitThunk [0x00007FFB269B259D+29]
	RtlUserThreadStart [0x00007FFB283CAF38+40]


14:12:58.95 | INFO | Reloading captcha frame... (Attempt 1/5)
14:15:24.75 | SUCCESS | 0.1 Task | Cleaning & Processing & Preping Request Data | Proxy: None
14:15:24.75 | SUCCESS | 0.0 Process | Initiating Scrapper Class On Selenium
14:15:24.75 | SUCCESS | 1.0 Process | Starting Driver
14:15:27.86 | SUCCESS | 1.1 Attempt 1 to load the page.
14:16:12.58 | SUCCESS | 1.2 Page loaded successfully.
14:16:14.59 | ERROR | Element Activity | Description: Consent/Acconsento [Button] | Error: Traceback (most recent call last):
  File "C:\Users\owner\Desktop\projects\bots\vass\utils\scrapper.py", line 107, in _check_element
    return custom_wait.until(
           ^^^^^^^^^^^^^^^^^^
  File "C:\Users\owner\Desktop\projects\bots\vass\venv\Lib\site-packages\selenium\webdriver\support\wait.py", line 96, in until
    value = method(self._driver)
            ^^^^^^^^^^^^^^^^^^^^
  File "C:\Users\owner\Desktop\projects\bots\vass\venv\Lib\site-packages\selenium\webdriver\support\expected_conditions.py", line 84, in _predicate
    return driver.find_element(*locator)
           ^^^^^^^^^^^^^^^^^^^^^^^^^^^^^
  File "C:\Users\owner\Desktop\projects\bots\vass\venv\Lib\site-packages\selenium\webdriver\remote\webdriver.py", line 766, in find_element
    return self.execute(Command.FIND_ELEMENT, {"using": by, "value": value})["value"]
           ^^^^^^^^^^^^^^^^^^^^^^^^^^^^^^^^^^^^^^^^^^^^^^^^^^^^^^^^^^^^^^^^^
  File "C:\Users\owner\Desktop\projects\bots\vass\venv\Lib\site-packages\selenium\webdriver\remote\webdriver.py", line 380, in execute
    self.error_handler.check_response(response)
  File "C:\Users\owner\Desktop\projects\bots\vass\venv\Lib\site-packages\selenium\webdriver\remote\errorhandler.py", line 229, in check_response
    raise exception_class(message, screen, stacktrace)
selenium.common.exceptions.WebDriverException: Message: disconnected: Unable to receive message from renderer
  (failed to check if window was closed: disconnected: not connected to DevTools)
  (Session info: chrome=130.0.6723.119)
Stacktrace:
	GetHandleVerifier [0x00007FF7F95F38A5+3004357]
	(No symbol) [0x00007FF7F9289970]
	(No symbol) [0x00007FF7F913582A]
	(No symbol) [0x00007FF7F9123C07]
	(No symbol) [0x00007FF7F912390A]
	(No symbol) [0x00007FF7F912153E]
	(No symbol) [0x00007FF7F9121FEF]
	(No symbol) [0x00007FF7F9139E21]
	(No symbol) [0x00007FF7F913A90A]
	(No symbol) [0x00007FF7F913E637]
	(No symbol) [0x00007FF7F913E6F0]
	(No symbol) [0x00007FF7F918563A]
	(No symbol) [0x00007FF7F9185E7C]
	(No symbol) [0x00007FF7F91CEC27]
	(No symbol) [0x00007FF7F91ABC1F]
	(No symbol) [0x00007FF7F91CBA4C]
	(No symbol) [0x00007FF7F91AB983]
	(No symbol) [0x00007FF7F9177628]
	(No symbol) [0x00007FF7F9178791]
	GetHandleVerifier [0x00007FF7F961A00D+3161901]
	GetHandleVerifier [0x00007FF7F966E060+3506048]
	GetHandleVerifier [0x00007FF7F966400D+3465005]
	GetHandleVerifier [0x00007FF7F93E0EEB+830987]
	(No symbol) [0x00007FF7F929467F]
	(No symbol) [0x00007FF7F92909D4]
	(No symbol) [0x00007FF7F9290B6D]
	(No symbol) [0x00007FF7F9280149]
	BaseThreadInitThunk [0x00007FFB269B259D+29]
	RtlUserThreadStart [0x00007FFB283CAF38+40]


14:16:14.69 | ERROR | Button Activity | Description: Consent/Acconsento [Button] | Error: Traceback (most recent call last):
  File "C:\Users\owner\Desktop\projects\bots\vass\utils\scrapper.py", line 123, in _click_button
    self.driver.execute_script(
  File "C:\Users\owner\Desktop\projects\bots\vass\venv\Lib\site-packages\selenium\webdriver\remote\webdriver.py", line 440, in execute_script
    return self.execute(command, {"script": script, "args": converted_args})["value"]
           ^^^^^^^^^^^^^^^^^^^^^^^^^^^^^^^^^^^^^^^^^^^^^^^^^^^^^^^^^^^^^^^^^
  File "C:\Users\owner\Desktop\projects\bots\vass\venv\Lib\site-packages\selenium\webdriver\remote\webdriver.py", line 380, in execute
    self.error_handler.check_response(response)
  File "C:\Users\owner\Desktop\projects\bots\vass\venv\Lib\site-packages\selenium\webdriver\remote\errorhandler.py", line 229, in check_response
    raise exception_class(message, screen, stacktrace)
selenium.common.exceptions.WebDriverException: Message: disconnected: not connected to DevTools
  (failed to check if window was closed: disconnected: not connected to DevTools)
  (Session info: chrome=130.0.6723.119)
Stacktrace:
	GetHandleVerifier [0x00007FF7F95F38A5+3004357]
	(No symbol) [0x00007FF7F9289970]
	(No symbol) [0x00007FF7F913582A]
	(No symbol) [0x00007FF7F91225DC]
	(No symbol) [0x00007FF7F91224A0]
	(No symbol) [0x00007FF7F91381A1]
	(No symbol) [0x00007FF7F91CB379]
	(No symbol) [0x00007FF7F91AB983]
	(No symbol) [0x00007FF7F9177628]
	(No symbol) [0x00007FF7F9178791]
	GetHandleVerifier [0x00007FF7F961A00D+3161901]
	GetHandleVerifier [0x00007FF7F966E060+3506048]
	GetHandleVerifier [0x00007FF7F966400D+3465005]
	GetHandleVerifier [0x00007FF7F93E0EEB+830987]
	(No symbol) [0x00007FF7F929467F]
	(No symbol) [0x00007FF7F92909D4]
	(No symbol) [0x00007FF7F9290B6D]
	(No symbol) [0x00007FF7F9280149]
	BaseThreadInitThunk [0x00007FFB269B259D+29]
	RtlUserThreadStart [0x00007FFB283CAF38+40]


14:16:14.73 | ERROR | Element Activity | Description: Select Vehicle Icon/AUTOVETTURA [IconButton] | Error: Traceback (most recent call last):
  File "C:\Users\owner\Desktop\projects\bots\vass\utils\scrapper.py", line 107, in _check_element
    return custom_wait.until(
           ^^^^^^^^^^^^^^^^^^
  File "C:\Users\owner\Desktop\projects\bots\vass\venv\Lib\site-packages\selenium\webdriver\support\wait.py", line 96, in until
    value = method(self._driver)
            ^^^^^^^^^^^^^^^^^^^^
  File "C:\Users\owner\Desktop\projects\bots\vass\venv\Lib\site-packages\selenium\webdriver\support\expected_conditions.py", line 84, in _predicate
    return driver.find_element(*locator)
           ^^^^^^^^^^^^^^^^^^^^^^^^^^^^^
  File "C:\Users\owner\Desktop\projects\bots\vass\venv\Lib\site-packages\selenium\webdriver\remote\webdriver.py", line 766, in find_element
    return self.execute(Command.FIND_ELEMENT, {"using": by, "value": value})["value"]
           ^^^^^^^^^^^^^^^^^^^^^^^^^^^^^^^^^^^^^^^^^^^^^^^^^^^^^^^^^^^^^^^^^
  File "C:\Users\owner\Desktop\projects\bots\vass\venv\Lib\site-packages\selenium\webdriver\remote\webdriver.py", line 380, in execute
    self.error_handler.check_response(response)
  File "C:\Users\owner\Desktop\projects\bots\vass\venv\Lib\site-packages\selenium\webdriver\remote\errorhandler.py", line 229, in check_response
    raise exception_class(message, screen, stacktrace)
selenium.common.exceptions.WebDriverException: Message: disconnected: not connected to DevTools
  (failed to check if window was closed: disconnected: not connected to DevTools)
  (Session info: chrome=130.0.6723.119)
Stacktrace:
	GetHandleVerifier [0x00007FF7F95F38A5+3004357]
	(No symbol) [0x00007FF7F9289970]
	(No symbol) [0x00007FF7F913582A]
	(No symbol) [0x00007FF7F91225DC]
	(No symbol) [0x00007FF7F91224A0]
	(No symbol) [0x00007FF7F91381A1]
	(No symbol) [0x00007FF7F91CB379]
	(No symbol) [0x00007FF7F91AB983]
	(No symbol) [0x00007FF7F9177628]
	(No symbol) [0x00007FF7F9178791]
	GetHandleVerifier [0x00007FF7F961A00D+3161901]
	GetHandleVerifier [0x00007FF7F966E060+3506048]
	GetHandleVerifier [0x00007FF7F966400D+3465005]
	GetHandleVerifier [0x00007FF7F93E0EEB+830987]
	(No symbol) [0x00007FF7F929467F]
	(No symbol) [0x00007FF7F92909D4]
	(No symbol) [0x00007FF7F9290B6D]
	(No symbol) [0x00007FF7F9280149]
	BaseThreadInitThunk [0x00007FFB269B259D+29]
	RtlUserThreadStart [0x00007FFB283CAF38+40]


14:16:14.79 | ERROR | Button Activity | Description: Select Vehicle Icon/AUTOVETTURA [IconButton] | Error: Traceback (most recent call last):
  File "C:\Users\owner\Desktop\projects\bots\vass\utils\scrapper.py", line 123, in _click_button
    self.driver.execute_script(
  File "C:\Users\owner\Desktop\projects\bots\vass\venv\Lib\site-packages\selenium\webdriver\remote\webdriver.py", line 440, in execute_script
    return self.execute(command, {"script": script, "args": converted_args})["value"]
           ^^^^^^^^^^^^^^^^^^^^^^^^^^^^^^^^^^^^^^^^^^^^^^^^^^^^^^^^^^^^^^^^^
  File "C:\Users\owner\Desktop\projects\bots\vass\venv\Lib\site-packages\selenium\webdriver\remote\webdriver.py", line 380, in execute
    self.error_handler.check_response(response)
  File "C:\Users\owner\Desktop\projects\bots\vass\venv\Lib\site-packages\selenium\webdriver\remote\errorhandler.py", line 229, in check_response
    raise exception_class(message, screen, stacktrace)
selenium.common.exceptions.WebDriverException: Message: disconnected: not connected to DevTools
  (failed to check if window was closed: disconnected: not connected to DevTools)
  (Session info: chrome=130.0.6723.119)
Stacktrace:
	GetHandleVerifier [0x00007FF7F95F38A5+3004357]
	(No symbol) [0x00007FF7F9289970]
	(No symbol) [0x00007FF7F913582A]
	(No symbol) [0x00007FF7F91225DC]
	(No symbol) [0x00007FF7F91224A0]
	(No symbol) [0x00007FF7F91381A1]
	(No symbol) [0x00007FF7F91CB379]
	(No symbol) [0x00007FF7F91AB983]
	(No symbol) [0x00007FF7F9177628]
	(No symbol) [0x00007FF7F9178791]
	GetHandleVerifier [0x00007FF7F961A00D+3161901]
	GetHandleVerifier [0x00007FF7F966E060+3506048]
	GetHandleVerifier [0x00007FF7F966400D+3465005]
	GetHandleVerifier [0x00007FF7F93E0EEB+830987]
	(No symbol) [0x00007FF7F929467F]
	(No symbol) [0x00007FF7F92909D4]
	(No symbol) [0x00007FF7F9290B6D]
	(No symbol) [0x00007FF7F9280149]
	BaseThreadInitThunk [0x00007FFB269B259D+29]
	RtlUserThreadStart [0x00007FFB283CAF38+40]


14:16:14.81 | SUCCESS | Activating useCase Bersani
14:16:14.87 | ERROR | Element Activity | Description: New Policy/Nuova Polizza [BUTTON]  | Error: Traceback (most recent call last):
  File "C:\Users\owner\Desktop\projects\bots\vass\utils\scrapper.py", line 107, in _check_element
    return custom_wait.until(
           ^^^^^^^^^^^^^^^^^^
  File "C:\Users\owner\Desktop\projects\bots\vass\venv\Lib\site-packages\selenium\webdriver\support\wait.py", line 96, in until
    value = method(self._driver)
            ^^^^^^^^^^^^^^^^^^^^
  File "C:\Users\owner\Desktop\projects\bots\vass\venv\Lib\site-packages\selenium\webdriver\support\expected_conditions.py", line 84, in _predicate
    return driver.find_element(*locator)
           ^^^^^^^^^^^^^^^^^^^^^^^^^^^^^
  File "C:\Users\owner\Desktop\projects\bots\vass\venv\Lib\site-packages\selenium\webdriver\remote\webdriver.py", line 766, in find_element
    return self.execute(Command.FIND_ELEMENT, {"using": by, "value": value})["value"]
           ^^^^^^^^^^^^^^^^^^^^^^^^^^^^^^^^^^^^^^^^^^^^^^^^^^^^^^^^^^^^^^^^^
  File "C:\Users\owner\Desktop\projects\bots\vass\venv\Lib\site-packages\selenium\webdriver\remote\webdriver.py", line 380, in execute
    self.error_handler.check_response(response)
  File "C:\Users\owner\Desktop\projects\bots\vass\venv\Lib\site-packages\selenium\webdriver\remote\errorhandler.py", line 229, in check_response
    raise exception_class(message, screen, stacktrace)
selenium.common.exceptions.WebDriverException: Message: disconnected: not connected to DevTools
  (failed to check if window was closed: disconnected: not connected to DevTools)
  (Session info: chrome=130.0.6723.119)
Stacktrace:
	GetHandleVerifier [0x00007FF7F95F38A5+3004357]
	(No symbol) [0x00007FF7F9289970]
	(No symbol) [0x00007FF7F913582A]
	(No symbol) [0x00007FF7F91225DC]
	(No symbol) [0x00007FF7F91224A0]
	(No symbol) [0x00007FF7F91381A1]
	(No symbol) [0x00007FF7F91CB379]
	(No symbol) [0x00007FF7F91AB983]
	(No symbol) [0x00007FF7F9177628]
	(No symbol) [0x00007FF7F9178791]
	GetHandleVerifier [0x00007FF7F961A00D+3161901]
	GetHandleVerifier [0x00007FF7F966E060+3506048]
	GetHandleVerifier [0x00007FF7F966400D+3465005]
	GetHandleVerifier [0x00007FF7F93E0EEB+830987]
	(No symbol) [0x00007FF7F929467F]
	(No symbol) [0x00007FF7F92909D4]
	(No symbol) [0x00007FF7F9290B6D]
	(No symbol) [0x00007FF7F9280149]
	BaseThreadInitThunk [0x00007FFB269B259D+29]
	RtlUserThreadStart [0x00007FFB283CAF38+40]


14:16:14.93 | ERROR | Button Activity | Description: New Policy/Nuova Polizza [BUTTON]  | Error: Traceback (most recent call last):
  File "C:\Users\owner\Desktop\projects\bots\vass\utils\scrapper.py", line 123, in _click_button
    self.driver.execute_script(
  File "C:\Users\owner\Desktop\projects\bots\vass\venv\Lib\site-packages\selenium\webdriver\remote\webdriver.py", line 440, in execute_script
    return self.execute(command, {"script": script, "args": converted_args})["value"]
           ^^^^^^^^^^^^^^^^^^^^^^^^^^^^^^^^^^^^^^^^^^^^^^^^^^^^^^^^^^^^^^^^^
  File "C:\Users\owner\Desktop\projects\bots\vass\venv\Lib\site-packages\selenium\webdriver\remote\webdriver.py", line 380, in execute
    self.error_handler.check_response(response)
  File "C:\Users\owner\Desktop\projects\bots\vass\venv\Lib\site-packages\selenium\webdriver\remote\errorhandler.py", line 229, in check_response
    raise exception_class(message, screen, stacktrace)
selenium.common.exceptions.WebDriverException: Message: disconnected: not connected to DevTools
  (failed to check if window was closed: disconnected: not connected to DevTools)
  (Session info: chrome=130.0.6723.119)
Stacktrace:
	GetHandleVerifier [0x00007FF7F95F38A5+3004357]
	(No symbol) [0x00007FF7F9289970]
	(No symbol) [0x00007FF7F913582A]
	(No symbol) [0x00007FF7F91225DC]
	(No symbol) [0x00007FF7F91224A0]
	(No symbol) [0x00007FF7F91381A1]
	(No symbol) [0x00007FF7F91CB379]
	(No symbol) [0x00007FF7F91AB983]
	(No symbol) [0x00007FF7F9177628]
	(No symbol) [0x00007FF7F9178791]
	GetHandleVerifier [0x00007FF7F961A00D+3161901]
	GetHandleVerifier [0x00007FF7F966E060+3506048]
	GetHandleVerifier [0x00007FF7F966400D+3465005]
	GetHandleVerifier [0x00007FF7F93E0EEB+830987]
	(No symbol) [0x00007FF7F929467F]
	(No symbol) [0x00007FF7F92909D4]
	(No symbol) [0x00007FF7F9290B6D]
	(No symbol) [0x00007FF7F9280149]
	BaseThreadInitThunk [0x00007FFB269B259D+29]
	RtlUserThreadStart [0x00007FFB283CAF38+40]


14:16:15.03 | ERROR | Element Activity | Description: Enter the year in which you obtained your driving license/Inserisci anno di conseguimento della patente [INPUT] | Error: Traceback (most recent call last):
  File "C:\Users\owner\Desktop\projects\bots\vass\utils\scrapper.py", line 107, in _check_element
    return custom_wait.until(
           ^^^^^^^^^^^^^^^^^^
  File "C:\Users\owner\Desktop\projects\bots\vass\venv\Lib\site-packages\selenium\webdriver\support\wait.py", line 96, in until
    value = method(self._driver)
            ^^^^^^^^^^^^^^^^^^^^
  File "C:\Users\owner\Desktop\projects\bots\vass\venv\Lib\site-packages\selenium\webdriver\support\expected_conditions.py", line 84, in _predicate
    return driver.find_element(*locator)
           ^^^^^^^^^^^^^^^^^^^^^^^^^^^^^
  File "C:\Users\owner\Desktop\projects\bots\vass\venv\Lib\site-packages\selenium\webdriver\remote\webdriver.py", line 766, in find_element
    return self.execute(Command.FIND_ELEMENT, {"using": by, "value": value})["value"]
           ^^^^^^^^^^^^^^^^^^^^^^^^^^^^^^^^^^^^^^^^^^^^^^^^^^^^^^^^^^^^^^^^^
  File "C:\Users\owner\Desktop\projects\bots\vass\venv\Lib\site-packages\selenium\webdriver\remote\webdriver.py", line 380, in execute
    self.error_handler.check_response(response)
  File "C:\Users\owner\Desktop\projects\bots\vass\venv\Lib\site-packages\selenium\webdriver\remote\errorhandler.py", line 229, in check_response
    raise exception_class(message, screen, stacktrace)
selenium.common.exceptions.WebDriverException: Message: disconnected: not connected to DevTools
  (failed to check if window was closed: disconnected: not connected to DevTools)
  (Session info: chrome=130.0.6723.119)
Stacktrace:
	GetHandleVerifier [0x00007FF7F95F38A5+3004357]
	(No symbol) [0x00007FF7F9289970]
	(No symbol) [0x00007FF7F913582A]
	(No symbol) [0x00007FF7F91225DC]
	(No symbol) [0x00007FF7F91224A0]
	(No symbol) [0x00007FF7F91381A1]
	(No symbol) [0x00007FF7F91CB379]
	(No symbol) [0x00007FF7F91AB983]
	(No symbol) [0x00007FF7F9177628]
	(No symbol) [0x00007FF7F9178791]
	GetHandleVerifier [0x00007FF7F961A00D+3161901]
	GetHandleVerifier [0x00007FF7F966E060+3506048]
	GetHandleVerifier [0x00007FF7F966400D+3465005]
	GetHandleVerifier [0x00007FF7F93E0EEB+830987]
	(No symbol) [0x00007FF7F929467F]
	(No symbol) [0x00007FF7F92909D4]
	(No symbol) [0x00007FF7F9290B6D]
	(No symbol) [0x00007FF7F9280149]
	BaseThreadInitThunk [0x00007FFB269B259D+29]
	RtlUserThreadStart [0x00007FFB283CAF38+40]


14:16:15.10 | ERROR | Input Activity | Description: Enter the year in which you obtained your driving license/Inserisci anno di conseguimento della patente [INPUT] | Error: Traceback (most recent call last):
  File "C:\Users\owner\Desktop\projects\bots\vass\utils\scrapper.py", line 144, in _enter_input_text
    self.driver.execute_script(
  File "C:\Users\owner\Desktop\projects\bots\vass\venv\Lib\site-packages\selenium\webdriver\remote\webdriver.py", line 440, in execute_script
    return self.execute(command, {"script": script, "args": converted_args})["value"]
           ^^^^^^^^^^^^^^^^^^^^^^^^^^^^^^^^^^^^^^^^^^^^^^^^^^^^^^^^^^^^^^^^^
  File "C:\Users\owner\Desktop\projects\bots\vass\venv\Lib\site-packages\selenium\webdriver\remote\webdriver.py", line 380, in execute
    self.error_handler.check_response(response)
  File "C:\Users\owner\Desktop\projects\bots\vass\venv\Lib\site-packages\selenium\webdriver\remote\errorhandler.py", line 229, in check_response
    raise exception_class(message, screen, stacktrace)
selenium.common.exceptions.WebDriverException: Message: disconnected: not connected to DevTools
  (failed to check if window was closed: disconnected: not connected to DevTools)
  (Session info: chrome=130.0.6723.119)
Stacktrace:
	GetHandleVerifier [0x00007FF7F95F38A5+3004357]
	(No symbol) [0x00007FF7F9289970]
	(No symbol) [0x00007FF7F913582A]
	(No symbol) [0x00007FF7F91225DC]
	(No symbol) [0x00007FF7F91224A0]
	(No symbol) [0x00007FF7F91381A1]
	(No symbol) [0x00007FF7F91CB379]
	(No symbol) [0x00007FF7F91AB983]
	(No symbol) [0x00007FF7F9177628]
	(No symbol) [0x00007FF7F9178791]
	GetHandleVerifier [0x00007FF7F961A00D+3161901]
	GetHandleVerifier [0x00007FF7F966E060+3506048]
	GetHandleVerifier [0x00007FF7F966400D+3465005]
	GetHandleVerifier [0x00007FF7F93E0EEB+830987]
	(No symbol) [0x00007FF7F929467F]
	(No symbol) [0x00007FF7F92909D4]
	(No symbol) [0x00007FF7F9290B6D]
	(No symbol) [0x00007FF7F9280149]
	BaseThreadInitThunk [0x00007FFB269B259D+29]
	RtlUserThreadStart [0x00007FFB283CAF38+40]


14:16:15.19 | ERROR | Element Activity | Description: I already have the license plate/Ho già la targa | Error: Traceback (most recent call last):
  File "C:\Users\owner\Desktop\projects\bots\vass\utils\scrapper.py", line 107, in _check_element
    return custom_wait.until(
           ^^^^^^^^^^^^^^^^^^
  File "C:\Users\owner\Desktop\projects\bots\vass\venv\Lib\site-packages\selenium\webdriver\support\wait.py", line 96, in until
    value = method(self._driver)
            ^^^^^^^^^^^^^^^^^^^^
  File "C:\Users\owner\Desktop\projects\bots\vass\venv\Lib\site-packages\selenium\webdriver\support\expected_conditions.py", line 84, in _predicate
    return driver.find_element(*locator)
           ^^^^^^^^^^^^^^^^^^^^^^^^^^^^^
  File "C:\Users\owner\Desktop\projects\bots\vass\venv\Lib\site-packages\selenium\webdriver\remote\webdriver.py", line 766, in find_element
    return self.execute(Command.FIND_ELEMENT, {"using": by, "value": value})["value"]
           ^^^^^^^^^^^^^^^^^^^^^^^^^^^^^^^^^^^^^^^^^^^^^^^^^^^^^^^^^^^^^^^^^
  File "C:\Users\owner\Desktop\projects\bots\vass\venv\Lib\site-packages\selenium\webdriver\remote\webdriver.py", line 380, in execute
    self.error_handler.check_response(response)
  File "C:\Users\owner\Desktop\projects\bots\vass\venv\Lib\site-packages\selenium\webdriver\remote\errorhandler.py", line 229, in check_response
    raise exception_class(message, screen, stacktrace)
selenium.common.exceptions.WebDriverException: Message: disconnected: not connected to DevTools
  (failed to check if window was closed: disconnected: not connected to DevTools)
  (Session info: chrome=130.0.6723.119)
Stacktrace:
	GetHandleVerifier [0x00007FF7F95F38A5+3004357]
	(No symbol) [0x00007FF7F9289970]
	(No symbol) [0x00007FF7F913582A]
	(No symbol) [0x00007FF7F91225DC]
	(No symbol) [0x00007FF7F91224A0]
	(No symbol) [0x00007FF7F91381A1]
	(No symbol) [0x00007FF7F91CB379]
	(No symbol) [0x00007FF7F91AB983]
	(No symbol) [0x00007FF7F9177628]
	(No symbol) [0x00007FF7F9178791]
	GetHandleVerifier [0x00007FF7F961A00D+3161901]
	GetHandleVerifier [0x00007FF7F966E060+3506048]
	GetHandleVerifier [0x00007FF7F966400D+3465005]
	GetHandleVerifier [0x00007FF7F93E0EEB+830987]
	(No symbol) [0x00007FF7F929467F]
	(No symbol) [0x00007FF7F92909D4]
	(No symbol) [0x00007FF7F9290B6D]
	(No symbol) [0x00007FF7F9280149]
	BaseThreadInitThunk [0x00007FFB269B259D+29]
	RtlUserThreadStart [0x00007FFB283CAF38+40]


14:16:15.28 | ERROR | Button Activity | Description: I already have the license plate/Ho già la targa | Error: Traceback (most recent call last):
  File "C:\Users\owner\Desktop\projects\bots\vass\utils\scrapper.py", line 123, in _click_button
    self.driver.execute_script(
  File "C:\Users\owner\Desktop\projects\bots\vass\venv\Lib\site-packages\selenium\webdriver\remote\webdriver.py", line 440, in execute_script
    return self.execute(command, {"script": script, "args": converted_args})["value"]
           ^^^^^^^^^^^^^^^^^^^^^^^^^^^^^^^^^^^^^^^^^^^^^^^^^^^^^^^^^^^^^^^^^
  File "C:\Users\owner\Desktop\projects\bots\vass\venv\Lib\site-packages\selenium\webdriver\remote\webdriver.py", line 380, in execute
    self.error_handler.check_response(response)
  File "C:\Users\owner\Desktop\projects\bots\vass\venv\Lib\site-packages\selenium\webdriver\remote\errorhandler.py", line 229, in check_response
    raise exception_class(message, screen, stacktrace)
selenium.common.exceptions.WebDriverException: Message: disconnected: not connected to DevTools
  (failed to check if window was closed: disconnected: not connected to DevTools)
  (Session info: chrome=130.0.6723.119)
Stacktrace:
	GetHandleVerifier [0x00007FF7F95F38A5+3004357]
	(No symbol) [0x00007FF7F9289970]
	(No symbol) [0x00007FF7F913582A]
	(No symbol) [0x00007FF7F91225DC]
	(No symbol) [0x00007FF7F91224A0]
	(No symbol) [0x00007FF7F91381A1]
	(No symbol) [0x00007FF7F91CB379]
	(No symbol) [0x00007FF7F91AB983]
	(No symbol) [0x00007FF7F9177628]
	(No symbol) [0x00007FF7F9178791]
	GetHandleVerifier [0x00007FF7F961A00D+3161901]
	GetHandleVerifier [0x00007FF7F966E060+3506048]
	GetHandleVerifier [0x00007FF7F966400D+3465005]
	GetHandleVerifier [0x00007FF7F93E0EEB+830987]
	(No symbol) [0x00007FF7F929467F]
	(No symbol) [0x00007FF7F92909D4]
	(No symbol) [0x00007FF7F9290B6D]
	(No symbol) [0x00007FF7F9280149]
	BaseThreadInitThunk [0x00007FFB269B259D+29]
	RtlUserThreadStart [0x00007FFB283CAF38+40]


15:10:22.11 | SUCCESS | 0.1 Task | Cleaning & Processing & Preping Request Data | Proxy: None
15:10:22.12 | SUCCESS | 0.0 Process | Initiating Scrapper Class On Selenium
15:10:22.12 | SUCCESS | 1.0 Process | Starting Driver
15:10:22.52 | ERROR | Proxy is in the wrong country
15:13:24.01 | SUCCESS | 0.1 Task | Cleaning & Processing & Preping Request Data | Proxy: 212.83.143.103:11564
15:13:24.01 | SUCCESS | 0.0 Process | Initiating Scrapper Class On Selenium
15:13:24.01 | SUCCESS | 1.0 Process | Starting Driver
15:13:29.97 | SUCCESS | 1.1 Attempt 1 to load the page.
15:13:53.45 | SUCCESS | 1.2 Page loaded successfully.
15:13:54.53 | SUCCESS | Activating useCase Bersani
15:14:16.01 | INFO | reCAPTCHA info found: {'callback': "___grecaptcha_cfg.clients['0']['A']['A']['callback']", 'function': {}, 'id': '0', 'sitekey': '6LcTvwsaAAAAACrX9g0kYHzox2v3VG8E4E9omeYm', 'version': 'V2'}
15:14:48.20 | SUCCESS | Solved captcha: 03AFcWeA52-T96uPBJ_zU0HlRPfGjJa1K-XFBwTE0M6UwdKHAR3oXhIZr0LBRGjgF-W9gMfUJGOvu9l-oDyxJASM_kQGS7UWU3Ge6RTAji3iJeq82BlA5d7ufFgayy4DDZZC_qm7Y2Ndql1PsfPxDgWfcBkHS9-9lV9sNJYvs4del97ICAksN22EAsin2u8NAUM5ImdxUAkrgVXSlDD0I1b8v9H_W8CLpxCDnNiAM7zMky14NcIS_MntzAAlfl4J0XfWC78F115KxOGPacBgRuS7kblkDKXUDDOfZI1xsUxuYBu39oWbgMXgnNsZjDVmJpsj9WI5CfMbictXejdibNz8AsVKn8JGi5jo1mbtRVDN6nNmhcl9YOHQfPc4hFqdjI_DYIm4drqUYZVO7t1VHjtX-IdTzpM7VNgpqxdVQvETMQSwQq3UAzm_-engZGteWH23b6pcJUPTKC1zN1UgBfiCHdrzCcvdFg1ilEy8rw0_XWMIVLJTGoVgImv92FP2hYEzMY3SgCd76gbmHLdtBGN7pL5x2VuKGfm-9cKaRCAas5qxHQnmwTHqHyNsSsHkZlMpoSKR0PlylVYu12FwkJCrFGq69TWCWi9VkimvXTVe-SlbH3yLce4dBhN6kvSdP3VRmeWOGxXlYxG0m5DJ1eBAoYjuwse6zRqd58E1f3tMGh0MH6kNoqJtD0JqP8OzztVBjK2wfrObnJWjs_0Y5lOcvCuGKxFV1Lr-KHg9UwHHxxxlmGUIH5XM0I08zEZ5K6TpBLTLX9g88lAHXtUXUu8YFbZfAADDeAqFK2JgzjnGiRFt4Eh-gWwe_odOtBZY6dtnN_4ExCIAQIL33JzTfPNSCIoIAkVQ0dCyK5nEl0uLO-R6SMwtHQffmpwOYqy_STABDt7A6X0s6-
15:14:58.69 | ERROR | Element Activity | Description: Risk certificate/Attestato di rischio [SELECT] | Error: Traceback (most recent call last):
  File "C:\Users\owner\Desktop\projects\bots\vass\utils\scrapper.py", line 107, in _check_element
    return custom_wait.until(
           ^^^^^^^^^^^^^^^^^^
  File "C:\Users\owner\Desktop\projects\bots\vass\venv\Lib\site-packages\selenium\webdriver\support\wait.py", line 105, in until
    raise TimeoutException(message, screen, stacktrace)
selenium.common.exceptions.TimeoutException: Message: 
Stacktrace:
	GetHandleVerifier [0x00007FF7037B38A5+3004357]
	(No symbol) [0x00007FF703449970]
	(No symbol) [0x00007FF7032F582A]
	(No symbol) [0x00007FF703345B8E]
	(No symbol) [0x00007FF703345E7C]
	(No symbol) [0x00007FF70338EC27]
	(No symbol) [0x00007FF70336BC1F]
	(No symbol) [0x00007FF70338BA4C]
	(No symbol) [0x00007FF70336B983]
	(No symbol) [0x00007FF703337628]
	(No symbol) [0x00007FF703338791]
	GetHandleVerifier [0x00007FF7037DA00D+3161901]
	GetHandleVerifier [0x00007FF70382E060+3506048]
	GetHandleVerifier [0x00007FF70382400D+3465005]
	GetHandleVerifier [0x00007FF7035A0EEB+830987]
	(No symbol) [0x00007FF70345467F]
	(No symbol) [0x00007FF7034509D4]
	(No symbol) [0x00007FF703450B6D]
	(No symbol) [0x00007FF703440149]
	BaseThreadInitThunk [0x00007FFB269B259D+29]
	RtlUserThreadStart [0x00007FFB283CAF38+40]


15:15:59.77 | ERROR | Element Activity | Description: Risk certificate/Attestato di rischio [SELECT] Dropdown Panel | Error: Traceback (most recent call last):
  File "C:\Users\owner\Desktop\projects\bots\vass\utils\scrapper.py", line 107, in _check_element
    return custom_wait.until(
           ^^^^^^^^^^^^^^^^^^
  File "C:\Users\owner\Desktop\projects\bots\vass\venv\Lib\site-packages\selenium\webdriver\support\wait.py", line 105, in until
    raise TimeoutException(message, screen, stacktrace)
selenium.common.exceptions.TimeoutException: Message: 
Stacktrace:
	GetHandleVerifier [0x00007FF7037B38A5+3004357]
	(No symbol) [0x00007FF703449970]
	(No symbol) [0x00007FF7032F582A]
	(No symbol) [0x00007FF703345B8E]
	(No symbol) [0x00007FF703345E7C]
	(No symbol) [0x00007FF70338EC27]
	(No symbol) [0x00007FF70336BC1F]
	(No symbol) [0x00007FF70338BA4C]
	(No symbol) [0x00007FF70336B983]
	(No symbol) [0x00007FF703337628]
	(No symbol) [0x00007FF703338791]
	GetHandleVerifier [0x00007FF7037DA00D+3161901]
	GetHandleVerifier [0x00007FF70382E060+3506048]
	GetHandleVerifier [0x00007FF70382400D+3465005]
	GetHandleVerifier [0x00007FF7035A0EEB+830987]
	(No symbol) [0x00007FF70345467F]
	(No symbol) [0x00007FF7034509D4]
	(No symbol) [0x00007FF703450B6D]
	(No symbol) [0x00007FF703440149]
	BaseThreadInitThunk [0x00007FFB269B259D+29]
	RtlUserThreadStart [0x00007FFB283CAF38+40]


15:16:01.88 | ERROR | Element Activity | Description: Reference plate/Targa di riferimento | Error: Traceback (most recent call last):
  File "C:\Users\owner\Desktop\projects\bots\vass\utils\scrapper.py", line 107, in _check_element
    return custom_wait.until(
           ^^^^^^^^^^^^^^^^^^
  File "C:\Users\owner\Desktop\projects\bots\vass\venv\Lib\site-packages\selenium\webdriver\support\wait.py", line 105, in until
    raise TimeoutException(message, screen, stacktrace)
selenium.common.exceptions.TimeoutException: Message: 
Stacktrace:
	GetHandleVerifier [0x00007FF7037B38A5+3004357]
	(No symbol) [0x00007FF703449970]
	(No symbol) [0x00007FF7032F582A]
	(No symbol) [0x00007FF703345B8E]
	(No symbol) [0x00007FF703345E7C]
	(No symbol) [0x00007FF70338EC27]
	(No symbol) [0x00007FF70336BC1F]
	(No symbol) [0x00007FF70338BA4C]
	(No symbol) [0x00007FF70336B983]
	(No symbol) [0x00007FF703337628]
	(No symbol) [0x00007FF703338791]
	GetHandleVerifier [0x00007FF7037DA00D+3161901]
	GetHandleVerifier [0x00007FF70382E060+3506048]
	GetHandleVerifier [0x00007FF70382400D+3465005]
	GetHandleVerifier [0x00007FF7035A0EEB+830987]
	(No symbol) [0x00007FF70345467F]
	(No symbol) [0x00007FF7034509D4]
	(No symbol) [0x00007FF703450B6D]
	(No symbol) [0x00007FF703440149]
	BaseThreadInitThunk [0x00007FFB269B259D+29]
	RtlUserThreadStart [0x00007FFB283CAF38+40]


15:16:01.90 | ERROR | Input Activity | Description: Reference plate/Targa di riferimento | Error: Traceback (most recent call last):
  File "C:\Users\owner\Desktop\projects\bots\vass\utils\scrapper.py", line 144, in _enter_input_text
    self.driver.execute_script(
  File "C:\Users\owner\Desktop\projects\bots\vass\venv\Lib\site-packages\selenium\webdriver\remote\webdriver.py", line 440, in execute_script
    return self.execute(command, {"script": script, "args": converted_args})["value"]
           ^^^^^^^^^^^^^^^^^^^^^^^^^^^^^^^^^^^^^^^^^^^^^^^^^^^^^^^^^^^^^^^^^
  File "C:\Users\owner\Desktop\projects\bots\vass\venv\Lib\site-packages\selenium\webdriver\remote\webdriver.py", line 380, in execute
    self.error_handler.check_response(response)
  File "C:\Users\owner\Desktop\projects\bots\vass\venv\Lib\site-packages\selenium\webdriver\remote\errorhandler.py", line 229, in check_response
    raise exception_class(message, screen, stacktrace)
selenium.common.exceptions.JavascriptException: Message: javascript error: element.scrollIntoView is not a function
  (Session info: chrome=130.0.6723.119)
Stacktrace:
	GetHandleVerifier [0x00007FF7037B38A5+3004357]
	(No symbol) [0x00007FF703449970]
	(No symbol) [0x00007FF7032F582A]
	(No symbol) [0x00007FF7032FC2E2]
	(No symbol) [0x00007FF7032FE94F]
	(No symbol) [0x00007FF70338CD20]
	(No symbol) [0x00007FF70336BBDA]
	(No symbol) [0x00007FF70338BA4C]
	(No symbol) [0x00007FF70336B983]
	(No symbol) [0x00007FF703337628]
	(No symbol) [0x00007FF703338791]
	GetHandleVerifier [0x00007FF7037DA00D+3161901]
	GetHandleVerifier [0x00007FF70382E060+3506048]
	GetHandleVerifier [0x00007FF70382400D+3465005]
	GetHandleVerifier [0x00007FF7035A0EEB+830987]
	(No symbol) [0x00007FF70345467F]
	(No symbol) [0x00007FF7034509D4]
	(No symbol) [0x00007FF703450B6D]
	(No symbol) [0x00007FF703440149]
	BaseThreadInitThunk [0x00007FFB269B259D+29]
	RtlUserThreadStart [0x00007FFB283CAF38+40]


15:16:10.68 | ERROR | Element Activity | Description: Additional Power Supply/Alimentazione aggiuntiva [SELECT] | Error: Traceback (most recent call last):
  File "C:\Users\owner\Desktop\projects\bots\vass\utils\scrapper.py", line 107, in _check_element
    return custom_wait.until(
           ^^^^^^^^^^^^^^^^^^
  File "C:\Users\owner\Desktop\projects\bots\vass\venv\Lib\site-packages\selenium\webdriver\support\wait.py", line 105, in until
    raise TimeoutException(message, screen, stacktrace)
selenium.common.exceptions.TimeoutException: Message: 
Stacktrace:
	GetHandleVerifier [0x00007FF7037B38A5+3004357]
	(No symbol) [0x00007FF703449970]
	(No symbol) [0x00007FF7032F582A]
	(No symbol) [0x00007FF703345B8E]
	(No symbol) [0x00007FF703345E7C]
	(No symbol) [0x00007FF70338EC27]
	(No symbol) [0x00007FF70336BC1F]
	(No symbol) [0x00007FF70338BA4C]
	(No symbol) [0x00007FF70336B983]
	(No symbol) [0x00007FF703337628]
	(No symbol) [0x00007FF703338791]
	GetHandleVerifier [0x00007FF7037DA00D+3161901]
	GetHandleVerifier [0x00007FF70382E060+3506048]
	GetHandleVerifier [0x00007FF70382400D+3465005]
	GetHandleVerifier [0x00007FF7035A0EEB+830987]
	(No symbol) [0x00007FF70345467F]
	(No symbol) [0x00007FF7034509D4]
	(No symbol) [0x00007FF703450B6D]
	(No symbol) [0x00007FF703440149]
	BaseThreadInitThunk [0x00007FFB269B259D+29]
	RtlUserThreadStart [0x00007FFB283CAF38+40]


15:17:11.59 | ERROR | Element Activity | Description: Additional Power Supply/Alimentazione aggiuntiva [SELECT] Dropdown Panel | Error: Traceback (most recent call last):
  File "C:\Users\owner\Desktop\projects\bots\vass\utils\scrapper.py", line 107, in _check_element
    return custom_wait.until(
           ^^^^^^^^^^^^^^^^^^
  File "C:\Users\owner\Desktop\projects\bots\vass\venv\Lib\site-packages\selenium\webdriver\support\wait.py", line 105, in until
    raise TimeoutException(message, screen, stacktrace)
selenium.common.exceptions.TimeoutException: Message: 
Stacktrace:
	GetHandleVerifier [0x00007FF7037B38A5+3004357]
	(No symbol) [0x00007FF703449970]
	(No symbol) [0x00007FF7032F582A]
	(No symbol) [0x00007FF703345B8E]
	(No symbol) [0x00007FF703345E7C]
	(No symbol) [0x00007FF70338EC27]
	(No symbol) [0x00007FF70336BC1F]
	(No symbol) [0x00007FF70338BA4C]
	(No symbol) [0x00007FF70336B983]
	(No symbol) [0x00007FF703337628]
	(No symbol) [0x00007FF703338791]
	GetHandleVerifier [0x00007FF7037DA00D+3161901]
	GetHandleVerifier [0x00007FF70382E060+3506048]
	GetHandleVerifier [0x00007FF70382400D+3465005]
	GetHandleVerifier [0x00007FF7035A0EEB+830987]
	(No symbol) [0x00007FF70345467F]
	(No symbol) [0x00007FF7034509D4]
	(No symbol) [0x00007FF703450B6D]
	(No symbol) [0x00007FF703440149]
	BaseThreadInitThunk [0x00007FFB269B259D+29]
	RtlUserThreadStart [0x00007FFB283CAF38+40]


15:17:20.31 | ERROR | Element Activity | Description: Main Use/Utilizzo Principale [SELECT] | Error: Traceback (most recent call last):
  File "C:\Users\owner\Desktop\projects\bots\vass\utils\scrapper.py", line 107, in _check_element
    return custom_wait.until(
           ^^^^^^^^^^^^^^^^^^
  File "C:\Users\owner\Desktop\projects\bots\vass\venv\Lib\site-packages\selenium\webdriver\support\wait.py", line 105, in until
    raise TimeoutException(message, screen, stacktrace)
selenium.common.exceptions.TimeoutException: Message: 
Stacktrace:
	GetHandleVerifier [0x00007FF7037B38A5+3004357]
	(No symbol) [0x00007FF703449970]
	(No symbol) [0x00007FF7032F582A]
	(No symbol) [0x00007FF703345B8E]
	(No symbol) [0x00007FF703345E7C]
	(No symbol) [0x00007FF70338EC27]
	(No symbol) [0x00007FF70336BC1F]
	(No symbol) [0x00007FF70338BA4C]
	(No symbol) [0x00007FF70336B983]
	(No symbol) [0x00007FF703337628]
	(No symbol) [0x00007FF703338791]
	GetHandleVerifier [0x00007FF7037DA00D+3161901]
	GetHandleVerifier [0x00007FF70382E060+3506048]
	GetHandleVerifier [0x00007FF70382400D+3465005]
	GetHandleVerifier [0x00007FF7035A0EEB+830987]
	(No symbol) [0x00007FF70345467F]
	(No symbol) [0x00007FF7034509D4]
	(No symbol) [0x00007FF703450B6D]
	(No symbol) [0x00007FF703440149]
	BaseThreadInitThunk [0x00007FFB269B259D+29]
	RtlUserThreadStart [0x00007FFB283CAF38+40]


15:17:38.90 | ERROR | Element Activity | Description: Main Use/Utilizzo Principale [SELECT] Dropdown Panel | Error: Traceback (most recent call last):
  File "C:\Users\owner\Desktop\projects\bots\vass\venv\Lib\site-packages\urllib3\connectionpool.py", line 789, in urlopen
    response = self._make_request(
               ^^^^^^^^^^^^^^^^^^^
  File "C:\Users\owner\Desktop\projects\bots\vass\venv\Lib\site-packages\urllib3\connectionpool.py", line 536, in _make_request
    response = conn.getresponse()
               ^^^^^^^^^^^^^^^^^^
  File "C:\Users\owner\Desktop\projects\bots\vass\venv\Lib\site-packages\urllib3\connection.py", line 507, in getresponse
    httplib_response = super().getresponse()
                       ^^^^^^^^^^^^^^^^^^^^^
  File "C:\Program Files\WindowsApps\PythonSoftwareFoundation.Python.3.11_3.11.2544.0_x64__qbz5n2kfra8p0\Lib\http\client.py", line 1395, in getresponse
    response.begin()
  File "C:\Program Files\WindowsApps\PythonSoftwareFoundation.Python.3.11_3.11.2544.0_x64__qbz5n2kfra8p0\Lib\http\client.py", line 325, in begin
    version, status, reason = self._read_status()
                              ^^^^^^^^^^^^^^^^^^^
  File "C:\Program Files\WindowsApps\PythonSoftwareFoundation.Python.3.11_3.11.2544.0_x64__qbz5n2kfra8p0\Lib\http\client.py", line 286, in _read_status
    line = str(self.fp.readline(_MAXLINE + 1), "iso-8859-1")
               ^^^^^^^^^^^^^^^^^^^^^^^^^^^^^^
  File "C:\Program Files\WindowsApps\PythonSoftwareFoundation.Python.3.11_3.11.2544.0_x64__qbz5n2kfra8p0\Lib\socket.py", line 706, in readinto
    return self._sock.recv_into(b)
           ^^^^^^^^^^^^^^^^^^^^^^^
ConnectionResetError: [WinError 10054] An existing connection was forcibly closed by the remote host

During handling of the above exception, another exception occurred:

Traceback (most recent call last):
  File "C:\Users\owner\Desktop\projects\bots\vass\utils\scrapper.py", line 107, in _check_element
    return custom_wait.until(
           ^^^^^^^^^^^^^^^^^^
  File "C:\Users\owner\Desktop\projects\bots\vass\venv\Lib\site-packages\selenium\webdriver\support\wait.py", line 96, in until
    value = method(self._driver)
            ^^^^^^^^^^^^^^^^^^^^
  File "C:\Users\owner\Desktop\projects\bots\vass\venv\Lib\site-packages\selenium\webdriver\support\expected_conditions.py", line 84, in _predicate
    return driver.find_element(*locator)
           ^^^^^^^^^^^^^^^^^^^^^^^^^^^^^
  File "C:\Users\owner\Desktop\projects\bots\vass\venv\Lib\site-packages\selenium\webdriver\remote\webdriver.py", line 766, in find_element
    return self.execute(Command.FIND_ELEMENT, {"using": by, "value": value})["value"]
           ^^^^^^^^^^^^^^^^^^^^^^^^^^^^^^^^^^^^^^^^^^^^^^^^^^^^^^^^^^^^^^^^^
  File "C:\Users\owner\Desktop\projects\bots\vass\venv\Lib\site-packages\selenium\webdriver\remote\webdriver.py", line 378, in execute
    response = self.command_executor.execute(driver_command, params)
               ^^^^^^^^^^^^^^^^^^^^^^^^^^^^^^^^^^^^^^^^^^^^^^^^^^^^^
  File "C:\Users\owner\Desktop\projects\bots\vass\venv\Lib\site-packages\selenium\webdriver\remote\remote_connection.py", line 391, in execute
    return self._request(command_info[0], url, body=data)
           ^^^^^^^^^^^^^^^^^^^^^^^^^^^^^^^^^^^^^^^^^^^^^^
  File "C:\Users\owner\Desktop\projects\bots\vass\venv\Lib\site-packages\selenium\webdriver\remote\remote_connection.py", line 415, in _request
    response = self._conn.request(method, url, body=body, headers=headers, timeout=self._client_config.timeout)
               ^^^^^^^^^^^^^^^^^^^^^^^^^^^^^^^^^^^^^^^^^^^^^^^^^^^^^^^^^^^^^^^^^^^^^^^^^^^^^^^^^^^^^^^^^^^^^^^^
  File "C:\Users\owner\Desktop\projects\bots\vass\venv\Lib\site-packages\urllib3\_request_methods.py", line 143, in request
    return self.request_encode_body(
           ^^^^^^^^^^^^^^^^^^^^^^^^^
  File "C:\Users\owner\Desktop\projects\bots\vass\venv\Lib\site-packages\urllib3\_request_methods.py", line 278, in request_encode_body
    return self.urlopen(method, url, **extra_kw)
           ^^^^^^^^^^^^^^^^^^^^^^^^^^^^^^^^^^^^^
  File "C:\Users\owner\Desktop\projects\bots\vass\venv\Lib\site-packages\urllib3\poolmanager.py", line 443, in urlopen
    response = conn.urlopen(method, u.request_uri, **kw)
               ^^^^^^^^^^^^^^^^^^^^^^^^^^^^^^^^^^^^^^^^^
  File "C:\Users\owner\Desktop\projects\bots\vass\venv\Lib\site-packages\urllib3\connectionpool.py", line 843, in urlopen
    retries = retries.increment(
              ^^^^^^^^^^^^^^^^^^
  File "C:\Users\owner\Desktop\projects\bots\vass\venv\Lib\site-packages\urllib3\util\retry.py", line 474, in increment
    raise reraise(type(error), error, _stacktrace)
          ^^^^^^^^^^^^^^^^^^^^^^^^^^^^^^^^^^^^^^^^
  File "C:\Users\owner\Desktop\projects\bots\vass\venv\Lib\site-packages\urllib3\util\util.py", line 38, in reraise
    raise value.with_traceback(tb)
  File "C:\Users\owner\Desktop\projects\bots\vass\venv\Lib\site-packages\urllib3\connectionpool.py", line 789, in urlopen
    response = self._make_request(
               ^^^^^^^^^^^^^^^^^^^
  File "C:\Users\owner\Desktop\projects\bots\vass\venv\Lib\site-packages\urllib3\connectionpool.py", line 536, in _make_request
    response = conn.getresponse()
               ^^^^^^^^^^^^^^^^^^
  File "C:\Users\owner\Desktop\projects\bots\vass\venv\Lib\site-packages\urllib3\connection.py", line 507, in getresponse
    httplib_response = super().getresponse()
                       ^^^^^^^^^^^^^^^^^^^^^
  File "C:\Program Files\WindowsApps\PythonSoftwareFoundation.Python.3.11_3.11.2544.0_x64__qbz5n2kfra8p0\Lib\http\client.py", line 1395, in getresponse
    response.begin()
  File "C:\Program Files\WindowsApps\PythonSoftwareFoundation.Python.3.11_3.11.2544.0_x64__qbz5n2kfra8p0\Lib\http\client.py", line 325, in begin
    version, status, reason = self._read_status()
                              ^^^^^^^^^^^^^^^^^^^
  File "C:\Program Files\WindowsApps\PythonSoftwareFoundation.Python.3.11_3.11.2544.0_x64__qbz5n2kfra8p0\Lib\http\client.py", line 286, in _read_status
    line = str(self.fp.readline(_MAXLINE + 1), "iso-8859-1")
               ^^^^^^^^^^^^^^^^^^^^^^^^^^^^^^
  File "C:\Program Files\WindowsApps\PythonSoftwareFoundation.Python.3.11_3.11.2544.0_x64__qbz5n2kfra8p0\Lib\socket.py", line 706, in readinto
    return self._sock.recv_into(b)
           ^^^^^^^^^^^^^^^^^^^^^^^
urllib3.exceptions.ProtocolError: ('Connection aborted.', ConnectionResetError(10054, 'An existing connection was forcibly closed by the remote host', None, 10054, None))

15:18:36.57 | SUCCESS | 0.1 Task | Cleaning & Processing & Preping Request Data | Proxy: 212.83.143.103:11564
15:18:36.57 | SUCCESS | 0.0 Process | Initiating Scrapper Class On Selenium
15:18:36.57 | SUCCESS | 1.0 Process | Starting Driver
15:18:40.07 | SUCCESS | 1.1 Attempt 1 to load the page.
15:19:05.54 | SUCCESS | 1.2 Page loaded successfully.
15:19:05.61 | SUCCESS | Activating useCase Bersani
15:19:07.96 | INFO | reCAPTCHA info found: {'callback': "___grecaptcha_cfg.clients['0']['A']['A']['callback']", 'function': {}, 'id': '0', 'sitekey': '6LcTvwsaAAAAACrX9g0kYHzox2v3VG8E4E9omeYm', 'version': 'V2'}
15:20:06.95 | SUCCESS | Solved captcha: 03AFcWeA5eCNJHqpB-NKiGzz9_z4RVhxHhkY8zJcflftiKX7Ln8C-Qp5E_PMxUKWMBmOiAvKpxlXMbrhTFYAoHdxrGU8BKD2zlG6nyQOkEebi-gJSuErf8um_S18aWJ69SXZHiuFSPw9dPIBUp2PUiLYDyZJYwYlhOpPF5K7R1Ye_l4G_WjhYtN6m1t1k5SWwI_IXb6aAZgT0BfBdG6kJ1qOVvrmrM9SsZKH1zD_EmZxoSPHr7jibV9kLJj8YyUBRNJl1GucxKa6UOATEsa9g_1OgeoyQBDv8cb0B1oWg-oy3-oJ95W3v8Zftuoq07spJRyobGVGMANHoU_s6W2Jv33SCibpx5zZI302qR6Tt2HfO0CMumfXsqr9uj0T3cwJuX1xdCGg4OJoGHEDwpURD_mMj6CFg0UnVcQsv93WYWt0XrlVf3w_07T4SKR8wRTrYKLztl6yJV68Waa6ioHOsk1J3U999vcSKTLyhUaf_x_snvlct1mXY4a5pHUyKbLVQAHyKpuNh0tQYRcCc1BfDmdjYW6du80jCRJaIo9zeSSkxnpWlhW17SrTvoKT_dU_UOFDAkyjGCl5HXE1b9O4CAmNbN7YEafZQvJh9d4TfAM6nfG4-VusLj4NKUxVtNEHOoRqpamOZUSgGEk7CuIh6MVlAPjef_oHn9Ex386fMmZbmc8T5zhdCBw0QansA2HSeSp7V8bn12-Tfk3_-aYvaYF1i-0NSHQgt0Nj631tCZSJ5D8UnPNKCo7nLuVRzYmsGBDTyHLLNVQK9VF532F35Cm05k0SwMX-Rjnt3HFZyujwCBECWHtzaHf_mHop81v0vXMKZkXWTMnNcQKyKZuZh03Dvl6z2jYZQHxXeTLuBOjZBADM59gHzt5CHqkiMmQtDcFb_JeP2KQU1R3vBvLws-nVmypJncVdxoqu1m1FT9X8xPRj-ESLS5AqfzhFkkBJvD1cSTr8m4t0ec
15:20:22.96 | ERROR | Element Activity | Description: Risk certificate/Attestato di rischio [SELECT] | Error: Traceback (most recent call last):
  File "C:\Users\owner\Desktop\projects\bots\vass\utils\scrapper.py", line 107, in _check_element
    return custom_wait.until(
           ^^^^^^^^^^^^^^^^^^
  File "C:\Users\owner\Desktop\projects\bots\vass\venv\Lib\site-packages\selenium\webdriver\support\wait.py", line 105, in until
    raise TimeoutException(message, screen, stacktrace)
selenium.common.exceptions.TimeoutException: Message: 
Stacktrace:
	GetHandleVerifier [0x00007FF7037B38A5+3004357]
	(No symbol) [0x00007FF703449970]
	(No symbol) [0x00007FF7032F582A]
	(No symbol) [0x00007FF703345B8E]
	(No symbol) [0x00007FF703345E7C]
	(No symbol) [0x00007FF70338EC27]
	(No symbol) [0x00007FF70336BC1F]
	(No symbol) [0x00007FF70338BA4C]
	(No symbol) [0x00007FF70336B983]
	(No symbol) [0x00007FF703337628]
	(No symbol) [0x00007FF703338791]
	GetHandleVerifier [0x00007FF7037DA00D+3161901]
	GetHandleVerifier [0x00007FF70382E060+3506048]
	GetHandleVerifier [0x00007FF70382400D+3465005]
	GetHandleVerifier [0x00007FF7035A0EEB+830987]
	(No symbol) [0x00007FF70345467F]
	(No symbol) [0x00007FF7034509D4]
	(No symbol) [0x00007FF703450B6D]
	(No symbol) [0x00007FF703440149]
	BaseThreadInitThunk [0x00007FFB269B259D+29]
	RtlUserThreadStart [0x00007FFB283CAF38+40]


15:21:24.14 | ERROR | Element Activity | Description: Risk certificate/Attestato di rischio [SELECT] Dropdown Panel | Error: Traceback (most recent call last):
  File "C:\Users\owner\Desktop\projects\bots\vass\utils\scrapper.py", line 107, in _check_element
    return custom_wait.until(
           ^^^^^^^^^^^^^^^^^^
  File "C:\Users\owner\Desktop\projects\bots\vass\venv\Lib\site-packages\selenium\webdriver\support\wait.py", line 105, in until
    raise TimeoutException(message, screen, stacktrace)
selenium.common.exceptions.TimeoutException: Message: 
Stacktrace:
	GetHandleVerifier [0x00007FF7037B38A5+3004357]
	(No symbol) [0x00007FF703449970]
	(No symbol) [0x00007FF7032F582A]
	(No symbol) [0x00007FF703345B8E]
	(No symbol) [0x00007FF703345E7C]
	(No symbol) [0x00007FF70338EC27]
	(No symbol) [0x00007FF70336BC1F]
	(No symbol) [0x00007FF70338BA4C]
	(No symbol) [0x00007FF70336B983]
	(No symbol) [0x00007FF703337628]
	(No symbol) [0x00007FF703338791]
	GetHandleVerifier [0x00007FF7037DA00D+3161901]
	GetHandleVerifier [0x00007FF70382E060+3506048]
	GetHandleVerifier [0x00007FF70382400D+3465005]
	GetHandleVerifier [0x00007FF7035A0EEB+830987]
	(No symbol) [0x00007FF70345467F]
	(No symbol) [0x00007FF7034509D4]
	(No symbol) [0x00007FF703450B6D]
	(No symbol) [0x00007FF703440149]
	BaseThreadInitThunk [0x00007FFB269B259D+29]
	RtlUserThreadStart [0x00007FFB283CAF38+40]


15:21:26.23 | ERROR | Element Activity | Description: Reference plate/Targa di riferimento | Error: Traceback (most recent call last):
  File "C:\Users\owner\Desktop\projects\bots\vass\utils\scrapper.py", line 107, in _check_element
    return custom_wait.until(
           ^^^^^^^^^^^^^^^^^^
  File "C:\Users\owner\Desktop\projects\bots\vass\venv\Lib\site-packages\selenium\webdriver\support\wait.py", line 105, in until
    raise TimeoutException(message, screen, stacktrace)
selenium.common.exceptions.TimeoutException: Message: 
Stacktrace:
	GetHandleVerifier [0x00007FF7037B38A5+3004357]
	(No symbol) [0x00007FF703449970]
	(No symbol) [0x00007FF7032F582A]
	(No symbol) [0x00007FF703345B8E]
	(No symbol) [0x00007FF703345E7C]
	(No symbol) [0x00007FF70338EC27]
	(No symbol) [0x00007FF70336BC1F]
	(No symbol) [0x00007FF70338BA4C]
	(No symbol) [0x00007FF70336B983]
	(No symbol) [0x00007FF703337628]
	(No symbol) [0x00007FF703338791]
	GetHandleVerifier [0x00007FF7037DA00D+3161901]
	GetHandleVerifier [0x00007FF70382E060+3506048]
	GetHandleVerifier [0x00007FF70382400D+3465005]
	GetHandleVerifier [0x00007FF7035A0EEB+830987]
	(No symbol) [0x00007FF70345467F]
	(No symbol) [0x00007FF7034509D4]
	(No symbol) [0x00007FF703450B6D]
	(No symbol) [0x00007FF703440149]
	BaseThreadInitThunk [0x00007FFB269B259D+29]
	RtlUserThreadStart [0x00007FFB283CAF38+40]


15:21:26.25 | ERROR | Input Activity | Description: Reference plate/Targa di riferimento | Error: Traceback (most recent call last):
  File "C:\Users\owner\Desktop\projects\bots\vass\utils\scrapper.py", line 144, in _enter_input_text
    self.driver.execute_script(
  File "C:\Users\owner\Desktop\projects\bots\vass\venv\Lib\site-packages\selenium\webdriver\remote\webdriver.py", line 440, in execute_script
    return self.execute(command, {"script": script, "args": converted_args})["value"]
           ^^^^^^^^^^^^^^^^^^^^^^^^^^^^^^^^^^^^^^^^^^^^^^^^^^^^^^^^^^^^^^^^^
  File "C:\Users\owner\Desktop\projects\bots\vass\venv\Lib\site-packages\selenium\webdriver\remote\webdriver.py", line 380, in execute
    self.error_handler.check_response(response)
  File "C:\Users\owner\Desktop\projects\bots\vass\venv\Lib\site-packages\selenium\webdriver\remote\errorhandler.py", line 229, in check_response
    raise exception_class(message, screen, stacktrace)
selenium.common.exceptions.JavascriptException: Message: javascript error: element.scrollIntoView is not a function
  (Session info: chrome=130.0.6723.119)
Stacktrace:
	GetHandleVerifier [0x00007FF7037B38A5+3004357]
	(No symbol) [0x00007FF703449970]
	(No symbol) [0x00007FF7032F582A]
	(No symbol) [0x00007FF7032FC2E2]
	(No symbol) [0x00007FF7032FE94F]
	(No symbol) [0x00007FF70338CD20]
	(No symbol) [0x00007FF70336BBDA]
	(No symbol) [0x00007FF70338BA4C]
	(No symbol) [0x00007FF70336B983]
	(No symbol) [0x00007FF703337628]
	(No symbol) [0x00007FF703338791]
	GetHandleVerifier [0x00007FF7037DA00D+3161901]
	GetHandleVerifier [0x00007FF70382E060+3506048]
	GetHandleVerifier [0x00007FF70382400D+3465005]
	GetHandleVerifier [0x00007FF7035A0EEB+830987]
	(No symbol) [0x00007FF70345467F]
	(No symbol) [0x00007FF7034509D4]
	(No symbol) [0x00007FF703450B6D]
	(No symbol) [0x00007FF703440149]
	BaseThreadInitThunk [0x00007FFB269B259D+29]
	RtlUserThreadStart [0x00007FFB283CAF38+40]


15:21:34.98 | ERROR | Element Activity | Description: Additional Power Supply/Alimentazione aggiuntiva [SELECT] | Error: Traceback (most recent call last):
  File "C:\Users\owner\Desktop\projects\bots\vass\utils\scrapper.py", line 107, in _check_element
    return custom_wait.until(
           ^^^^^^^^^^^^^^^^^^
  File "C:\Users\owner\Desktop\projects\bots\vass\venv\Lib\site-packages\selenium\webdriver\support\wait.py", line 105, in until
    raise TimeoutException(message, screen, stacktrace)
selenium.common.exceptions.TimeoutException: Message: 
Stacktrace:
	GetHandleVerifier [0x00007FF7037B38A5+3004357]
	(No symbol) [0x00007FF703449970]
	(No symbol) [0x00007FF7032F582A]
	(No symbol) [0x00007FF703345B8E]
	(No symbol) [0x00007FF703345E7C]
	(No symbol) [0x00007FF70338EC27]
	(No symbol) [0x00007FF70336BC1F]
	(No symbol) [0x00007FF70338BA4C]
	(No symbol) [0x00007FF70336B983]
	(No symbol) [0x00007FF703337628]
	(No symbol) [0x00007FF703338791]
	GetHandleVerifier [0x00007FF7037DA00D+3161901]
	GetHandleVerifier [0x00007FF70382E060+3506048]
	GetHandleVerifier [0x00007FF70382400D+3465005]
	GetHandleVerifier [0x00007FF7035A0EEB+830987]
	(No symbol) [0x00007FF70345467F]
	(No symbol) [0x00007FF7034509D4]
	(No symbol) [0x00007FF703450B6D]
	(No symbol) [0x00007FF703440149]
	BaseThreadInitThunk [0x00007FFB269B259D+29]
	RtlUserThreadStart [0x00007FFB283CAF38+40]


15:22:36.32 | ERROR | Element Activity | Description: Additional Power Supply/Alimentazione aggiuntiva [SELECT] Dropdown Panel | Error: Traceback (most recent call last):
  File "C:\Users\owner\Desktop\projects\bots\vass\utils\scrapper.py", line 107, in _check_element
    return custom_wait.until(
           ^^^^^^^^^^^^^^^^^^
  File "C:\Users\owner\Desktop\projects\bots\vass\venv\Lib\site-packages\selenium\webdriver\support\wait.py", line 105, in until
    raise TimeoutException(message, screen, stacktrace)
selenium.common.exceptions.TimeoutException: Message: 
Stacktrace:
	GetHandleVerifier [0x00007FF7037B38A5+3004357]
	(No symbol) [0x00007FF703449970]
	(No symbol) [0x00007FF7032F582A]
	(No symbol) [0x00007FF703345B8E]
	(No symbol) [0x00007FF703345E7C]
	(No symbol) [0x00007FF70338EC27]
	(No symbol) [0x00007FF70336BC1F]
	(No symbol) [0x00007FF70338BA4C]
	(No symbol) [0x00007FF70336B983]
	(No symbol) [0x00007FF703337628]
	(No symbol) [0x00007FF703338791]
	GetHandleVerifier [0x00007FF7037DA00D+3161901]
	GetHandleVerifier [0x00007FF70382E060+3506048]
	GetHandleVerifier [0x00007FF70382400D+3465005]
	GetHandleVerifier [0x00007FF7035A0EEB+830987]
	(No symbol) [0x00007FF70345467F]
	(No symbol) [0x00007FF7034509D4]
	(No symbol) [0x00007FF703450B6D]
	(No symbol) [0x00007FF703440149]
	BaseThreadInitThunk [0x00007FFB269B259D+29]
	RtlUserThreadStart [0x00007FFB283CAF38+40]


15:22:54.15 | ERROR | Element Activity | Description: Main Use/Utilizzo Principale [SELECT] | Error: Traceback (most recent call last):
  File "C:\Users\owner\Desktop\projects\bots\vass\venv\Lib\site-packages\urllib3\connection.py", line 199, in _new_conn
    sock = connection.create_connection(
           ^^^^^^^^^^^^^^^^^^^^^^^^^^^^^
  File "C:\Users\owner\Desktop\projects\bots\vass\venv\Lib\site-packages\urllib3\util\connection.py", line 85, in create_connection
    raise err
  File "C:\Users\owner\Desktop\projects\bots\vass\venv\Lib\site-packages\urllib3\util\connection.py", line 73, in create_connection
    sock.connect(sa)
ConnectionRefusedError: [WinError 10061] No connection could be made because the target machine actively refused it

The above exception was the direct cause of the following exception:

Traceback (most recent call last):
  File "C:\Users\owner\Desktop\projects\bots\vass\venv\Lib\site-packages\urllib3\connectionpool.py", line 789, in urlopen
    response = self._make_request(
               ^^^^^^^^^^^^^^^^^^^
  File "C:\Users\owner\Desktop\projects\bots\vass\venv\Lib\site-packages\urllib3\connectionpool.py", line 495, in _make_request
    conn.request(
  File "C:\Users\owner\Desktop\projects\bots\vass\venv\Lib\site-packages\urllib3\connection.py", line 441, in request
    self.endheaders()
  File "C:\Program Files\WindowsApps\PythonSoftwareFoundation.Python.3.11_3.11.2544.0_x64__qbz5n2kfra8p0\Lib\http\client.py", line 1298, in endheaders
    self._send_output(message_body, encode_chunked=encode_chunked)
  File "C:\Program Files\WindowsApps\PythonSoftwareFoundation.Python.3.11_3.11.2544.0_x64__qbz5n2kfra8p0\Lib\http\client.py", line 1058, in _send_output
    self.send(msg)
  File "C:\Program Files\WindowsApps\PythonSoftwareFoundation.Python.3.11_3.11.2544.0_x64__qbz5n2kfra8p0\Lib\http\client.py", line 996, in send
    self.connect()
  File "C:\Users\owner\Desktop\projects\bots\vass\venv\Lib\site-packages\urllib3\connection.py", line 279, in connect
    self.sock = self._new_conn()
                ^^^^^^^^^^^^^^^^
  File "C:\Users\owner\Desktop\projects\bots\vass\venv\Lib\site-packages\urllib3\connection.py", line 214, in _new_conn
    raise NewConnectionError(
urllib3.exceptions.NewConnectionError: <urllib3.connection.HTTPConnection object at 0x0000027F2F63BF10>: Failed to establish a new connection: [WinError 10061] No connection could be made because the target machine actively refused it

The above exception was the direct cause of the following exception:

Traceback (most recent call last):
  File "C:\Users\owner\Desktop\projects\bots\vass\utils\scrapper.py", line 107, in _check_element
    return custom_wait.until(
           ^^^^^^^^^^^^^^^^^^
  File "C:\Users\owner\Desktop\projects\bots\vass\venv\Lib\site-packages\selenium\webdriver\support\wait.py", line 96, in until
    value = method(self._driver)
            ^^^^^^^^^^^^^^^^^^^^
  File "C:\Users\owner\Desktop\projects\bots\vass\venv\Lib\site-packages\selenium\webdriver\support\expected_conditions.py", line 84, in _predicate
    return driver.find_element(*locator)
           ^^^^^^^^^^^^^^^^^^^^^^^^^^^^^
  File "C:\Users\owner\Desktop\projects\bots\vass\venv\Lib\site-packages\selenium\webdriver\remote\webdriver.py", line 766, in find_element
    return self.execute(Command.FIND_ELEMENT, {"using": by, "value": value})["value"]
           ^^^^^^^^^^^^^^^^^^^^^^^^^^^^^^^^^^^^^^^^^^^^^^^^^^^^^^^^^^^^^^^^^
  File "C:\Users\owner\Desktop\projects\bots\vass\venv\Lib\site-packages\selenium\webdriver\remote\webdriver.py", line 378, in execute
    response = self.command_executor.execute(driver_command, params)
               ^^^^^^^^^^^^^^^^^^^^^^^^^^^^^^^^^^^^^^^^^^^^^^^^^^^^^
  File "C:\Users\owner\Desktop\projects\bots\vass\venv\Lib\site-packages\selenium\webdriver\remote\remote_connection.py", line 391, in execute
    return self._request(command_info[0], url, body=data)
           ^^^^^^^^^^^^^^^^^^^^^^^^^^^^^^^^^^^^^^^^^^^^^^
  File "C:\Users\owner\Desktop\projects\bots\vass\venv\Lib\site-packages\selenium\webdriver\remote\remote_connection.py", line 415, in _request
    response = self._conn.request(method, url, body=body, headers=headers, timeout=self._client_config.timeout)
               ^^^^^^^^^^^^^^^^^^^^^^^^^^^^^^^^^^^^^^^^^^^^^^^^^^^^^^^^^^^^^^^^^^^^^^^^^^^^^^^^^^^^^^^^^^^^^^^^
  File "C:\Users\owner\Desktop\projects\bots\vass\venv\Lib\site-packages\urllib3\_request_methods.py", line 143, in request
    return self.request_encode_body(
           ^^^^^^^^^^^^^^^^^^^^^^^^^
  File "C:\Users\owner\Desktop\projects\bots\vass\venv\Lib\site-packages\urllib3\_request_methods.py", line 278, in request_encode_body
    return self.urlopen(method, url, **extra_kw)
           ^^^^^^^^^^^^^^^^^^^^^^^^^^^^^^^^^^^^^
  File "C:\Users\owner\Desktop\projects\bots\vass\venv\Lib\site-packages\urllib3\poolmanager.py", line 443, in urlopen
    response = conn.urlopen(method, u.request_uri, **kw)
               ^^^^^^^^^^^^^^^^^^^^^^^^^^^^^^^^^^^^^^^^^
  File "C:\Users\owner\Desktop\projects\bots\vass\venv\Lib\site-packages\urllib3\connectionpool.py", line 873, in urlopen
    return self.urlopen(
           ^^^^^^^^^^^^^
  File "C:\Users\owner\Desktop\projects\bots\vass\venv\Lib\site-packages\urllib3\connectionpool.py", line 873, in urlopen
    return self.urlopen(
           ^^^^^^^^^^^^^
  File "C:\Users\owner\Desktop\projects\bots\vass\venv\Lib\site-packages\urllib3\connectionpool.py", line 873, in urlopen
    return self.urlopen(
           ^^^^^^^^^^^^^
  File "C:\Users\owner\Desktop\projects\bots\vass\venv\Lib\site-packages\urllib3\connectionpool.py", line 843, in urlopen
    retries = retries.increment(
              ^^^^^^^^^^^^^^^^^^
  File "C:\Users\owner\Desktop\projects\bots\vass\venv\Lib\site-packages\urllib3\util\retry.py", line 519, in increment
    raise MaxRetryError(_pool, url, reason) from reason  # type: ignore[arg-type]
    ^^^^^^^^^^^^^^^^^^^^^^^^^^^^^^^^^^^^^^^^^^^^^^^^^^^
urllib3.exceptions.MaxRetryError: HTTPConnectionPool(host='localhost', port=65400): Max retries exceeded with url: /session/838793a5836350cab1538c1020643275/element (Caused by NewConnectionError('<urllib3.connection.HTTPConnection object at 0x0000027F2F63BF10>: Failed to establish a new connection: [WinError 10061] No connection could be made because the target machine actively refused it'))

15:23:32.57 | SUCCESS | 0.1 Task | Cleaning & Processing & Preping Request Data | Proxy: 212.83.143.103:11564
15:23:32.57 | SUCCESS | 0.0 Process | Initiating Scrapper Class On Selenium
15:23:32.57 | SUCCESS | 1.0 Process | Starting Driver
15:23:36.62 | SUCCESS | 1.1 Attempt 1 to load the page.
15:23:58.17 | SUCCESS | 1.2 Page loaded successfully.
15:23:59.26 | SUCCESS | Activating useCase Bersani
15:24:19.37 | INFO | reCAPTCHA info found: {'callback': "___grecaptcha_cfg.clients['0']['A']['A']['callback']", 'function': {}, 'id': '0', 'sitekey': '6LcTvwsaAAAAACrX9g0kYHzox2v3VG8E4E9omeYm', 'version': 'V2'}
15:25:41.06 | SUCCESS | Solved captcha: 03AFcWeA70GK9LRuT9lIVuby3tSwZojfcJFY-30oGuKFtuYjcLZwBdi210Amh0FYSN53TFUsmsf_fOUdjeNBja6Q8T5TNc6xAJ8PEWvOLH_uwC_h0fFZW0iZDa7PNtRse5T7C5oS3Z7I-xHDkv8kFMXfpf9e0SfbvCby8u-fPOr4yeiMcL_X3XmSDZC6_ta8lRBr2KZDnrtCpcGSuCx3d0t2FzkUx3TMG-o08ceceJgNFSRe6T2K69S7Ug8f1jhY8bPJezyAmul5QRDM3Mh5FWkNihHzkW9GJ1pCT-rgszMG4fISXCjQhViawM4zyynyCutbL55vr-dOrPTZ7sAn63DO8H_SIEmeK6c2veu11YIM_l96l1EFMVZzrvjyIsRSaL6HnNBZzE00MLMPjmzJYRLb4I9CCkORmVt9Zr_zaLzCbf7ALWuKprXHt3lsEGNcywIuN8keVnqQSdt5Ru1Chm9JndMyoyYgxJabYrHNsU_aZ1tHZwm1m--GPDdYGviUYhVh3XJ5EWnoPtWKCJa4afOzGnjVtLDBNNOJ5rODiNKPIcXvFQj582GP8TgggIYFjacX5s9Nz14wagedtUuDh2Z5hsordpYk9T26J29Emj0ucVvKKMj0ChI9kEAKfycArJUuIX9ZaGNt5FpiuVwXxjq9MTTNRxl0f2fxs7-ZmZqIqikHhVAR5hXGRp2ckxNMhthqDzWKdZguiWxTrKM3Pb76ZZ1Ep_rqHRlAVXXPQpzI6Si1Y27pOgqRiVciD-hc9I1l6A2xC7ChqueGnOFRKiRKoy9VJjuP8ATjpvvForHjrZ1twoeQpyBCUoY_DlJ4_K3J9YiMAuOExnx8h2xXlPUtU_QOelTyhaNiV4AIwiQp9JvdYrU8kQgQA
15:30:35.56 | SUCCESS | 0.1 Task | Cleaning & Processing & Preping Request Data | Proxy: 212.83.143.103:11564
15:30:35.56 | SUCCESS | 0.0 Process | Initiating Scrapper Class On Selenium
15:30:35.56 | SUCCESS | 1.0 Process | Starting Driver
15:30:38.92 | SUCCESS | 1.1 Attempt 1 to load the page.
15:30:57.81 | SUCCESS | 1.2 Page loaded successfully.
15:30:58.90 | SUCCESS | Activating useCase Autovettura 'Normale'
15:31:17.65 | INFO | reCAPTCHA info found: {'callback': "___grecaptcha_cfg.clients['0']['A']['A']['callback']", 'function': {}, 'id': '0', 'sitekey': '6LcTvwsaAAAAACrX9g0kYHzox2v3VG8E4E9omeYm', 'version': 'V2'}
15:32:04.88 | SUCCESS | Solved captcha: 03AFcWeA7D6V8pKUV-72Bdr-4Nfc373-uWiaVwPPJqOdH6lBxHbCZtXjbZeMdd705BbFawHYQZ7V6kF6Eb8eLhvHI5NaGK13NQazKkUAccf0PA5R8PwgLEH799eZOn99Qkf0ZA_kL2967p_resrIBZt-EG-Hvs9OxH8eT2WBPwO1Ca6hb2NINNTtdVt83LW7485Vj8XgFc9_2sKYRxVUeHwZN6IPzhaaTRFV1-zVw7gvIU2mMa33aH4OKgjFnj4wIqQSfxLH0H4Pq01q6nff_PHg3_KzR-JiD1FpmZ8xOhG1BhDlLfY-kAIGb_SWPGAfXT9UHU2gM85YUFINA4QZ-Up6jLKDAjdMUm0K5QPh3xI4VEa-MeB7mVJUFCmKFpRZIeUYkJSBW39Va-lWlvjzeTMkf_Oui2YfUWmoMAj9xl6UFn5FciqfHnjQwIOmlksea5x4Y_rLbVnoP1dQCJKShyx13Xpz6jyUOvJ84FwCSpuMNk_-jo1MhH1_9heDVJc6T398PIChsAhR8gpFTdQaZQFKyhFDtGkF50VJvki7F-0d7aG-lBjpuGVujVMThNcVc0_9ANR866C7qX3ZEoSkyyc1vUwb_DsP3QaG_z5dNy6YjVGWMV38ivUmDlm-97590p5Nm70yEDaFEL6UTeOALMjENM0I7BH_J6-KSnjAOhKe03IdNElXlPNSbhb_QG5nqO_n0prxwwZSYOrF_JWCltQvflH3RwAvCRIboZHCc0kDHv6YGS_6vTKP09rcQu3HgKarj5oCwjNa7B-tbvhKVK0IBfGnv8SdbMV7tMg19duffHPzPTq_vduwodha2lgM03JfUtSA7sA15_DFxc7vjEDhoJDG5eqkjqd_UVoQ18W8E3Vnwj0-I28M6MNLwf1snnEYN4q9ybs63Z4F4RDzYq0fvQ99e_TaKmBl3q0ONjVe94pDqOuDIVUWw29R4yzfyu3aaESRZODqGe
15:33:26.41 | SUCCESS | Terminating Session
15:37:52.35 | SUCCESS | 0.1 Task | Cleaning & Processing & Preping Request Data | Proxy: 212.83.143.103:11564
15:37:52.35 | SUCCESS | 0.0 Process | Initiating Scrapper Class On Selenium
15:37:52.35 | SUCCESS | 1.0 Process | Starting Driver
15:37:55.63 | SUCCESS | 1.1 Attempt 1 to load the page.
15:38:11.90 | SUCCESS | 1.2 Page loaded successfully.
15:38:13.00 | SUCCESS | Activating useCase Autovettura 'Normale'
15:38:22.51 | INFO | reCAPTCHA info found: {'callback': "___grecaptcha_cfg.clients['0']['A']['A']['callback']", 'function': {}, 'id': '0', 'sitekey': '6LcTvwsaAAAAACrX9g0kYHzox2v3VG8E4E9omeYm', 'version': 'V2'}
15:39:16.44 | SUCCESS | Solved captcha: 03AFcWeA5yXxminyiumbFjEgRPithThleY07523dtLiCOj2NtZexW0w_QyJvGS9E8ZGLUdE1AYwa4Eop83VxgcZ9AOt6soHyWOrLkFj2kKHHy-UgSvCQIK-2l4uRSZ3fVhoEaeYlbKHXGuybEDRhtDnbxdKbfYvn0OglyDAZynFmCyO6fHSr0MT9Al2aShYqa3UlH3Cn6TeRzaX93H5Xgdc2C3UgEA_SoMzlL5DacRGSTt6_OUYjgF8VqpXc_LfnAXShHEBxlwIRx__P07D0jCa1lQYOVa5HWDgBsyh9E_UaOpTEPMNAU-wQKhK75C7Qnja_WelZKM3D0Z3d4tdqBfUQmrkDjdkAi-XZ4XxQILJf5kaeYwt6Pug-i3zpgniVK3jlnTofKyhDqv6-AAViP3UFI_IVIFJOf7nJNVEyweCyk4k69epuszpvF1GTOGiJOL1HLIVD1O6tBBLpke84bTItpXucIs5ynnboWJGyJxE4lXDciljYnN4sopACzUJy85yDTZFuubZYV4McgQxuWOPjm0me-J01NGesD5V37A4V1LleZsHiaJCfCRZRkd0Cw0xgAlfQMzXIIBTfJGIWQCgfzFmjVn1Kic5h8rCjMgKhOroZfEmny3d26nHEnwpjjWPQgJp3kVc_2SdpKJk7Yx21LuSwOhj_GqoLpQhRvr9Lu2wAid2WtC74Bv-0TON79lDUHYs8agtvA9FlGUlKTISDR_n_7_p_70OiAzMr0j91KEhYE_6AWTQrAOustZVUdptT4757ILYQ7XySfY5WdvDf1EVJbuEsuUT81epIr-WhttQL-EuVbXwZkVGpAObe9YVraSD6SDt2jufKemLXq2pL_dn1xR_oi0G7V_YwNz0ALIUXeXt2CSfeTzoGk-UD3losbamU_n1ZlIZFlPZi69g3HvTwPmaHDNIPXfrkbVXzCTGL2YXkyS6GbC_9EIipmtzKILXil43iWJ
15:40:41.27 | ERROR | <<< An Error occurred: 'str' object cannot be interpreted as an integer; Traceback: Traceback (most recent call last):
  File "C:\Users\owner\Desktop\projects\bots\vass\utils\scrapper.py", line 663, in start
    return self.use_case_normale()
           ^^^^^^^^^^^^^^^^^^^^^^^
  File "C:\Users\owner\Desktop\projects\bots\vass\utils\scrapper.py", line 776, in use_case_normale
    self.bersani_step_6()
  File "C:\Users\owner\Desktop\projects\bots\vass\utils\scrapper.py", line 1043, in bersani_step_6
    nascita_date = datetime(
                   ^^^^^^^^^
TypeError: 'str' object cannot be interpreted as an integer
>>>
15:40:41.27 | SUCCESS | Terminating Session
15:43:00.17 | SUCCESS | 0.1 Task | Cleaning & Processing & Preping Request Data | Proxy: 212.83.143.103:11564
15:43:00.17 | SUCCESS | 0.0 Process | Initiating Scrapper Class On Selenium
15:43:00.17 | SUCCESS | 1.0 Process | Starting Driver
15:43:03.64 | SUCCESS | 1.1 Attempt 1 to load the page.
15:43:30.96 | SUCCESS | 1.2 Page loaded successfully.
15:43:32.08 | SUCCESS | Activating useCase Autovettura 'Normale'
15:43:49.02 | INFO | reCAPTCHA info found: {'callback': "___grecaptcha_cfg.clients['0']['A']['A']['callback']", 'function': {}, 'id': '0', 'sitekey': '6LcTvwsaAAAAACrX9g0kYHzox2v3VG8E4E9omeYm', 'version': 'V2'}
15:44:56.89 | SUCCESS | Solved captcha: 03AFcWeA4sGU0FD0sVyBZxK8w6aWbW4WQKd3iniHO9TsxeKtO5BCWzsOrbyeKDxr_4xskVZMF-CLqIVIWv_mheauFdht5Tu_R_ZtDj2VGsqCWjIc3sLfB6F9Zol5yXSHbSFQQPMUVwH7akA1VHI6tR7Oeou_uGOG44rjj7_Hhn5q-BV67o3HmdEQg8ry9SiXSt7bICLA8seOX0u2Zd7-Jp4-XxZMUdtUEKWkIKA9ywA0Lmcc4OOrjduwYgigeFaPhRa-6vvbYdUMrDBZtuIF0fTyH_3tkaFODiRgP2pZpuNLXjgqT8CtF1EwSW98cuYTVfZXPg_S-deuEJnxDFXOTXS7YIWHTJeXgK1hyo3QdCpzA-SFaaNWInoZ6MTtYTWoeYf7lV5UjKWFLUjzhzba7te8mAhe3CqYp4ZWxE6Fxy3U9oONipuHz-2o5vTACGgRFXzt9XDDOeVAdIPAWQIXjFExvjwm0exqF89aMHTI3XPHmyZtLwwaEiB23mpabL4VhCYZ9sNvhmkz7i2ZJnzkIyZtpxvciOttplTSfoevKTfmAPgt7DS9EqZTCXh-UchJDPkiCw9Wj714iaiKeawwrbREcYdfZIEVa8vznTDdq_3l5nFJCmBog9jKC4MmR2EeFNZ8dkO9ZFn60i-0-FeAKAGD8r1QUcU_SCI_FM6A8MVctY-aB9B_Z3RJJzhdZQSC5uJ-9rU_-_jZ4uQFQDqdmQ0D6BCgm0w4lgLiMIzYxZs8WZpwqqmr1CBzlOekUFKR0zxh6Zti1BEQ-s1l8IhWIy08aUGRzQV3ESN34Jw7cbnbOhZd5QoQrU-N4Jn3NWQyCb7xUVyXoPLs8DJ6yDLWc-AdfnxEzfPFF9TzSDKrTVCljV7lSw5ycovCU_NSA7pjAurk868pvRxXQ0QA108G92HFFr3HIFtBnc0dF1SbELWmZc2-dRYwYNc78
15:46:11.58 | ERROR | Element Activity | Description: Expert Guide/Guida Esperta [CLICK] | Error: Traceback (most recent call last):
  File "C:\Users\owner\Desktop\projects\bots\vass\utils\scrapper.py", line 107, in _check_element
    return custom_wait.until(
           ^^^^^^^^^^^^^^^^^^
  File "C:\Users\owner\Desktop\projects\bots\vass\venv\Lib\site-packages\selenium\webdriver\support\wait.py", line 105, in until
    raise TimeoutException(message, screen, stacktrace)
selenium.common.exceptions.TimeoutException: Message: 
Stacktrace:
	GetHandleVerifier [0x00007FF7037B38A5+3004357]
	(No symbol) [0x00007FF703449970]
	(No symbol) [0x00007FF7032F582A]
	(No symbol) [0x00007FF703345B8E]
	(No symbol) [0x00007FF703345E7C]
	(No symbol) [0x00007FF70338EC27]
	(No symbol) [0x00007FF70336BC1F]
	(No symbol) [0x00007FF70338BA4C]
	(No symbol) [0x00007FF70336B983]
	(No symbol) [0x00007FF703337628]
	(No symbol) [0x00007FF703338791]
	GetHandleVerifier [0x00007FF7037DA00D+3161901]
	GetHandleVerifier [0x00007FF70382E060+3506048]
	GetHandleVerifier [0x00007FF70382400D+3465005]
	GetHandleVerifier [0x00007FF7035A0EEB+830987]
	(No symbol) [0x00007FF70345467F]
	(No symbol) [0x00007FF7034509D4]
	(No symbol) [0x00007FF703450B6D]
	(No symbol) [0x00007FF703440149]
	BaseThreadInitThunk [0x00007FFB269B259D+29]
	RtlUserThreadStart [0x00007FFB283CAF38+40]


15:46:11.60 | ERROR | Button Activity | Description: Expert Guide/Guida Esperta [CLICK] | Error: Traceback (most recent call last):
  File "C:\Users\owner\Desktop\projects\bots\vass\utils\scrapper.py", line 123, in _click_button
    self.driver.execute_script(
  File "C:\Users\owner\Desktop\projects\bots\vass\venv\Lib\site-packages\selenium\webdriver\remote\webdriver.py", line 440, in execute_script
    return self.execute(command, {"script": script, "args": converted_args})["value"]
           ^^^^^^^^^^^^^^^^^^^^^^^^^^^^^^^^^^^^^^^^^^^^^^^^^^^^^^^^^^^^^^^^^
  File "C:\Users\owner\Desktop\projects\bots\vass\venv\Lib\site-packages\selenium\webdriver\remote\webdriver.py", line 380, in execute
    self.error_handler.check_response(response)
  File "C:\Users\owner\Desktop\projects\bots\vass\venv\Lib\site-packages\selenium\webdriver\remote\errorhandler.py", line 229, in check_response
    raise exception_class(message, screen, stacktrace)
selenium.common.exceptions.JavascriptException: Message: javascript error: button.scrollIntoViewIfNeeded is not a function
  (Session info: chrome=130.0.6723.119)
Stacktrace:
	GetHandleVerifier [0x00007FF7037B38A5+3004357]
	(No symbol) [0x00007FF703449970]
	(No symbol) [0x00007FF7032F582A]
	(No symbol) [0x00007FF7032FC2E2]
	(No symbol) [0x00007FF7032FE94F]
	(No symbol) [0x00007FF70338CD20]
	(No symbol) [0x00007FF70336BBDA]
	(No symbol) [0x00007FF70338BA4C]
	(No symbol) [0x00007FF70336B983]
	(No symbol) [0x00007FF703337628]
	(No symbol) [0x00007FF703338791]
	GetHandleVerifier [0x00007FF7037DA00D+3161901]
	GetHandleVerifier [0x00007FF70382E060+3506048]
	GetHandleVerifier [0x00007FF70382400D+3465005]
	GetHandleVerifier [0x00007FF7035A0EEB+830987]
	(No symbol) [0x00007FF70345467F]
	(No symbol) [0x00007FF7034509D4]
	(No symbol) [0x00007FF703450B6D]
	(No symbol) [0x00007FF703440149]
	BaseThreadInitThunk [0x00007FFB269B259D+29]
	RtlUserThreadStart [0x00007FFB283CAF38+40]


15:46:13.68 | ERROR | Element Activity | Description: Checkbox switcher | Error: Traceback (most recent call last):
  File "C:\Users\owner\Desktop\projects\bots\vass\utils\scrapper.py", line 107, in _check_element
    return custom_wait.until(
           ^^^^^^^^^^^^^^^^^^
  File "C:\Users\owner\Desktop\projects\bots\vass\venv\Lib\site-packages\selenium\webdriver\support\wait.py", line 105, in until
    raise TimeoutException(message, screen, stacktrace)
selenium.common.exceptions.TimeoutException: Message: 
Stacktrace:
	GetHandleVerifier [0x00007FF7037B38A5+3004357]
	(No symbol) [0x00007FF703449970]
	(No symbol) [0x00007FF7032F582A]
	(No symbol) [0x00007FF703345B8E]
	(No symbol) [0x00007FF703345E7C]
	(No symbol) [0x00007FF70338EC27]
	(No symbol) [0x00007FF70336BC1F]
	(No symbol) [0x00007FF70338BA4C]
	(No symbol) [0x00007FF70336B983]
	(No symbol) [0x00007FF703337628]
	(No symbol) [0x00007FF703338791]
	GetHandleVerifier [0x00007FF7037DA00D+3161901]
	GetHandleVerifier [0x00007FF70382E060+3506048]
	GetHandleVerifier [0x00007FF70382400D+3465005]
	GetHandleVerifier [0x00007FF7035A0EEB+830987]
	(No symbol) [0x00007FF70345467F]
	(No symbol) [0x00007FF7034509D4]
	(No symbol) [0x00007FF703450B6D]
	(No symbol) [0x00007FF703440149]
	BaseThreadInitThunk [0x00007FFB269B259D+29]
	RtlUserThreadStart [0x00007FFB283CAF38+40]


15:46:15.71 | ERROR | Element Activity | Description: Checkbox Ivass switcher | Error: Traceback (most recent call last):
  File "C:\Users\owner\Desktop\projects\bots\vass\utils\scrapper.py", line 107, in _check_element
    return custom_wait.until(
           ^^^^^^^^^^^^^^^^^^
  File "C:\Users\owner\Desktop\projects\bots\vass\venv\Lib\site-packages\selenium\webdriver\support\wait.py", line 105, in until
    raise TimeoutException(message, screen, stacktrace)
selenium.common.exceptions.TimeoutException: Message: 
Stacktrace:
	GetHandleVerifier [0x00007FF7037B38A5+3004357]
	(No symbol) [0x00007FF703449970]
	(No symbol) [0x00007FF7032F582A]
	(No symbol) [0x00007FF703345B8E]
	(No symbol) [0x00007FF703345E7C]
	(No symbol) [0x00007FF70338EC27]
	(No symbol) [0x00007FF70336BC1F]
	(No symbol) [0x00007FF70338BA4C]
	(No symbol) [0x00007FF70336B983]
	(No symbol) [0x00007FF703337628]
	(No symbol) [0x00007FF703338791]
	GetHandleVerifier [0x00007FF7037DA00D+3161901]
	GetHandleVerifier [0x00007FF70382E060+3506048]
	GetHandleVerifier [0x00007FF70382400D+3465005]
	GetHandleVerifier [0x00007FF7035A0EEB+830987]
	(No symbol) [0x00007FF70345467F]
	(No symbol) [0x00007FF7034509D4]
	(No symbol) [0x00007FF703450B6D]
	(No symbol) [0x00007FF703440149]
	BaseThreadInitThunk [0x00007FFB269B259D+29]
	RtlUserThreadStart [0x00007FFB283CAF38+40]


15:46:15.73 | ERROR | Select & CheckBox | Description: Guide Expert | Error: Traceback (most recent call last):
  File "C:\Users\owner\Desktop\projects\bots\vass\utils\scrapper.py", line 327, in _select_guide_expert_checkbox
    return self.driver.execute_script(
           ^^^^^^^^^^^^^^^^^^^^^^^^^^^
  File "C:\Users\owner\Desktop\projects\bots\vass\venv\Lib\site-packages\selenium\webdriver\remote\webdriver.py", line 440, in execute_script
    return self.execute(command, {"script": script, "args": converted_args})["value"]
           ^^^^^^^^^^^^^^^^^^^^^^^^^^^^^^^^^^^^^^^^^^^^^^^^^^^^^^^^^^^^^^^^^
  File "C:\Users\owner\Desktop\projects\bots\vass\venv\Lib\site-packages\selenium\webdriver\remote\webdriver.py", line 380, in execute
    self.error_handler.check_response(response)
  File "C:\Users\owner\Desktop\projects\bots\vass\venv\Lib\site-packages\selenium\webdriver\remote\errorhandler.py", line 229, in check_response
    raise exception_class(message, screen, stacktrace)
selenium.common.exceptions.JavascriptException: Message: javascript error: select.click is not a function
  (Session info: chrome=130.0.6723.119)
Stacktrace:
	GetHandleVerifier [0x00007FF7037B38A5+3004357]
	(No symbol) [0x00007FF703449970]
	(No symbol) [0x00007FF7032F582A]
	(No symbol) [0x00007FF7032FC2E2]
	(No symbol) [0x00007FF7032FE94F]
	(No symbol) [0x00007FF70338CD20]
	(No symbol) [0x00007FF70336BBDA]
	(No symbol) [0x00007FF70338BA4C]
	(No symbol) [0x00007FF70336B983]
	(No symbol) [0x00007FF703337628]
	(No symbol) [0x00007FF703338791]
	GetHandleVerifier [0x00007FF7037DA00D+3161901]
	GetHandleVerifier [0x00007FF70382E060+3506048]
	GetHandleVerifier [0x00007FF70382400D+3465005]
	GetHandleVerifier [0x00007FF7035A0EEB+830987]
	(No symbol) [0x00007FF70345467F]
	(No symbol) [0x00007FF7034509D4]
	(No symbol) [0x00007FF703450B6D]
	(No symbol) [0x00007FF703440149]
	BaseThreadInitThunk [0x00007FFB269B259D+29]
	RtlUserThreadStart [0x00007FFB283CAF38+40]


15:48:50.20 | SUCCESS | 0.1 Task | Cleaning & Processing & Preping Request Data | Proxy: 212.83.143.103:11564
15:48:50.20 | SUCCESS | 0.0 Process | Initiating Scrapper Class On Selenium
15:48:50.20 | SUCCESS | 1.0 Process | Starting Driver
15:48:54.45 | SUCCESS | 1.1 Attempt 1 to load the page.
15:49:10.89 | SUCCESS | 1.2 Page loaded successfully.
15:49:11.98 | SUCCESS | Activating useCase Autovettura 'Normale'
15:49:25.20 | INFO | reCAPTCHA info found: {'callback': "___grecaptcha_cfg.clients['0']['A']['A']['callback']", 'function': {}, 'id': '0', 'sitekey': '6LcTvwsaAAAAACrX9g0kYHzox2v3VG8E4E9omeYm', 'version': 'V2'}
15:50:06.84 | SUCCESS | Solved captcha: 03AFcWeA51ZN40W1yUgXHexz1w83XQaBae5tHAjff0g_s4dJl584TJk041cLYE4U5YSYoXH0U7t74yPdDbPRsFQ8An_ukNDg9ceiUfxeyrGe-i8lzpYf4kFOvk8zMsfrGthigpdIJTMYnX2UWPZR5tcxZ-KkRmcgorfTcob6VI1oYnWdx2bWV949TMPlUCoZLNSfvUQpcYudn9eHDC5e7qGAkiRANilGk1j0B7sdcZE9ymSUii1I31-YT8VFsB3HCETHvsGGo_yXY9TWh-gnaimxL_1IddnwnLk77Bo2GMlh7B9XxIRX6JsiUqbD7t8i6yObabPRPB9TSdFk8qwXqeW7Ql2RS6gMFWiTDHVg_x98XQIPAAYjTASZt8EnS5C_u3NPSPur3bbNMF_i68gKOHxzheqCIOig19cr576c9up6ktkrsi_mc_gqABXv_pdZDRGNPmXDtwWS5BW6WiyyjkqddZIltT_7lVm_-PJpxklFwMS8pJ9plTKI5qjVrF5NqXI2xJiBKGadFRlupoCMb9c0jDyAeNciuwytbqgOPYRp7wmM98KSDnAJwVjyeh2Pk6DBFAgFxHoS5eVzPn2HKZxqIzBk_-M50Q1D57NILv_sEvydCzES1fO2SbL6n-p58vOWQnstkYZH_W8MT992oWcloJeWjAUoVICqGpKLnuLbNsZuxBu3PIh_-S8yHHDgbsFD-snves3SuasE1uIHsfibvEddV-hB_eaoqpeS9texsS4uHLTGPmiHHTwkAyvYCvkthKin2xKnnACKIhkZB8kHfugOg6hfV3Adq7_6pxt8qi08RwLBJsFyYjeDP71w2lPKuginj1vwumRZoigbSbMVthG2vpWweF5qSGRtuA0wOW7M1dIVlci5C0VCgc5hk_TIw8nUu4aKeOd3K3nu78NZgncRkxjR182eA4jAKMQv2XzL0aO8T3af2OHcn2J7foEExu_paYwjGx
15:51:21.18 | ERROR | Element Activity | Description: Expert Guide/Guida Esperta [CLICK] | Error: Traceback (most recent call last):
  File "C:\Users\owner\Desktop\projects\bots\vass\utils\scrapper.py", line 107, in _check_element
    return custom_wait.until(
           ^^^^^^^^^^^^^^^^^^
  File "C:\Users\owner\Desktop\projects\bots\vass\venv\Lib\site-packages\selenium\webdriver\support\wait.py", line 105, in until
    raise TimeoutException(message, screen, stacktrace)
selenium.common.exceptions.TimeoutException: Message: 
Stacktrace:
	GetHandleVerifier [0x00007FF7037B38A5+3004357]
	(No symbol) [0x00007FF703449970]
	(No symbol) [0x00007FF7032F582A]
	(No symbol) [0x00007FF703345B8E]
	(No symbol) [0x00007FF703345E7C]
	(No symbol) [0x00007FF70338EC27]
	(No symbol) [0x00007FF70336BC1F]
	(No symbol) [0x00007FF70338BA4C]
	(No symbol) [0x00007FF70336B983]
	(No symbol) [0x00007FF703337628]
	(No symbol) [0x00007FF703338791]
	GetHandleVerifier [0x00007FF7037DA00D+3161901]
	GetHandleVerifier [0x00007FF70382E060+3506048]
	GetHandleVerifier [0x00007FF70382400D+3465005]
	GetHandleVerifier [0x00007FF7035A0EEB+830987]
	(No symbol) [0x00007FF70345467F]
	(No symbol) [0x00007FF7034509D4]
	(No symbol) [0x00007FF703450B6D]
	(No symbol) [0x00007FF703440149]
	BaseThreadInitThunk [0x00007FFB269B259D+29]
	RtlUserThreadStart [0x00007FFB283CAF38+40]


15:51:21.19 | ERROR | Button Activity | Description: Expert Guide/Guida Esperta [CLICK] | Error: Traceback (most recent call last):
  File "C:\Users\owner\Desktop\projects\bots\vass\utils\scrapper.py", line 123, in _click_button
    self.driver.execute_script(
  File "C:\Users\owner\Desktop\projects\bots\vass\venv\Lib\site-packages\selenium\webdriver\remote\webdriver.py", line 440, in execute_script
    return self.execute(command, {"script": script, "args": converted_args})["value"]
           ^^^^^^^^^^^^^^^^^^^^^^^^^^^^^^^^^^^^^^^^^^^^^^^^^^^^^^^^^^^^^^^^^
  File "C:\Users\owner\Desktop\projects\bots\vass\venv\Lib\site-packages\selenium\webdriver\remote\webdriver.py", line 380, in execute
    self.error_handler.check_response(response)
  File "C:\Users\owner\Desktop\projects\bots\vass\venv\Lib\site-packages\selenium\webdriver\remote\errorhandler.py", line 229, in check_response
    raise exception_class(message, screen, stacktrace)
selenium.common.exceptions.JavascriptException: Message: javascript error: button.scrollIntoViewIfNeeded is not a function
  (Session info: chrome=130.0.6723.119)
Stacktrace:
	GetHandleVerifier [0x00007FF7037B38A5+3004357]
	(No symbol) [0x00007FF703449970]
	(No symbol) [0x00007FF7032F582A]
	(No symbol) [0x00007FF7032FC2E2]
	(No symbol) [0x00007FF7032FE94F]
	(No symbol) [0x00007FF70338CD20]
	(No symbol) [0x00007FF70336BBDA]
	(No symbol) [0x00007FF70338BA4C]
	(No symbol) [0x00007FF70336B983]
	(No symbol) [0x00007FF703337628]
	(No symbol) [0x00007FF703338791]
	GetHandleVerifier [0x00007FF7037DA00D+3161901]
	GetHandleVerifier [0x00007FF70382E060+3506048]
	GetHandleVerifier [0x00007FF70382400D+3465005]
	GetHandleVerifier [0x00007FF7035A0EEB+830987]
	(No symbol) [0x00007FF70345467F]
	(No symbol) [0x00007FF7034509D4]
	(No symbol) [0x00007FF703450B6D]
	(No symbol) [0x00007FF703440149]
	BaseThreadInitThunk [0x00007FFB269B259D+29]
	RtlUserThreadStart [0x00007FFB283CAF38+40]


15:51:23.26 | ERROR | Element Activity | Description: Checkbox switcher | Error: Traceback (most recent call last):
  File "C:\Users\owner\Desktop\projects\bots\vass\utils\scrapper.py", line 107, in _check_element
    return custom_wait.until(
           ^^^^^^^^^^^^^^^^^^
  File "C:\Users\owner\Desktop\projects\bots\vass\venv\Lib\site-packages\selenium\webdriver\support\wait.py", line 105, in until
    raise TimeoutException(message, screen, stacktrace)
selenium.common.exceptions.TimeoutException: Message: 
Stacktrace:
	GetHandleVerifier [0x00007FF7037B38A5+3004357]
	(No symbol) [0x00007FF703449970]
	(No symbol) [0x00007FF7032F582A]
	(No symbol) [0x00007FF703345B8E]
	(No symbol) [0x00007FF703345E7C]
	(No symbol) [0x00007FF70338EC27]
	(No symbol) [0x00007FF70336BC1F]
	(No symbol) [0x00007FF70338BA4C]
	(No symbol) [0x00007FF70336B983]
	(No symbol) [0x00007FF703337628]
	(No symbol) [0x00007FF703338791]
	GetHandleVerifier [0x00007FF7037DA00D+3161901]
	GetHandleVerifier [0x00007FF70382E060+3506048]
	GetHandleVerifier [0x00007FF70382400D+3465005]
	GetHandleVerifier [0x00007FF7035A0EEB+830987]
	(No symbol) [0x00007FF70345467F]
	(No symbol) [0x00007FF7034509D4]
	(No symbol) [0x00007FF703450B6D]
	(No symbol) [0x00007FF703440149]
	BaseThreadInitThunk [0x00007FFB269B259D+29]
	RtlUserThreadStart [0x00007FFB283CAF38+40]


15:51:25.28 | ERROR | Element Activity | Description: Checkbox Ivass switcher | Error: Traceback (most recent call last):
  File "C:\Users\owner\Desktop\projects\bots\vass\utils\scrapper.py", line 107, in _check_element
    return custom_wait.until(
           ^^^^^^^^^^^^^^^^^^
  File "C:\Users\owner\Desktop\projects\bots\vass\venv\Lib\site-packages\selenium\webdriver\support\wait.py", line 105, in until
    raise TimeoutException(message, screen, stacktrace)
selenium.common.exceptions.TimeoutException: Message: 
Stacktrace:
	GetHandleVerifier [0x00007FF7037B38A5+3004357]
	(No symbol) [0x00007FF703449970]
	(No symbol) [0x00007FF7032F582A]
	(No symbol) [0x00007FF703345B8E]
	(No symbol) [0x00007FF703345E7C]
	(No symbol) [0x00007FF70338EC27]
	(No symbol) [0x00007FF70336BC1F]
	(No symbol) [0x00007FF70338BA4C]
	(No symbol) [0x00007FF70336B983]
	(No symbol) [0x00007FF703337628]
	(No symbol) [0x00007FF703338791]
	GetHandleVerifier [0x00007FF7037DA00D+3161901]
	GetHandleVerifier [0x00007FF70382E060+3506048]
	GetHandleVerifier [0x00007FF70382400D+3465005]
	GetHandleVerifier [0x00007FF7035A0EEB+830987]
	(No symbol) [0x00007FF70345467F]
	(No symbol) [0x00007FF7034509D4]
	(No symbol) [0x00007FF703450B6D]
	(No symbol) [0x00007FF703440149]
	BaseThreadInitThunk [0x00007FFB269B259D+29]
	RtlUserThreadStart [0x00007FFB283CAF38+40]


15:51:25.30 | ERROR | Select & CheckBox | Description: Guide Expert | Error: Traceback (most recent call last):
  File "C:\Users\owner\Desktop\projects\bots\vass\utils\scrapper.py", line 327, in _select_guide_expert_checkbox
    return self.driver.execute_script(
           ^^^^^^^^^^^^^^^^^^^^^^^^^^^
  File "C:\Users\owner\Desktop\projects\bots\vass\venv\Lib\site-packages\selenium\webdriver\remote\webdriver.py", line 440, in execute_script
    return self.execute(command, {"script": script, "args": converted_args})["value"]
           ^^^^^^^^^^^^^^^^^^^^^^^^^^^^^^^^^^^^^^^^^^^^^^^^^^^^^^^^^^^^^^^^^
  File "C:\Users\owner\Desktop\projects\bots\vass\venv\Lib\site-packages\selenium\webdriver\remote\webdriver.py", line 380, in execute
    self.error_handler.check_response(response)
  File "C:\Users\owner\Desktop\projects\bots\vass\venv\Lib\site-packages\selenium\webdriver\remote\errorhandler.py", line 229, in check_response
    raise exception_class(message, screen, stacktrace)
selenium.common.exceptions.JavascriptException: Message: javascript error: select.click is not a function
  (Session info: chrome=130.0.6723.119)
Stacktrace:
	GetHandleVerifier [0x00007FF7037B38A5+3004357]
	(No symbol) [0x00007FF703449970]
	(No symbol) [0x00007FF7032F582A]
	(No symbol) [0x00007FF7032FC2E2]
	(No symbol) [0x00007FF7032FE94F]
	(No symbol) [0x00007FF70338CD20]
	(No symbol) [0x00007FF70336BBDA]
	(No symbol) [0x00007FF70338BA4C]
	(No symbol) [0x00007FF70336B983]
	(No symbol) [0x00007FF703337628]
	(No symbol) [0x00007FF703338791]
	GetHandleVerifier [0x00007FF7037DA00D+3161901]
	GetHandleVerifier [0x00007FF70382E060+3506048]
	GetHandleVerifier [0x00007FF70382400D+3465005]
	GetHandleVerifier [0x00007FF7035A0EEB+830987]
	(No symbol) [0x00007FF70345467F]
	(No symbol) [0x00007FF7034509D4]
	(No symbol) [0x00007FF703450B6D]
	(No symbol) [0x00007FF703440149]
	BaseThreadInitThunk [0x00007FFB269B259D+29]
	RtlUserThreadStart [0x00007FFB283CAF38+40]


15:51:42.66 | ERROR | Element Activity | Description: Dialog of Summary | Error: Traceback (most recent call last):
  File "C:\Users\owner\Desktop\projects\bots\vass\utils\scrapper.py", line 107, in _check_element
    return custom_wait.until(
           ^^^^^^^^^^^^^^^^^^
  File "C:\Users\owner\Desktop\projects\bots\vass\venv\Lib\site-packages\selenium\webdriver\support\wait.py", line 105, in until
    raise TimeoutException(message, screen, stacktrace)
selenium.common.exceptions.TimeoutException: Message: 
Stacktrace:
	GetHandleVerifier [0x00007FF7037B38A5+3004357]
	(No symbol) [0x00007FF703449970]
	(No symbol) [0x00007FF7032F582A]
	(No symbol) [0x00007FF703345B8E]
	(No symbol) [0x00007FF703345E7C]
	(No symbol) [0x00007FF70338EC27]
	(No symbol) [0x00007FF70336BC1F]
	(No symbol) [0x00007FF70338BA4C]
	(No symbol) [0x00007FF70336B983]
	(No symbol) [0x00007FF703337628]
	(No symbol) [0x00007FF703338791]
	GetHandleVerifier [0x00007FF7037DA00D+3161901]
	GetHandleVerifier [0x00007FF70382E060+3506048]
	GetHandleVerifier [0x00007FF70382400D+3465005]
	GetHandleVerifier [0x00007FF7035A0EEB+830987]
	(No symbol) [0x00007FF70345467F]
	(No symbol) [0x00007FF7034509D4]
	(No symbol) [0x00007FF703450B6D]
	(No symbol) [0x00007FF703440149]
	BaseThreadInitThunk [0x00007FFB269B259D+29]
	RtlUserThreadStart [0x00007FFB283CAF38+40]


15:51:42.67 | ERROR | There was a problem inserting [] to database | Error is 'Scrapper' object has no attribute 'req'
15:51:42.67 | SUCCESS | Terminating Session
18:19:09.64 | SUCCESS | 0.1 Task | Cleaning & Processing & Preping Request Data | Proxy: 212.83.143.103:11564
18:19:09.64 | SUCCESS | 0.0 Process | Initiating Scrapper Class On Selenium
18:19:09.64 | SUCCESS | 1.0 Process | Starting Driver
18:19:15.04 | SUCCESS | 1.1 Attempt 1 to load the page.
18:19:36.35 | SUCCESS | 1.2 Page loaded successfully.
18:19:36.45 | SUCCESS | Activating useCase Autovettura 'Normale'
18:19:38.75 | INFO | reCAPTCHA info found: {'callback': "___grecaptcha_cfg.clients['0']['A']['A']['callback']", 'function': {}, 'id': '0', 'sitekey': '6LcTvwsaAAAAACrX9g0kYHzox2v3VG8E4E9omeYm', 'version': 'V2'}
18:19:42.10 | SUCCESS | Solved captcha: 500 Internal Server Error
18:19:44.77 | ERROR | <<< An Error occurred: {"status": 500, "message": "Get ready to save data"}; Traceback: Traceback (most recent call last):
  File "C:\Users\owner\Desktop\projects\bots\vass\utils\scrapper.py", line 663, in start
    return self.use_case_normale()
           ^^^^^^^^^^^^^^^^^^^^^^^
  File "C:\Users\owner\Desktop\projects\bots\vass\utils\scrapper.py", line 768, in use_case_normale
    self.normale_step_1()
  File "C:\Users\owner\Desktop\projects\bots\vass\utils\scrapper.py", line 829, in normale_step_1
    self.continue_button()
  File "C:\Users\owner\Desktop\projects\bots\vass\utils\scrapper.py", line 359, in continue_button
    self.check_if_any_error()
  File "C:\Users\owner\Desktop\projects\bots\vass\utils\scrapper.py", line 388, in check_if_any_error
    raise e
  File "C:\Users\owner\Desktop\projects\bots\vass\utils\scrapper.py", line 376, in check_if_any_error
    raise ValueError(
ValueError: {"status": 500, "message": "Get ready to save data"}
>>>
18:19:44.78 | SUCCESS | Terminating Session
18:19:46.96 | ERROR | Error occurred >>> Object of type ValueError is not JSON serializable ::::-> __TRACEBACK__ Traceback (most recent call last):
  File "C:\Users\owner\Desktop\projects\bots\vass\utils\scrapper.py", line 663, in start
    return self.use_case_normale()
           ^^^^^^^^^^^^^^^^^^^^^^^
  File "C:\Users\owner\Desktop\projects\bots\vass\utils\scrapper.py", line 768, in use_case_normale
    self.normale_step_1()
  File "C:\Users\owner\Desktop\projects\bots\vass\utils\scrapper.py", line 829, in normale_step_1
    self.continue_button()
  File "C:\Users\owner\Desktop\projects\bots\vass\utils\scrapper.py", line 359, in continue_button
    self.check_if_any_error()
  File "C:\Users\owner\Desktop\projects\bots\vass\utils\scrapper.py", line 388, in check_if_any_error
    raise e
  File "C:\Users\owner\Desktop\projects\bots\vass\utils\scrapper.py", line 376, in check_if_any_error
    raise ValueError(
ValueError: {"status": 500, "message": "Get ready to save data"}

During handling of the above exception, another exception occurred:

Traceback (most recent call last):
  File "C:\Users\owner\Desktop\projects\bots\vass\utils\views.py", line 47, in start_prep_data
    return BotScrapper(data, db).start()
           ^^^^^^^^^^^^^^^^^^^^^^^^^^^^^
  File "C:\Users\owner\Desktop\projects\bots\vass\utils\scrapper.py", line 696, in start
    return error_response_model(
           ^^^^^^^^^^^^^^^^^^^^^
  File "C:\Users\owner\Desktop\projects\bots\vass\response.py", line 16, in error_response_model
    return JSONResponse(
           ^^^^^^^^^^^^^
  File "C:\Users\owner\Desktop\projects\bots\vass\venv\Lib\site-packages\starlette\responses.py", line 180, in __init__
    super().__init__(content, status_code, headers, media_type, background)
  File "C:\Users\owner\Desktop\projects\bots\vass\venv\Lib\site-packages\starlette\responses.py", line 43, in __init__
    self.body = self.render(content)
                ^^^^^^^^^^^^^^^^^^^^
  File "C:\Users\owner\Desktop\projects\bots\vass\venv\Lib\site-packages\starlette\responses.py", line 183, in render
    return json.dumps(
           ^^^^^^^^^^^
  File "C:\Program Files\WindowsApps\PythonSoftwareFoundation.Python.3.11_3.11.2544.0_x64__qbz5n2kfra8p0\Lib\json\__init__.py", line 238, in dumps
    **kw).encode(obj)
          ^^^^^^^^^^^
  File "C:\Program Files\WindowsApps\PythonSoftwareFoundation.Python.3.11_3.11.2544.0_x64__qbz5n2kfra8p0\Lib\json\encoder.py", line 200, in encode
    chunks = self.iterencode(o, _one_shot=True)
             ^^^^^^^^^^^^^^^^^^^^^^^^^^^^^^^^^^
  File "C:\Program Files\WindowsApps\PythonSoftwareFoundation.Python.3.11_3.11.2544.0_x64__qbz5n2kfra8p0\Lib\json\encoder.py", line 258, in iterencode
    return _iterencode(o, 0)
           ^^^^^^^^^^^^^^^^^
  File "C:\Program Files\WindowsApps\PythonSoftwareFoundation.Python.3.11_3.11.2544.0_x64__qbz5n2kfra8p0\Lib\json\encoder.py", line 180, in default
    raise TypeError(f'Object of type {o.__class__.__name__} '
TypeError: Object of type ValueError is not JSON serializable
 <<<
18:21:04.76 | SUCCESS | 0.1 Task | Cleaning & Processing & Preping Request Data | Proxy: 212.83.143.103:11564
18:21:04.76 | SUCCESS | 0.0 Process | Initiating Scrapper Class On Selenium
18:21:04.76 | SUCCESS | 1.0 Process | Starting Driver
18:21:08.06 | SUCCESS | 1.1 Attempt 1 to load the page.
18:21:34.54 | SUCCESS | 1.2 Page loaded successfully.
18:21:34.61 | SUCCESS | Activating useCase Autovettura 'Normale'
18:21:36.85 | INFO | reCAPTCHA info found: {'callback': "___grecaptcha_cfg.clients['0']['A']['A']['callback']", 'function': {}, 'id': '0', 'sitekey': '6LcTvwsaAAAAACrX9g0kYHzox2v3VG8E4E9omeYm', 'version': 'V2'}
18:22:01.65 | SUCCESS | Solved captcha: 500 Internal Server Error
18:22:04.33 | ERROR | <<< An Error occurred: {"status": 500, "message": "Get ready to save data"}; Traceback: Traceback (most recent call last):
  File "C:\Users\owner\Desktop\projects\bots\vass\utils\scrapper.py", line 663, in start
    return self.use_case_normale()
           ^^^^^^^^^^^^^^^^^^^^^^^
  File "C:\Users\owner\Desktop\projects\bots\vass\utils\scrapper.py", line 768, in use_case_normale
    self.normale_step_1()
  File "C:\Users\owner\Desktop\projects\bots\vass\utils\scrapper.py", line 829, in normale_step_1
    self.continue_button()
  File "C:\Users\owner\Desktop\projects\bots\vass\utils\scrapper.py", line 359, in continue_button
    self.check_if_any_error()
  File "C:\Users\owner\Desktop\projects\bots\vass\utils\scrapper.py", line 388, in check_if_any_error
    raise e
  File "C:\Users\owner\Desktop\projects\bots\vass\utils\scrapper.py", line 376, in check_if_any_error
    raise ValueError(
ValueError: {"status": 500, "message": "Get ready to save data"}
>>>
18:22:04.33 | SUCCESS | Terminating Session
18:22:06.52 | ERROR | Error occurred >>> Object of type ValueError is not JSON serializable ::::-> __TRACEBACK__ Traceback (most recent call last):
  File "C:\Users\owner\Desktop\projects\bots\vass\utils\scrapper.py", line 663, in start
    return self.use_case_normale()
           ^^^^^^^^^^^^^^^^^^^^^^^
  File "C:\Users\owner\Desktop\projects\bots\vass\utils\scrapper.py", line 768, in use_case_normale
    self.normale_step_1()
  File "C:\Users\owner\Desktop\projects\bots\vass\utils\scrapper.py", line 829, in normale_step_1
    self.continue_button()
  File "C:\Users\owner\Desktop\projects\bots\vass\utils\scrapper.py", line 359, in continue_button
    self.check_if_any_error()
  File "C:\Users\owner\Desktop\projects\bots\vass\utils\scrapper.py", line 388, in check_if_any_error
    raise e
  File "C:\Users\owner\Desktop\projects\bots\vass\utils\scrapper.py", line 376, in check_if_any_error
    raise ValueError(
ValueError: {"status": 500, "message": "Get ready to save data"}

During handling of the above exception, another exception occurred:

Traceback (most recent call last):
  File "C:\Users\owner\Desktop\projects\bots\vass\utils\views.py", line 47, in start_prep_data
    return BotScrapper(data, db).start()
           ^^^^^^^^^^^^^^^^^^^^^^^^^^^^^
  File "C:\Users\owner\Desktop\projects\bots\vass\utils\scrapper.py", line 696, in start
    return error_response_model(
           ^^^^^^^^^^^^^^^^^^^^^
  File "C:\Users\owner\Desktop\projects\bots\vass\response.py", line 16, in error_response_model
    return JSONResponse(
           ^^^^^^^^^^^^^
  File "C:\Users\owner\Desktop\projects\bots\vass\venv\Lib\site-packages\starlette\responses.py", line 180, in __init__
    super().__init__(content, status_code, headers, media_type, background)
  File "C:\Users\owner\Desktop\projects\bots\vass\venv\Lib\site-packages\starlette\responses.py", line 43, in __init__
    self.body = self.render(content)
                ^^^^^^^^^^^^^^^^^^^^
  File "C:\Users\owner\Desktop\projects\bots\vass\venv\Lib\site-packages\starlette\responses.py", line 183, in render
    return json.dumps(
           ^^^^^^^^^^^
  File "C:\Program Files\WindowsApps\PythonSoftwareFoundation.Python.3.11_3.11.2544.0_x64__qbz5n2kfra8p0\Lib\json\__init__.py", line 238, in dumps
    **kw).encode(obj)
          ^^^^^^^^^^^
  File "C:\Program Files\WindowsApps\PythonSoftwareFoundation.Python.3.11_3.11.2544.0_x64__qbz5n2kfra8p0\Lib\json\encoder.py", line 200, in encode
    chunks = self.iterencode(o, _one_shot=True)
             ^^^^^^^^^^^^^^^^^^^^^^^^^^^^^^^^^^
  File "C:\Program Files\WindowsApps\PythonSoftwareFoundation.Python.3.11_3.11.2544.0_x64__qbz5n2kfra8p0\Lib\json\encoder.py", line 258, in iterencode
    return _iterencode(o, 0)
           ^^^^^^^^^^^^^^^^^
  File "C:\Program Files\WindowsApps\PythonSoftwareFoundation.Python.3.11_3.11.2544.0_x64__qbz5n2kfra8p0\Lib\json\encoder.py", line 180, in default
    raise TypeError(f'Object of type {o.__class__.__name__} '
TypeError: Object of type ValueError is not JSON serializable
 <<<
18:39:16.97 | SUCCESS | 0.1 Task | Cleaning & Processing & Preping Request Data | Proxy: 212.83.143.103:11564
18:39:16.97 | SUCCESS | 0.0 Process | Initiating Scrapper Class On Selenium
18:39:16.97 | SUCCESS | 1.0 Process | Starting Driver
18:39:20.55 | SUCCESS | 1.1 Attempt 1 to load the page.
18:39:41.92 | SUCCESS | 1.2 Page loaded successfully.
18:39:41.98 | SUCCESS | Activating useCase Autovettura 'Normale'
18:39:44.26 | INFO | reCAPTCHA info found: {'callback': "___grecaptcha_cfg.clients['0']['A']['A']['callback']", 'function': {}, 'id': '0', 'sitekey': '6LcTvwsaAAAAACrX9g0kYHzox2v3VG8E4E9omeYm', 'version': 'V2'}
18:39:44.73 | ERROR | 2Captcha | Unable to Solve Captcha | Please crosscheck
18:39:44.73 | ERROR | Captcha Activity | Description: Solving Recaptcha [iFRAME] | Error: Traceback (most recent call last):
  File "C:\Users\owner\Desktop\projects\bots\vass\utils\scrapper.py", line 507, in solve_captcha
    restart_captcha_frame(restart=False)
TypeError: Scrapper.solve_captcha.<locals>.restart_captcha_frame() got an unexpected keyword argument 'restart'

18:39:44.73 | INFO | Reloading captcha frame... (Attempt 1/5)
18:39:44.77 | ERROR | <<< An Error occurred: Scrapper.solve_captcha() got an unexpected keyword argument 'descriptor'; Traceback: Traceback (most recent call last):
  File "C:\Users\owner\Desktop\projects\bots\vass\utils\scrapper.py", line 507, in solve_captcha
    restart_captcha_frame(restart=False)
TypeError: Scrapper.solve_captcha.<locals>.restart_captcha_frame() got an unexpected keyword argument 'restart'

During handling of the above exception, another exception occurred:

Traceback (most recent call last):
  File "C:\Users\owner\Desktop\projects\bots\vass\utils\scrapper.py", line 663, in start
    return self.use_case_normale()
           ^^^^^^^^^^^^^^^^^^^^^^^
  File "C:\Users\owner\Desktop\projects\bots\vass\utils\scrapper.py", line 768, in use_case_normale
    self.normale_step_1()
  File "C:\Users\owner\Desktop\projects\bots\vass\utils\scrapper.py", line 827, in normale_step_1
    self.solve_captcha()
  File "C:\Users\owner\Desktop\projects\bots\vass\utils\scrapper.py", line 534, in solve_captcha
    restart_captcha_frame()
  File "C:\Users\owner\Desktop\projects\bots\vass\utils\scrapper.py", line 415, in restart_captcha_frame
    self.solve_captcha(
TypeError: Scrapper.solve_captcha() got an unexpected keyword argument 'descriptor'
>>>
18:39:44.77 | SUCCESS | Terminating Session
18:39:47.35 | ERROR | Error occurred >>> Object of type TypeError is not JSON serializable ::::-> __TRACEBACK__ Traceback (most recent call last):
  File "C:\Users\owner\Desktop\projects\bots\vass\utils\scrapper.py", line 507, in solve_captcha
    restart_captcha_frame(restart=False)
TypeError: Scrapper.solve_captcha.<locals>.restart_captcha_frame() got an unexpected keyword argument 'restart'

During handling of the above exception, another exception occurred:

Traceback (most recent call last):
  File "C:\Users\owner\Desktop\projects\bots\vass\utils\scrapper.py", line 663, in start
    return self.use_case_normale()
           ^^^^^^^^^^^^^^^^^^^^^^^
  File "C:\Users\owner\Desktop\projects\bots\vass\utils\scrapper.py", line 768, in use_case_normale
    self.normale_step_1()
  File "C:\Users\owner\Desktop\projects\bots\vass\utils\scrapper.py", line 827, in normale_step_1
    self.solve_captcha()
  File "C:\Users\owner\Desktop\projects\bots\vass\utils\scrapper.py", line 534, in solve_captcha
    restart_captcha_frame()
  File "C:\Users\owner\Desktop\projects\bots\vass\utils\scrapper.py", line 415, in restart_captcha_frame
    self.solve_captcha(
TypeError: Scrapper.solve_captcha() got an unexpected keyword argument 'descriptor'

During handling of the above exception, another exception occurred:

Traceback (most recent call last):
  File "C:\Users\owner\Desktop\projects\bots\vass\utils\views.py", line 47, in start_prep_data
    return BotScrapper(data, db).start()
           ^^^^^^^^^^^^^^^^^^^^^^^^^^^^^
  File "C:\Users\owner\Desktop\projects\bots\vass\utils\scrapper.py", line 696, in start
    return error_response_model(
           ^^^^^^^^^^^^^^^^^^^^^
  File "C:\Users\owner\Desktop\projects\bots\vass\response.py", line 16, in error_response_model
    return JSONResponse(
           ^^^^^^^^^^^^^
  File "C:\Users\owner\Desktop\projects\bots\vass\venv\Lib\site-packages\starlette\responses.py", line 180, in __init__
    super().__init__(content, status_code, headers, media_type, background)
  File "C:\Users\owner\Desktop\projects\bots\vass\venv\Lib\site-packages\starlette\responses.py", line 43, in __init__
    self.body = self.render(content)
                ^^^^^^^^^^^^^^^^^^^^
  File "C:\Users\owner\Desktop\projects\bots\vass\venv\Lib\site-packages\starlette\responses.py", line 183, in render
    return json.dumps(
           ^^^^^^^^^^^
  File "C:\Program Files\WindowsApps\PythonSoftwareFoundation.Python.3.11_3.11.2544.0_x64__qbz5n2kfra8p0\Lib\json\__init__.py", line 238, in dumps
    **kw).encode(obj)
          ^^^^^^^^^^^
  File "C:\Program Files\WindowsApps\PythonSoftwareFoundation.Python.3.11_3.11.2544.0_x64__qbz5n2kfra8p0\Lib\json\encoder.py", line 200, in encode
    chunks = self.iterencode(o, _one_shot=True)
             ^^^^^^^^^^^^^^^^^^^^^^^^^^^^^^^^^^
  File "C:\Program Files\WindowsApps\PythonSoftwareFoundation.Python.3.11_3.11.2544.0_x64__qbz5n2kfra8p0\Lib\json\encoder.py", line 258, in iterencode
    return _iterencode(o, 0)
           ^^^^^^^^^^^^^^^^^
  File "C:\Program Files\WindowsApps\PythonSoftwareFoundation.Python.3.11_3.11.2544.0_x64__qbz5n2kfra8p0\Lib\json\encoder.py", line 180, in default
    raise TypeError(f'Object of type {o.__class__.__name__} '
TypeError: Object of type TypeError is not JSON serializable
 <<<
20:05:51.58 | SUCCESS | 0.1 Task | Cleaning & Processing & Preping Request Data | Proxy: 212.83.143.103:11564
20:05:51.60 | SUCCESS | 0.0 Process | Initiating Scrapper Class On Selenium
20:05:51.60 | SUCCESS | 1.0 Process | Starting Driver
20:05:58.02 | SUCCESS | 1.1 Attempt 1 to load the page.
20:06:39.28 | SUCCESS | 1.2 Page loaded successfully.
20:06:40.88 | SUCCESS | Activating useCase Autovettura 'Normale'
20:06:59.51 | ERROR | Element Activity | Description: iFrame of Captcha | Error: Traceback (most recent call last):
  File "C:\Users\owner\Desktop\projects\bots\vass\utils\scrapper.py", line 107, in _check_element
    return custom_wait.until(
           ^^^^^^^^^^^^^^^^^^
  File "C:\Users\owner\Desktop\projects\bots\vass\venv\Lib\site-packages\selenium\webdriver\support\wait.py", line 105, in until
    raise TimeoutException(message, screen, stacktrace)
selenium.common.exceptions.TimeoutException: Message: 
Stacktrace:
	GetHandleVerifier [0x00007FF79D4838A5+3004357]
	(No symbol) [0x00007FF79D119970]
	(No symbol) [0x00007FF79CFC582A]
	(No symbol) [0x00007FF79D015B8E]
	(No symbol) [0x00007FF79D015E7C]
	(No symbol) [0x00007FF79D05EC27]
	(No symbol) [0x00007FF79D03BC1F]
	(No symbol) [0x00007FF79D05BA4C]
	(No symbol) [0x00007FF79D03B983]
	(No symbol) [0x00007FF79D007628]
	(No symbol) [0x00007FF79D008791]
	GetHandleVerifier [0x00007FF79D4AA00D+3161901]
	GetHandleVerifier [0x00007FF79D4FE060+3506048]
	GetHandleVerifier [0x00007FF79D4F400D+3465005]
	GetHandleVerifier [0x00007FF79D270EEB+830987]
	(No symbol) [0x00007FF79D12467F]
	(No symbol) [0x00007FF79D1209D4]
	(No symbol) [0x00007FF79D120B6D]
	(No symbol) [0x00007FF79D110149]
	BaseThreadInitThunk [0x00007FFB269B259D+29]
	RtlUserThreadStart [0x00007FFB283CAF38+40]


20:06:59.58 | ERROR | Captcha Activity | Description: Solving Recaptcha [iFRAME] | Error: Traceback (most recent call last):
  File "C:\Users\owner\Desktop\projects\bots\vass\utils\scrapper.py", line 452, in solve_captcha
    self.driver.switch_to.frame(recaptcha_frame)
  File "C:\Users\owner\Desktop\projects\bots\vass\venv\Lib\site-packages\selenium\webdriver\remote\switch_to.py", line 95, in frame
    self._driver.execute(Command.SWITCH_TO_FRAME, {"id": frame_reference})
  File "C:\Users\owner\Desktop\projects\bots\vass\venv\Lib\site-packages\selenium\webdriver\remote\webdriver.py", line 380, in execute
    self.error_handler.check_response(response)
  File "C:\Users\owner\Desktop\projects\bots\vass\venv\Lib\site-packages\selenium\webdriver\remote\errorhandler.py", line 229, in check_response
    raise exception_class(message, screen, stacktrace)
selenium.common.exceptions.InvalidArgumentException: Message: invalid argument: invalid 'id'
  (Session info: chrome=130.0.6723.119)
Stacktrace:
	GetHandleVerifier [0x00007FF79D4838A5+3004357]
	(No symbol) [0x00007FF79D119970]
	(No symbol) [0x00007FF79CFC582A]
	(No symbol) [0x00007FF79D05DEDA]
	(No symbol) [0x00007FF79D03BBDA]
	(No symbol) [0x00007FF79D05BA4C]
	(No symbol) [0x00007FF79D03B983]
	(No symbol) [0x00007FF79D007628]
	(No symbol) [0x00007FF79D008791]
	GetHandleVerifier [0x00007FF79D4AA00D+3161901]
	GetHandleVerifier [0x00007FF79D4FE060+3506048]
	GetHandleVerifier [0x00007FF79D4F400D+3465005]
	GetHandleVerifier [0x00007FF79D270EEB+830987]
	(No symbol) [0x00007FF79D12467F]
	(No symbol) [0x00007FF79D1209D4]
	(No symbol) [0x00007FF79D120B6D]
	(No symbol) [0x00007FF79D110149]
	BaseThreadInitThunk [0x00007FFB269B259D+29]
	RtlUserThreadStart [0x00007FFB283CAF38+40]


20:06:59.59 | INFO | Reloading captcha frame... (Attempt 1/5)
20:06:59.61 | ERROR | <<< An Error occurred: Scrapper.solve_captcha() got an unexpected keyword argument 'descriptor'; Traceback: Traceback (most recent call last):
  File "C:\Users\owner\Desktop\projects\bots\vass\utils\scrapper.py", line 452, in solve_captcha
    self.driver.switch_to.frame(recaptcha_frame)
  File "C:\Users\owner\Desktop\projects\bots\vass\venv\Lib\site-packages\selenium\webdriver\remote\switch_to.py", line 95, in frame
    self._driver.execute(Command.SWITCH_TO_FRAME, {"id": frame_reference})
  File "C:\Users\owner\Desktop\projects\bots\vass\venv\Lib\site-packages\selenium\webdriver\remote\webdriver.py", line 380, in execute
    self.error_handler.check_response(response)
  File "C:\Users\owner\Desktop\projects\bots\vass\venv\Lib\site-packages\selenium\webdriver\remote\errorhandler.py", line 229, in check_response
    raise exception_class(message, screen, stacktrace)
selenium.common.exceptions.InvalidArgumentException: Message: invalid argument: invalid 'id'
  (Session info: chrome=130.0.6723.119)
Stacktrace:
	GetHandleVerifier [0x00007FF79D4838A5+3004357]
	(No symbol) [0x00007FF79D119970]
	(No symbol) [0x00007FF79CFC582A]
	(No symbol) [0x00007FF79D05DEDA]
	(No symbol) [0x00007FF79D03BBDA]
	(No symbol) [0x00007FF79D05BA4C]
	(No symbol) [0x00007FF79D03B983]
	(No symbol) [0x00007FF79D007628]
	(No symbol) [0x00007FF79D008791]
	GetHandleVerifier [0x00007FF79D4AA00D+3161901]
	GetHandleVerifier [0x00007FF79D4FE060+3506048]
	GetHandleVerifier [0x00007FF79D4F400D+3465005]
	GetHandleVerifier [0x00007FF79D270EEB+830987]
	(No symbol) [0x00007FF79D12467F]
	(No symbol) [0x00007FF79D1209D4]
	(No symbol) [0x00007FF79D120B6D]
	(No symbol) [0x00007FF79D110149]
	BaseThreadInitThunk [0x00007FFB269B259D+29]
	RtlUserThreadStart [0x00007FFB283CAF38+40]


During handling of the above exception, another exception occurred:

Traceback (most recent call last):
  File "C:\Users\owner\Desktop\projects\bots\vass\utils\scrapper.py", line 663, in start
    return self.use_case_normale()
           ^^^^^^^^^^^^^^^^^^^^^^^
  File "C:\Users\owner\Desktop\projects\bots\vass\utils\scrapper.py", line 768, in use_case_normale
    self.normale_step_1()
  File "C:\Users\owner\Desktop\projects\bots\vass\utils\scrapper.py", line 827, in normale_step_1
    self.solve_captcha()
  File "C:\Users\owner\Desktop\projects\bots\vass\utils\scrapper.py", line 534, in solve_captcha
    restart_captcha_frame()
  File "C:\Users\owner\Desktop\projects\bots\vass\utils\scrapper.py", line 415, in restart_captcha_frame
    self.solve_captcha(
TypeError: Scrapper.solve_captcha() got an unexpected keyword argument 'descriptor'
>>>
20:06:59.63 | SUCCESS | Terminating Session
20:07:01.85 | ERROR | Error occurred >>> Object of type TypeError is not JSON serializable ::::-> __TRACEBACK__ Traceback (most recent call last):
  File "C:\Users\owner\Desktop\projects\bots\vass\utils\scrapper.py", line 452, in solve_captcha
    self.driver.switch_to.frame(recaptcha_frame)
  File "C:\Users\owner\Desktop\projects\bots\vass\venv\Lib\site-packages\selenium\webdriver\remote\switch_to.py", line 95, in frame
    self._driver.execute(Command.SWITCH_TO_FRAME, {"id": frame_reference})
  File "C:\Users\owner\Desktop\projects\bots\vass\venv\Lib\site-packages\selenium\webdriver\remote\webdriver.py", line 380, in execute
    self.error_handler.check_response(response)
  File "C:\Users\owner\Desktop\projects\bots\vass\venv\Lib\site-packages\selenium\webdriver\remote\errorhandler.py", line 229, in check_response
    raise exception_class(message, screen, stacktrace)
selenium.common.exceptions.InvalidArgumentException: Message: invalid argument: invalid 'id'
  (Session info: chrome=130.0.6723.119)
Stacktrace:
	GetHandleVerifier [0x00007FF79D4838A5+3004357]
	(No symbol) [0x00007FF79D119970]
	(No symbol) [0x00007FF79CFC582A]
	(No symbol) [0x00007FF79D05DEDA]
	(No symbol) [0x00007FF79D03BBDA]
	(No symbol) [0x00007FF79D05BA4C]
	(No symbol) [0x00007FF79D03B983]
	(No symbol) [0x00007FF79D007628]
	(No symbol) [0x00007FF79D008791]
	GetHandleVerifier [0x00007FF79D4AA00D+3161901]
	GetHandleVerifier [0x00007FF79D4FE060+3506048]
	GetHandleVerifier [0x00007FF79D4F400D+3465005]
	GetHandleVerifier [0x00007FF79D270EEB+830987]
	(No symbol) [0x00007FF79D12467F]
	(No symbol) [0x00007FF79D1209D4]
	(No symbol) [0x00007FF79D120B6D]
	(No symbol) [0x00007FF79D110149]
	BaseThreadInitThunk [0x00007FFB269B259D+29]
	RtlUserThreadStart [0x00007FFB283CAF38+40]


During handling of the above exception, another exception occurred:

Traceback (most recent call last):
  File "C:\Users\owner\Desktop\projects\bots\vass\utils\scrapper.py", line 663, in start
    return self.use_case_normale()
           ^^^^^^^^^^^^^^^^^^^^^^^
  File "C:\Users\owner\Desktop\projects\bots\vass\utils\scrapper.py", line 768, in use_case_normale
    self.normale_step_1()
  File "C:\Users\owner\Desktop\projects\bots\vass\utils\scrapper.py", line 827, in normale_step_1
    self.solve_captcha()
  File "C:\Users\owner\Desktop\projects\bots\vass\utils\scrapper.py", line 534, in solve_captcha
    restart_captcha_frame()
  File "C:\Users\owner\Desktop\projects\bots\vass\utils\scrapper.py", line 415, in restart_captcha_frame
    self.solve_captcha(
TypeError: Scrapper.solve_captcha() got an unexpected keyword argument 'descriptor'

During handling of the above exception, another exception occurred:

Traceback (most recent call last):
  File "C:\Users\owner\Desktop\projects\bots\vass\utils\views.py", line 47, in start_prep_data
    return BotScrapper(data, db).start()
           ^^^^^^^^^^^^^^^^^^^^^^^^^^^^^
  File "C:\Users\owner\Desktop\projects\bots\vass\utils\scrapper.py", line 696, in start
    return error_response_model(
           ^^^^^^^^^^^^^^^^^^^^^
  File "C:\Users\owner\Desktop\projects\bots\vass\response.py", line 16, in error_response_model
    return JSONResponse(
           ^^^^^^^^^^^^^
  File "C:\Users\owner\Desktop\projects\bots\vass\venv\Lib\site-packages\starlette\responses.py", line 180, in __init__
    super().__init__(content, status_code, headers, media_type, background)
  File "C:\Users\owner\Desktop\projects\bots\vass\venv\Lib\site-packages\starlette\responses.py", line 43, in __init__
    self.body = self.render(content)
                ^^^^^^^^^^^^^^^^^^^^
  File "C:\Users\owner\Desktop\projects\bots\vass\venv\Lib\site-packages\starlette\responses.py", line 183, in render
    return json.dumps(
           ^^^^^^^^^^^
  File "C:\Program Files\WindowsApps\PythonSoftwareFoundation.Python.3.11_3.11.2544.0_x64__qbz5n2kfra8p0\Lib\json\__init__.py", line 238, in dumps
    **kw).encode(obj)
          ^^^^^^^^^^^
  File "C:\Program Files\WindowsApps\PythonSoftwareFoundation.Python.3.11_3.11.2544.0_x64__qbz5n2kfra8p0\Lib\json\encoder.py", line 200, in encode
    chunks = self.iterencode(o, _one_shot=True)
             ^^^^^^^^^^^^^^^^^^^^^^^^^^^^^^^^^^
  File "C:\Program Files\WindowsApps\PythonSoftwareFoundation.Python.3.11_3.11.2544.0_x64__qbz5n2kfra8p0\Lib\json\encoder.py", line 258, in iterencode
    return _iterencode(o, 0)
           ^^^^^^^^^^^^^^^^^
  File "C:\Program Files\WindowsApps\PythonSoftwareFoundation.Python.3.11_3.11.2544.0_x64__qbz5n2kfra8p0\Lib\json\encoder.py", line 180, in default
    raise TypeError(f'Object of type {o.__class__.__name__} '
TypeError: Object of type TypeError is not JSON serializable
 <<<
20:54:48.27 | SUCCESS | 0.1 Task | Cleaning & Processing & Preping Request Data | Proxy: 212.83.143.103:11564
20:54:48.27 | SUCCESS | 0.0 Process | Initiating Scrapper Class On Selenium
20:54:48.27 | SUCCESS | 1.0 Process | Starting Driver
20:54:51.58 | SUCCESS | 1.1 Attempt 1 to load the page.
20:55:14.94 | SUCCESS | 1.2 Page loaded successfully.
20:56:15.00 | ERROR | Element Activity | Description: Consent/Acconsento [Button] | Error: Traceback (most recent call last):
  File "C:\Users\owner\Desktop\projects\bots\vass\utils\scrapper.py", line 107, in _check_element
    return custom_wait.until(
           ^^^^^^^^^^^^^^^^^^
  File "C:\Users\owner\Desktop\projects\bots\vass\venv\Lib\site-packages\selenium\webdriver\support\wait.py", line 105, in until
    raise TimeoutException(message, screen, stacktrace)
selenium.common.exceptions.TimeoutException: Message: 
Stacktrace:
	GetHandleVerifier [0x00007FF79D4838A5+3004357]
	(No symbol) [0x00007FF79D119970]
	(No symbol) [0x00007FF79CFC582A]
	(No symbol) [0x00007FF79D015B8E]
	(No symbol) [0x00007FF79D015E7C]
	(No symbol) [0x00007FF79D05EC27]
	(No symbol) [0x00007FF79D03BC1F]
	(No symbol) [0x00007FF79D05BA4C]
	(No symbol) [0x00007FF79D03B983]
	(No symbol) [0x00007FF79D007628]
	(No symbol) [0x00007FF79D008791]
	GetHandleVerifier [0x00007FF79D4AA00D+3161901]
	GetHandleVerifier [0x00007FF79D4FE060+3506048]
	GetHandleVerifier [0x00007FF79D4F400D+3465005]
	GetHandleVerifier [0x00007FF79D270EEB+830987]
	(No symbol) [0x00007FF79D12467F]
	(No symbol) [0x00007FF79D1209D4]
	(No symbol) [0x00007FF79D120B6D]
	(No symbol) [0x00007FF79D110149]
	BaseThreadInitThunk [0x00007FFB269B259D+29]
	RtlUserThreadStart [0x00007FFB283CAF38+40]


20:56:15.05 | ERROR | Button Activity | Description: Consent/Acconsento [Button] | Error: Traceback (most recent call last):
  File "C:\Users\owner\Desktop\projects\bots\vass\utils\scrapper.py", line 123, in _click_button
    self.driver.execute_script(
  File "C:\Users\owner\Desktop\projects\bots\vass\venv\Lib\site-packages\selenium\webdriver\remote\webdriver.py", line 440, in execute_script
    return self.execute(command, {"script": script, "args": converted_args})["value"]
           ^^^^^^^^^^^^^^^^^^^^^^^^^^^^^^^^^^^^^^^^^^^^^^^^^^^^^^^^^^^^^^^^^
  File "C:\Users\owner\Desktop\projects\bots\vass\venv\Lib\site-packages\selenium\webdriver\remote\webdriver.py", line 380, in execute
    self.error_handler.check_response(response)
  File "C:\Users\owner\Desktop\projects\bots\vass\venv\Lib\site-packages\selenium\webdriver\remote\errorhandler.py", line 229, in check_response
    raise exception_class(message, screen, stacktrace)
selenium.common.exceptions.JavascriptException: Message: javascript error: button.scrollIntoViewIfNeeded is not a function
  (Session info: chrome=130.0.6723.119)
Stacktrace:
	GetHandleVerifier [0x00007FF79D4838A5+3004357]
	(No symbol) [0x00007FF79D119970]
	(No symbol) [0x00007FF79CFC582A]
	(No symbol) [0x00007FF79CFCC2E2]
	(No symbol) [0x00007FF79CFCE94F]
	(No symbol) [0x00007FF79D05CD20]
	(No symbol) [0x00007FF79D03BBDA]
	(No symbol) [0x00007FF79D05BA4C]
	(No symbol) [0x00007FF79D03B983]
	(No symbol) [0x00007FF79D007628]
	(No symbol) [0x00007FF79D008791]
	GetHandleVerifier [0x00007FF79D4AA00D+3161901]
	GetHandleVerifier [0x00007FF79D4FE060+3506048]
	GetHandleVerifier [0x00007FF79D4F400D+3465005]
	GetHandleVerifier [0x00007FF79D270EEB+830987]
	(No symbol) [0x00007FF79D12467F]
	(No symbol) [0x00007FF79D1209D4]
	(No symbol) [0x00007FF79D120B6D]
	(No symbol) [0x00007FF79D110149]
	BaseThreadInitThunk [0x00007FFB269B259D+29]
	RtlUserThreadStart [0x00007FFB283CAF38+40]


21:03:05.86 | SUCCESS | 0.1 Task | Cleaning & Processing & Preping Request Data | Proxy: 212.83.143.103:11564
21:03:05.88 | SUCCESS | 0.0 Process | Initiating Scrapper Class On Selenium
21:03:05.88 | SUCCESS | 1.0 Process | Starting Driver
21:03:09.86 | SUCCESS | 1.1 Attempt 1 to load the page.
21:03:30.44 | SUCCESS | 1.2 Page loaded successfully.
21:03:30.50 | SUCCESS | Activating useCase Autovettura 'Normale'
21:03:32.79 | INFO | reCAPTCHA info found: {'callback': "___grecaptcha_cfg.clients['0']['A']['A']['callback']", 'function': {}, 'id': '0', 'sitekey': '6LcTvwsaAAAAACrX9g0kYHzox2v3VG8E4E9omeYm', 'version': 'V2'}
21:04:26.40 | SUCCESS | Solved captcha: 03AFcWeA4B47la7ihEfYIfpzmYyyoqlMNviJMa6_TstnouvX7QphM739TvGdFjXbS24YutMxV-ul_9EQ93UIFz2so6HdNuYFJkjyoLudFSictlYB5nlps49qP0NfvQDP355h2B6gepmvRu7xVU1vlenBMl-nj86ejuVq179CIEUTXJRlgkALTV_EqWWpvJvYqNCNJaPe1OMizz6tvoY2BQO0cBryGar7LgLpoh5sBIUhSIivRhfzhYSLYkAD74rcfskGKyN_bjnPXcTwGjqdauQXa-lrj-NoeXR2l68KdcSfO5_9Jmw7HCkn0AfrV4uWWeiX4FkL_H74rCWD8hcmjPQt50uVQ0vQ6VsOn3vfV-k3zO9h0mGc4I2DWjCWQqOem2Dmk-FhkUvNi8MOJ4Fb6SUrpkxVA7BInI5zY-07ouxNIxR84xU_smROsbAPw8zq5d8Ztw9-IVOWPlajnqy6fDf9pjqD3-RfOivw5KWnLbb5qoMdM7_IKt5c6qY3GGOGAQCBABlcNkFwdOhOfy439vzXsnokEy89B9ZlJDMGkycmP8-kkERjWoB5jNZLiKX12enOh67fEKzCNBuD9kOdpBMpk3UL_vYbQGaIPoSzQ3vrKPYkbs3D8Q7PdAlsQsHQ4Bbx1Vs6UiygVZc-wJjAhc9tirZU2Meft_NOjZVoPzdrESKigAQGbPattjFZTqJdgidDr0habozBPwQw33yPgbCmD34gjSO5XWePiT9kNqAFircl1TfgHAGHxlE_dgk0JnrTlEiPOwDarhq4aRGtKLJRj161p1U7sbrUMvo2iMKCX7pxmXJl8-XpC5bhekckuL5MUhTLKx7oCkqK-rV2pDJmRv7Cl2tyE6xr3RLS9zK2Wu4IFowGTtoPIOaKcJGNFdOUVtBhJhKtA2DthIabG2g4xId3E-E9CJekvzkxWYklryWWRyYGo_B7a8jiC9HjV4hS28nDG_0MPj
21:05:38.47 | ERROR | Element Activity | Description: Expert Guide/Guida Esperta [CLICK] | Error: Traceback (most recent call last):
  File "C:\Users\owner\Desktop\projects\bots\vass\utils\scrapper.py", line 107, in _check_element
    return custom_wait.until(
           ^^^^^^^^^^^^^^^^^^
  File "C:\Users\owner\Desktop\projects\bots\vass\venv\Lib\site-packages\selenium\webdriver\support\wait.py", line 105, in until
    raise TimeoutException(message, screen, stacktrace)
selenium.common.exceptions.TimeoutException: Message: 
Stacktrace:
	GetHandleVerifier [0x00007FF7A1C638A5+3004357]
	(No symbol) [0x00007FF7A18F9970]
	(No symbol) [0x00007FF7A17A582A]
	(No symbol) [0x00007FF7A17F5B8E]
	(No symbol) [0x00007FF7A17F5E7C]
	(No symbol) [0x00007FF7A183EC27]
	(No symbol) [0x00007FF7A181BC1F]
	(No symbol) [0x00007FF7A183BA4C]
	(No symbol) [0x00007FF7A181B983]
	(No symbol) [0x00007FF7A17E7628]
	(No symbol) [0x00007FF7A17E8791]
	GetHandleVerifier [0x00007FF7A1C8A00D+3161901]
	GetHandleVerifier [0x00007FF7A1CDE060+3506048]
	GetHandleVerifier [0x00007FF7A1CD400D+3465005]
	GetHandleVerifier [0x00007FF7A1A50EEB+830987]
	(No symbol) [0x00007FF7A190467F]
	(No symbol) [0x00007FF7A19009D4]
	(No symbol) [0x00007FF7A1900B6D]
	(No symbol) [0x00007FF7A18F0149]
	BaseThreadInitThunk [0x00007FFB269B259D+29]
	RtlUserThreadStart [0x00007FFB283CAF38+40]


21:05:38.50 | ERROR | Button Activity | Description: Expert Guide/Guida Esperta [CLICK] | Error: Traceback (most recent call last):
  File "C:\Users\owner\Desktop\projects\bots\vass\utils\scrapper.py", line 123, in _click_button
    self.driver.execute_script(
  File "C:\Users\owner\Desktop\projects\bots\vass\venv\Lib\site-packages\selenium\webdriver\remote\webdriver.py", line 440, in execute_script
    return self.execute(command, {"script": script, "args": converted_args})["value"]
           ^^^^^^^^^^^^^^^^^^^^^^^^^^^^^^^^^^^^^^^^^^^^^^^^^^^^^^^^^^^^^^^^^
  File "C:\Users\owner\Desktop\projects\bots\vass\venv\Lib\site-packages\selenium\webdriver\remote\webdriver.py", line 380, in execute
    self.error_handler.check_response(response)
  File "C:\Users\owner\Desktop\projects\bots\vass\venv\Lib\site-packages\selenium\webdriver\remote\errorhandler.py", line 229, in check_response
    raise exception_class(message, screen, stacktrace)
selenium.common.exceptions.JavascriptException: Message: javascript error: button.scrollIntoViewIfNeeded is not a function
  (Session info: chrome=130.0.6723.119)
Stacktrace:
	GetHandleVerifier [0x00007FF7A1C638A5+3004357]
	(No symbol) [0x00007FF7A18F9970]
	(No symbol) [0x00007FF7A17A582A]
	(No symbol) [0x00007FF7A17AC2E2]
	(No symbol) [0x00007FF7A17AE94F]
	(No symbol) [0x00007FF7A183CD20]
	(No symbol) [0x00007FF7A181BBDA]
	(No symbol) [0x00007FF7A183BA4C]
	(No symbol) [0x00007FF7A181B983]
	(No symbol) [0x00007FF7A17E7628]
	(No symbol) [0x00007FF7A17E8791]
	GetHandleVerifier [0x00007FF7A1C8A00D+3161901]
	GetHandleVerifier [0x00007FF7A1CDE060+3506048]
	GetHandleVerifier [0x00007FF7A1CD400D+3465005]
	GetHandleVerifier [0x00007FF7A1A50EEB+830987]
	(No symbol) [0x00007FF7A190467F]
	(No symbol) [0x00007FF7A19009D4]
	(No symbol) [0x00007FF7A1900B6D]
	(No symbol) [0x00007FF7A18F0149]
	BaseThreadInitThunk [0x00007FFB269B259D+29]
	RtlUserThreadStart [0x00007FFB283CAF38+40]


21:05:40.55 | ERROR | Element Activity | Description: Checkbox switcher | Error: Traceback (most recent call last):
  File "C:\Users\owner\Desktop\projects\bots\vass\utils\scrapper.py", line 107, in _check_element
    return custom_wait.until(
           ^^^^^^^^^^^^^^^^^^
  File "C:\Users\owner\Desktop\projects\bots\vass\venv\Lib\site-packages\selenium\webdriver\support\wait.py", line 105, in until
    raise TimeoutException(message, screen, stacktrace)
selenium.common.exceptions.TimeoutException: Message: 
Stacktrace:
	GetHandleVerifier [0x00007FF7A1C638A5+3004357]
	(No symbol) [0x00007FF7A18F9970]
	(No symbol) [0x00007FF7A17A582A]
	(No symbol) [0x00007FF7A17F5B8E]
	(No symbol) [0x00007FF7A17F5E7C]
	(No symbol) [0x00007FF7A183EC27]
	(No symbol) [0x00007FF7A181BC1F]
	(No symbol) [0x00007FF7A183BA4C]
	(No symbol) [0x00007FF7A181B983]
	(No symbol) [0x00007FF7A17E7628]
	(No symbol) [0x00007FF7A17E8791]
	GetHandleVerifier [0x00007FF7A1C8A00D+3161901]
	GetHandleVerifier [0x00007FF7A1CDE060+3506048]
	GetHandleVerifier [0x00007FF7A1CD400D+3465005]
	GetHandleVerifier [0x00007FF7A1A50EEB+830987]
	(No symbol) [0x00007FF7A190467F]
	(No symbol) [0x00007FF7A19009D4]
	(No symbol) [0x00007FF7A1900B6D]
	(No symbol) [0x00007FF7A18F0149]
	BaseThreadInitThunk [0x00007FFB269B259D+29]
	RtlUserThreadStart [0x00007FFB283CAF38+40]


21:05:42.61 | ERROR | Element Activity | Description: Checkbox Ivass switcher | Error: Traceback (most recent call last):
  File "C:\Users\owner\Desktop\projects\bots\vass\utils\scrapper.py", line 107, in _check_element
    return custom_wait.until(
           ^^^^^^^^^^^^^^^^^^
  File "C:\Users\owner\Desktop\projects\bots\vass\venv\Lib\site-packages\selenium\webdriver\support\wait.py", line 105, in until
    raise TimeoutException(message, screen, stacktrace)
selenium.common.exceptions.TimeoutException: Message: 
Stacktrace:
	GetHandleVerifier [0x00007FF7A1C638A5+3004357]
	(No symbol) [0x00007FF7A18F9970]
	(No symbol) [0x00007FF7A17A582A]
	(No symbol) [0x00007FF7A17F5B8E]
	(No symbol) [0x00007FF7A17F5E7C]
	(No symbol) [0x00007FF7A183EC27]
	(No symbol) [0x00007FF7A181BC1F]
	(No symbol) [0x00007FF7A183BA4C]
	(No symbol) [0x00007FF7A181B983]
	(No symbol) [0x00007FF7A17E7628]
	(No symbol) [0x00007FF7A17E8791]
	GetHandleVerifier [0x00007FF7A1C8A00D+3161901]
	GetHandleVerifier [0x00007FF7A1CDE060+3506048]
	GetHandleVerifier [0x00007FF7A1CD400D+3465005]
	GetHandleVerifier [0x00007FF7A1A50EEB+830987]
	(No symbol) [0x00007FF7A190467F]
	(No symbol) [0x00007FF7A19009D4]
	(No symbol) [0x00007FF7A1900B6D]
	(No symbol) [0x00007FF7A18F0149]
	BaseThreadInitThunk [0x00007FFB269B259D+29]
	RtlUserThreadStart [0x00007FFB283CAF38+40]


21:05:42.64 | ERROR | Select & CheckBox | Description: Guide Expert | Error: Traceback (most recent call last):
  File "C:\Users\owner\Desktop\projects\bots\vass\utils\scrapper.py", line 327, in _select_guide_expert_checkbox
    return self.driver.execute_script(
           ^^^^^^^^^^^^^^^^^^^^^^^^^^^
  File "C:\Users\owner\Desktop\projects\bots\vass\venv\Lib\site-packages\selenium\webdriver\remote\webdriver.py", line 440, in execute_script
    return self.execute(command, {"script": script, "args": converted_args})["value"]
           ^^^^^^^^^^^^^^^^^^^^^^^^^^^^^^^^^^^^^^^^^^^^^^^^^^^^^^^^^^^^^^^^^
  File "C:\Users\owner\Desktop\projects\bots\vass\venv\Lib\site-packages\selenium\webdriver\remote\webdriver.py", line 380, in execute
    self.error_handler.check_response(response)
  File "C:\Users\owner\Desktop\projects\bots\vass\venv\Lib\site-packages\selenium\webdriver\remote\errorhandler.py", line 229, in check_response
    raise exception_class(message, screen, stacktrace)
selenium.common.exceptions.JavascriptException: Message: javascript error: select.click is not a function
  (Session info: chrome=130.0.6723.119)
Stacktrace:
	GetHandleVerifier [0x00007FF7A1C638A5+3004357]
	(No symbol) [0x00007FF7A18F9970]
	(No symbol) [0x00007FF7A17A582A]
	(No symbol) [0x00007FF7A17AC2E2]
	(No symbol) [0x00007FF7A17AE94F]
	(No symbol) [0x00007FF7A183CD20]
	(No symbol) [0x00007FF7A181BBDA]
	(No symbol) [0x00007FF7A183BA4C]
	(No symbol) [0x00007FF7A181B983]
	(No symbol) [0x00007FF7A17E7628]
	(No symbol) [0x00007FF7A17E8791]
	GetHandleVerifier [0x00007FF7A1C8A00D+3161901]
	GetHandleVerifier [0x00007FF7A1CDE060+3506048]
	GetHandleVerifier [0x00007FF7A1CD400D+3465005]
	GetHandleVerifier [0x00007FF7A1A50EEB+830987]
	(No symbol) [0x00007FF7A190467F]
	(No symbol) [0x00007FF7A19009D4]
	(No symbol) [0x00007FF7A1900B6D]
	(No symbol) [0x00007FF7A18F0149]
	BaseThreadInitThunk [0x00007FFB269B259D+29]
	RtlUserThreadStart [0x00007FFB283CAF38+40]


21:05:59.92 | ERROR | Element Activity | Description: Dialog of Summary | Error: Traceback (most recent call last):
  File "C:\Users\owner\Desktop\projects\bots\vass\utils\scrapper.py", line 107, in _check_element
    return custom_wait.until(
           ^^^^^^^^^^^^^^^^^^
  File "C:\Users\owner\Desktop\projects\bots\vass\venv\Lib\site-packages\selenium\webdriver\support\wait.py", line 105, in until
    raise TimeoutException(message, screen, stacktrace)
selenium.common.exceptions.TimeoutException: Message: 
Stacktrace:
	GetHandleVerifier [0x00007FF7A1C638A5+3004357]
	(No symbol) [0x00007FF7A18F9970]
	(No symbol) [0x00007FF7A17A582A]
	(No symbol) [0x00007FF7A17F5B8E]
	(No symbol) [0x00007FF7A17F5E7C]
	(No symbol) [0x00007FF7A183EC27]
	(No symbol) [0x00007FF7A181BC1F]
	(No symbol) [0x00007FF7A183BA4C]
	(No symbol) [0x00007FF7A181B983]
	(No symbol) [0x00007FF7A17E7628]
	(No symbol) [0x00007FF7A17E8791]
	GetHandleVerifier [0x00007FF7A1C8A00D+3161901]
	GetHandleVerifier [0x00007FF7A1CDE060+3506048]
	GetHandleVerifier [0x00007FF7A1CD400D+3465005]
	GetHandleVerifier [0x00007FF7A1A50EEB+830987]
	(No symbol) [0x00007FF7A190467F]
	(No symbol) [0x00007FF7A19009D4]
	(No symbol) [0x00007FF7A1900B6D]
	(No symbol) [0x00007FF7A18F0149]
	BaseThreadInitThunk [0x00007FFB269B259D+29]
	RtlUserThreadStart [0x00007FFB283CAF38+40]


21:05:59.93 | ERROR | There was a problem inserting [] to database | Error is 'Scrapper' object has no attribute 'req'
21:05:59.93 | SUCCESS | Terminating Session
21:53:09.45 | SUCCESS | 0.1 Task | Cleaning & Processing & Preping Request Data | Proxy: 212.83.143.103:11564
21:53:09.46 | SUCCESS | 0.0 Process | Initiating Scrapper Class On Selenium
21:53:09.46 | SUCCESS | 1.0 Process | Starting Driver
21:53:14.89 | SUCCESS | 1.1 Attempt 1 to load the page.
21:53:33.09 | SUCCESS | 1.2 Page loaded successfully.
21:53:33.17 | SUCCESS | Activating useCase Autovettura 'Normale'
21:53:35.41 | INFO | reCAPTCHA info found: {'callback': "___grecaptcha_cfg.clients['0']['A']['A']['callback']", 'function': {}, 'id': '0', 'sitekey': '6LcTvwsaAAAAACrX9g0kYHzox2v3VG8E4E9omeYm', 'version': 'V2'}
21:54:29.23 | SUCCESS | Solved captcha: 03AFcWeA536V7UEBPSvnz2egj-RY-kRZ97dIYnLXIId2_CgIQRndjfTHk006hMfGQf6juSMYoSyqs9rXLEzoWvlUrV5lED9Gwy1i3mtmswlV4sjwroDHRQJ1W-yagQeMdqocXyKwhzIWbND12luFBjvU5YxyRQUVVoxfAoS2KujX6vqCIpAu-SWuHsJfgGHOnbVvl8obKqmB-AjdAVH5RB3GsOk1D59gcBKPc1vjTvpW9XYod56148799oCqJg9DZWrXmQA9FtR609XvuniXgHSxN68sDtpoSt7TzCYOJQjO2tMNpPH1kv8j6jsDF4z51eIwnYpAEBjZsXvgcw1dNzYG_IyYOq8VerXFR1NRJC6_rVv3PWGK1VltRD9jzl8NOfCFL2IDbiPdjsYzngXFAX7BymQKGDyCl-t_b1OnJmpANQ9gr1QX2Yyga6otiKXra8FnR8QJyW9utNmPA8ISza2HbxsWpgTaAu4-2OJ8ejmd-wxUBosec7v-ZCEPzSb1sitP6Y8AWv93NYR9hHhPoobY2n2mz7uCs7zvchGgb1QNw1cXujafn5BLE2mHwpCBEQJil1x_TEFYPN1wRhYL8beLxVXlgrjjyInRceq3bXbkLZYUKNembXUmp0t1b4ta1beXrfjKkywE7KIns63ZK5tj78rOQxt57k7QBv0BkkhgShommByetX-_Wpb5NRAckZjBKyxASPuQuy1BHQA49ND2bot1_q7Bu9053lSPBxQVV7HAo_U7FrMaph0ipXSYuUh5B6t2ZwHVwaiBeOlsh6O7aT6u5bUWMoANHeEcFg7CvWagPJedSn0maHuoKQEQjn5ybL6Gdj3OZx1zTVGXtX_pi8FxqoJmo1J0Y6EfMUlSEuZmfGLdNYqUWchlo7eVyVP_h3dsCutbTxpQlrSqV8-41zSiQ6PjAhAmwdv5kvTcdh6K8S1Oi3NBY
21:55:31.20 | ERROR | Element Activity | Description: Expert Guide/Guida Esperta [CLICK] | Error: Traceback (most recent call last):
  File "C:\Users\owner\Desktop\projects\bots\vass\utils\scrapper.py", line 107, in _check_element
    return custom_wait.until(
           ^^^^^^^^^^^^^^^^^^
  File "C:\Users\owner\Desktop\projects\bots\vass\venv\Lib\site-packages\selenium\webdriver\support\wait.py", line 105, in until
    raise TimeoutException(message, screen, stacktrace)
selenium.common.exceptions.TimeoutException: Message: 
Stacktrace:
	GetHandleVerifier [0x00007FF78F3238A5+3004357]
	(No symbol) [0x00007FF78EFB9970]
	(No symbol) [0x00007FF78EE6582A]
	(No symbol) [0x00007FF78EEB5B8E]
	(No symbol) [0x00007FF78EEB5E7C]
	(No symbol) [0x00007FF78EEFEC27]
	(No symbol) [0x00007FF78EEDBC1F]
	(No symbol) [0x00007FF78EEFBA4C]
	(No symbol) [0x00007FF78EEDB983]
	(No symbol) [0x00007FF78EEA7628]
	(No symbol) [0x00007FF78EEA8791]
	GetHandleVerifier [0x00007FF78F34A00D+3161901]
	GetHandleVerifier [0x00007FF78F39E060+3506048]
	GetHandleVerifier [0x00007FF78F39400D+3465005]
	GetHandleVerifier [0x00007FF78F110EEB+830987]
	(No symbol) [0x00007FF78EFC467F]
	(No symbol) [0x00007FF78EFC09D4]
	(No symbol) [0x00007FF78EFC0B6D]
	(No symbol) [0x00007FF78EFB0149]
	BaseThreadInitThunk [0x00007FFB269B259D+29]
	RtlUserThreadStart [0x00007FFB283CAF38+40]


21:55:31.24 | ERROR | Button Activity | Description: Expert Guide/Guida Esperta [CLICK] | Error: Traceback (most recent call last):
  File "C:\Users\owner\Desktop\projects\bots\vass\utils\scrapper.py", line 123, in _click_button
    self.driver.execute_script(
  File "C:\Users\owner\Desktop\projects\bots\vass\venv\Lib\site-packages\selenium\webdriver\remote\webdriver.py", line 440, in execute_script
    return self.execute(command, {"script": script, "args": converted_args})["value"]
           ^^^^^^^^^^^^^^^^^^^^^^^^^^^^^^^^^^^^^^^^^^^^^^^^^^^^^^^^^^^^^^^^^
  File "C:\Users\owner\Desktop\projects\bots\vass\venv\Lib\site-packages\selenium\webdriver\remote\webdriver.py", line 380, in execute
    self.error_handler.check_response(response)
  File "C:\Users\owner\Desktop\projects\bots\vass\venv\Lib\site-packages\selenium\webdriver\remote\errorhandler.py", line 229, in check_response
    raise exception_class(message, screen, stacktrace)
selenium.common.exceptions.JavascriptException: Message: javascript error: button.scrollIntoViewIfNeeded is not a function
  (Session info: chrome=130.0.6723.119)
Stacktrace:
	GetHandleVerifier [0x00007FF78F3238A5+3004357]
	(No symbol) [0x00007FF78EFB9970]
	(No symbol) [0x00007FF78EE6582A]
	(No symbol) [0x00007FF78EE6C2E2]
	(No symbol) [0x00007FF78EE6E94F]
	(No symbol) [0x00007FF78EEFCD20]
	(No symbol) [0x00007FF78EEDBBDA]
	(No symbol) [0x00007FF78EEFBA4C]
	(No symbol) [0x00007FF78EEDB983]
	(No symbol) [0x00007FF78EEA7628]
	(No symbol) [0x00007FF78EEA8791]
	GetHandleVerifier [0x00007FF78F34A00D+3161901]
	GetHandleVerifier [0x00007FF78F39E060+3506048]
	GetHandleVerifier [0x00007FF78F39400D+3465005]
	GetHandleVerifier [0x00007FF78F110EEB+830987]
	(No symbol) [0x00007FF78EFC467F]
	(No symbol) [0x00007FF78EFC09D4]
	(No symbol) [0x00007FF78EFC0B6D]
	(No symbol) [0x00007FF78EFB0149]
	BaseThreadInitThunk [0x00007FFB269B259D+29]
	RtlUserThreadStart [0x00007FFB283CAF38+40]


21:55:33.31 | ERROR | Element Activity | Description: Checkbox switcher | Error: Traceback (most recent call last):
  File "C:\Users\owner\Desktop\projects\bots\vass\utils\scrapper.py", line 107, in _check_element
    return custom_wait.until(
           ^^^^^^^^^^^^^^^^^^
  File "C:\Users\owner\Desktop\projects\bots\vass\venv\Lib\site-packages\selenium\webdriver\support\wait.py", line 105, in until
    raise TimeoutException(message, screen, stacktrace)
selenium.common.exceptions.TimeoutException: Message: 
Stacktrace:
	GetHandleVerifier [0x00007FF78F3238A5+3004357]
	(No symbol) [0x00007FF78EFB9970]
	(No symbol) [0x00007FF78EE6582A]
	(No symbol) [0x00007FF78EEB5B8E]
	(No symbol) [0x00007FF78EEB5E7C]
	(No symbol) [0x00007FF78EEFEC27]
	(No symbol) [0x00007FF78EEDBC1F]
	(No symbol) [0x00007FF78EEFBA4C]
	(No symbol) [0x00007FF78EEDB983]
	(No symbol) [0x00007FF78EEA7628]
	(No symbol) [0x00007FF78EEA8791]
	GetHandleVerifier [0x00007FF78F34A00D+3161901]
	GetHandleVerifier [0x00007FF78F39E060+3506048]
	GetHandleVerifier [0x00007FF78F39400D+3465005]
	GetHandleVerifier [0x00007FF78F110EEB+830987]
	(No symbol) [0x00007FF78EFC467F]
	(No symbol) [0x00007FF78EFC09D4]
	(No symbol) [0x00007FF78EFC0B6D]
	(No symbol) [0x00007FF78EFB0149]
	BaseThreadInitThunk [0x00007FFB269B259D+29]
	RtlUserThreadStart [0x00007FFB283CAF38+40]


21:55:35.35 | ERROR | Element Activity | Description: Checkbox Ivass switcher | Error: Traceback (most recent call last):
  File "C:\Users\owner\Desktop\projects\bots\vass\utils\scrapper.py", line 107, in _check_element
    return custom_wait.until(
           ^^^^^^^^^^^^^^^^^^
  File "C:\Users\owner\Desktop\projects\bots\vass\venv\Lib\site-packages\selenium\webdriver\support\wait.py", line 105, in until
    raise TimeoutException(message, screen, stacktrace)
selenium.common.exceptions.TimeoutException: Message: 
Stacktrace:
	GetHandleVerifier [0x00007FF78F3238A5+3004357]
	(No symbol) [0x00007FF78EFB9970]
	(No symbol) [0x00007FF78EE6582A]
	(No symbol) [0x00007FF78EEB5B8E]
	(No symbol) [0x00007FF78EEB5E7C]
	(No symbol) [0x00007FF78EEFEC27]
	(No symbol) [0x00007FF78EEDBC1F]
	(No symbol) [0x00007FF78EEFBA4C]
	(No symbol) [0x00007FF78EEDB983]
	(No symbol) [0x00007FF78EEA7628]
	(No symbol) [0x00007FF78EEA8791]
	GetHandleVerifier [0x00007FF78F34A00D+3161901]
	GetHandleVerifier [0x00007FF78F39E060+3506048]
	GetHandleVerifier [0x00007FF78F39400D+3465005]
	GetHandleVerifier [0x00007FF78F110EEB+830987]
	(No symbol) [0x00007FF78EFC467F]
	(No symbol) [0x00007FF78EFC09D4]
	(No symbol) [0x00007FF78EFC0B6D]
	(No symbol) [0x00007FF78EFB0149]
	BaseThreadInitThunk [0x00007FFB269B259D+29]
	RtlUserThreadStart [0x00007FFB283CAF38+40]


21:55:35.38 | ERROR | Select & CheckBox | Description: Guide Expert | Error: Traceback (most recent call last):
  File "C:\Users\owner\Desktop\projects\bots\vass\utils\scrapper.py", line 330, in _select_guide_expert_checkbox
    return self.driver.execute_script(
           ^^^^^^^^^^^^^^^^^^^^^^^^^^^
  File "C:\Users\owner\Desktop\projects\bots\vass\venv\Lib\site-packages\selenium\webdriver\remote\webdriver.py", line 440, in execute_script
    return self.execute(command, {"script": script, "args": converted_args})["value"]
           ^^^^^^^^^^^^^^^^^^^^^^^^^^^^^^^^^^^^^^^^^^^^^^^^^^^^^^^^^^^^^^^^^
  File "C:\Users\owner\Desktop\projects\bots\vass\venv\Lib\site-packages\selenium\webdriver\remote\webdriver.py", line 380, in execute
    self.error_handler.check_response(response)
  File "C:\Users\owner\Desktop\projects\bots\vass\venv\Lib\site-packages\selenium\webdriver\remote\errorhandler.py", line 229, in check_response
    raise exception_class(message, screen, stacktrace)
selenium.common.exceptions.JavascriptException: Message: javascript error: select.click is not a function
  (Session info: chrome=130.0.6723.119)
Stacktrace:
	GetHandleVerifier [0x00007FF78F3238A5+3004357]
	(No symbol) [0x00007FF78EFB9970]
	(No symbol) [0x00007FF78EE6582A]
	(No symbol) [0x00007FF78EE6C2E2]
	(No symbol) [0x00007FF78EE6E94F]
	(No symbol) [0x00007FF78EEFCD20]
	(No symbol) [0x00007FF78EEDBBDA]
	(No symbol) [0x00007FF78EEFBA4C]
	(No symbol) [0x00007FF78EEDB983]
	(No symbol) [0x00007FF78EEA7628]
	(No symbol) [0x00007FF78EEA8791]
	GetHandleVerifier [0x00007FF78F34A00D+3161901]
	GetHandleVerifier [0x00007FF78F39E060+3506048]
	GetHandleVerifier [0x00007FF78F39400D+3465005]
	GetHandleVerifier [0x00007FF78F110EEB+830987]
	(No symbol) [0x00007FF78EFC467F]
	(No symbol) [0x00007FF78EFC09D4]
	(No symbol) [0x00007FF78EFC0B6D]
	(No symbol) [0x00007FF78EFB0149]
	BaseThreadInitThunk [0x00007FFB269B259D+29]
	RtlUserThreadStart [0x00007FFB283CAF38+40]


21:55:52.67 | ERROR | Element Activity | Description: Dialog of Summary | Error: Traceback (most recent call last):
  File "C:\Users\owner\Desktop\projects\bots\vass\utils\scrapper.py", line 107, in _check_element
    return custom_wait.until(
           ^^^^^^^^^^^^^^^^^^
  File "C:\Users\owner\Desktop\projects\bots\vass\venv\Lib\site-packages\selenium\webdriver\support\wait.py", line 105, in until
    raise TimeoutException(message, screen, stacktrace)
selenium.common.exceptions.TimeoutException: Message: 
Stacktrace:
	GetHandleVerifier [0x00007FF78F3238A5+3004357]
	(No symbol) [0x00007FF78EFB9970]
	(No symbol) [0x00007FF78EE6582A]
	(No symbol) [0x00007FF78EEB5B8E]
	(No symbol) [0x00007FF78EEB5E7C]
	(No symbol) [0x00007FF78EEFEC27]
	(No symbol) [0x00007FF78EEDBC1F]
	(No symbol) [0x00007FF78EEFBA4C]
	(No symbol) [0x00007FF78EEDB983]
	(No symbol) [0x00007FF78EEA7628]
	(No symbol) [0x00007FF78EEA8791]
	GetHandleVerifier [0x00007FF78F34A00D+3161901]
	GetHandleVerifier [0x00007FF78F39E060+3506048]
	GetHandleVerifier [0x00007FF78F39400D+3465005]
	GetHandleVerifier [0x00007FF78F110EEB+830987]
	(No symbol) [0x00007FF78EFC467F]
	(No symbol) [0x00007FF78EFC09D4]
	(No symbol) [0x00007FF78EFC0B6D]
	(No symbol) [0x00007FF78EFB0149]
	BaseThreadInitThunk [0x00007FFB269B259D+29]
	RtlUserThreadStart [0x00007FFB283CAF38+40]


21:55:52.68 | ERROR | There was a problem inserting [] to database | Error is 'Scrapper' object has no attribute 'req'
21:55:52.68 | SUCCESS | Terminating Session
23:04:01.83 | SUCCESS | 0.1 Task | Cleaning & Processing & Preping Request Data | Proxy: 212.83.143.103:11564
23:04:01.84 | SUCCESS | 0.0 Process | Initiating Scrapper Class On Selenium
23:04:01.84 | SUCCESS | 1.0 Process | Starting Driver
23:04:06.56 | SUCCESS | 1.1 Attempt 1 to load the page.
23:04:21.81 | SUCCESS | 1.2 Page loaded successfully.
23:04:21.89 | SUCCESS | Activating useCase Autovettura 'Normale'
23:04:24.21 | INFO | reCAPTCHA info found: {'callback': "___grecaptcha_cfg.clients['0']['A']['A']['callback']", 'function': {}, 'id': '0', 'sitekey': '6LcTvwsaAAAAACrX9g0kYHzox2v3VG8E4E9omeYm', 'version': 'V2'}
23:05:03.89 | SUCCESS | Solved captcha: 03AFcWeA5L3hzcTUTro_f4nQAy38gJ1vDlSiEEztHn0eEKJ8vsk9wDC22aByqW6uY8yinKKGrrZKrxHt3msVCpYD77GprXO_4WPpgboraWQXJdR6bjM0xTzug9-sWW7PRzVbaVpmlxm7Qouugzy-ZuenMnY4JxdfsOwLQMxRvvs8ZM-uNY5LXC6YZ-8XfDc0GU4sxpoCl4hSROIeI1oHI1CPcXSXJwRcc9pZQkvMZGLyP487v-tNE_R5_HgeJVBmG-tXbwQcHM_GzDF6yCNcRIfHgKne3q-MDWHbcmXSWnPdxu5ucZb2ScH4jrmLv2KHFC8v2RxcVtUcYjjB8HPlMfmjvC3WPSbp6_0VAMvQn1rBZKhBYueyTbdVYz0ZdhPUcpA-TqqphROz76vQ-vrkmM5ZhZ43wnriOcHJ5xjohMgdrFe7w6-85H_9gn-rzwhb2Jl0Bqh8rroXSusRY4Ji7nxWEpDR51d1LG4lfAplya3Kl_VjRx5pKyQUwThvW2aqRsQaAEhuntjK04YBgojAXFwVcV2PDWGfd4M2D1hnkxTJewxE1SKcskhk_WP8nxFo5KcvQppkcHYCgnERTCFPDH3Qce3wF-O2tjDfExnAadshkQLG4ip7Gza8Fiit-khGH4fMgZIT12Z-GJ2yHvFvGbRyuKHt2xA18UdsxZSrDlWcAIGLO-CFFxHzVg61m_BqDDpPdRAY0cueYyN0SISyOk3PG9KbhJ6vZJbA3jM-5ZzlojzRfmssIUFXKalMFjOs9FY5z9M7io3rqc1Ebt3KBRMlwNGU9y8yIZ-kTV3512bi-cG7DDd6esEUbtP38HJBlh-VRT66kFTblH92PzYeEeUMXnx626AR_l7lv65OeRzlkNFjxeVUviTSHsMTW4Q7ZMpxmqoDnc8JVwJoD4YjVJh3x6NEvsDxQVLf7SEvuWOb2sYOPXiCjYuG2WScq1R5wKOyKEQH7PjkT2
23:06:05.19 | ERROR | Element Activity | Description: Expert Guide/Guida Esperta [CLICK] | Error: Traceback (most recent call last):
  File "C:\Users\owner\Desktop\projects\bots\vass\utils\scrapper.py", line 107, in _check_element
    return custom_wait.until(
           ^^^^^^^^^^^^^^^^^^
  File "C:\Users\owner\Desktop\projects\bots\vass\venv\Lib\site-packages\selenium\webdriver\support\wait.py", line 105, in until
    raise TimeoutException(message, screen, stacktrace)
selenium.common.exceptions.TimeoutException: Message: 
Stacktrace:
	GetHandleVerifier [0x00007FF6D4AC38A5+3004357]
	(No symbol) [0x00007FF6D4759970]
	(No symbol) [0x00007FF6D460582A]
	(No symbol) [0x00007FF6D4655B8E]
	(No symbol) [0x00007FF6D4655E7C]
	(No symbol) [0x00007FF6D469EC27]
	(No symbol) [0x00007FF6D467BC1F]
	(No symbol) [0x00007FF6D469BA4C]
	(No symbol) [0x00007FF6D467B983]
	(No symbol) [0x00007FF6D4647628]
	(No symbol) [0x00007FF6D4648791]
	GetHandleVerifier [0x00007FF6D4AEA00D+3161901]
	GetHandleVerifier [0x00007FF6D4B3E060+3506048]
	GetHandleVerifier [0x00007FF6D4B3400D+3465005]
	GetHandleVerifier [0x00007FF6D48B0EEB+830987]
	(No symbol) [0x00007FF6D476467F]
	(No symbol) [0x00007FF6D47609D4]
	(No symbol) [0x00007FF6D4760B6D]
	(No symbol) [0x00007FF6D4750149]
	BaseThreadInitThunk [0x00007FFB269B259D+29]
	RtlUserThreadStart [0x00007FFB283CAF38+40]


23:06:05.22 | ERROR | Button Activity | Description: Expert Guide/Guida Esperta [CLICK] | Error: Traceback (most recent call last):
  File "C:\Users\owner\Desktop\projects\bots\vass\utils\scrapper.py", line 123, in _click_button
    self.driver.execute_script(
  File "C:\Users\owner\Desktop\projects\bots\vass\venv\Lib\site-packages\selenium\webdriver\remote\webdriver.py", line 440, in execute_script
    return self.execute(command, {"script": script, "args": converted_args})["value"]
           ^^^^^^^^^^^^^^^^^^^^^^^^^^^^^^^^^^^^^^^^^^^^^^^^^^^^^^^^^^^^^^^^^
  File "C:\Users\owner\Desktop\projects\bots\vass\venv\Lib\site-packages\selenium\webdriver\remote\webdriver.py", line 380, in execute
    self.error_handler.check_response(response)
  File "C:\Users\owner\Desktop\projects\bots\vass\venv\Lib\site-packages\selenium\webdriver\remote\errorhandler.py", line 229, in check_response
    raise exception_class(message, screen, stacktrace)
selenium.common.exceptions.JavascriptException: Message: javascript error: button.scrollIntoViewIfNeeded is not a function
  (Session info: chrome=130.0.6723.119)
Stacktrace:
	GetHandleVerifier [0x00007FF6D4AC38A5+3004357]
	(No symbol) [0x00007FF6D4759970]
	(No symbol) [0x00007FF6D460582A]
	(No symbol) [0x00007FF6D460C2E2]
	(No symbol) [0x00007FF6D460E94F]
	(No symbol) [0x00007FF6D469CD20]
	(No symbol) [0x00007FF6D467BBDA]
	(No symbol) [0x00007FF6D469BA4C]
	(No symbol) [0x00007FF6D467B983]
	(No symbol) [0x00007FF6D4647628]
	(No symbol) [0x00007FF6D4648791]
	GetHandleVerifier [0x00007FF6D4AEA00D+3161901]
	GetHandleVerifier [0x00007FF6D4B3E060+3506048]
	GetHandleVerifier [0x00007FF6D4B3400D+3465005]
	GetHandleVerifier [0x00007FF6D48B0EEB+830987]
	(No symbol) [0x00007FF6D476467F]
	(No symbol) [0x00007FF6D47609D4]
	(No symbol) [0x00007FF6D4760B6D]
	(No symbol) [0x00007FF6D4750149]
	BaseThreadInitThunk [0x00007FFB269B259D+29]
	RtlUserThreadStart [0x00007FFB283CAF38+40]


23:06:07.26 | ERROR | Element Activity | Description: Checkbox switcher | Error: Traceback (most recent call last):
  File "C:\Users\owner\Desktop\projects\bots\vass\utils\scrapper.py", line 107, in _check_element
    return custom_wait.until(
           ^^^^^^^^^^^^^^^^^^
  File "C:\Users\owner\Desktop\projects\bots\vass\venv\Lib\site-packages\selenium\webdriver\support\wait.py", line 105, in until
    raise TimeoutException(message, screen, stacktrace)
selenium.common.exceptions.TimeoutException: Message: 
Stacktrace:
	GetHandleVerifier [0x00007FF6D4AC38A5+3004357]
	(No symbol) [0x00007FF6D4759970]
	(No symbol) [0x00007FF6D460582A]
	(No symbol) [0x00007FF6D4655B8E]
	(No symbol) [0x00007FF6D4655E7C]
	(No symbol) [0x00007FF6D469EC27]
	(No symbol) [0x00007FF6D467BC1F]
	(No symbol) [0x00007FF6D469BA4C]
	(No symbol) [0x00007FF6D467B983]
	(No symbol) [0x00007FF6D4647628]
	(No symbol) [0x00007FF6D4648791]
	GetHandleVerifier [0x00007FF6D4AEA00D+3161901]
	GetHandleVerifier [0x00007FF6D4B3E060+3506048]
	GetHandleVerifier [0x00007FF6D4B3400D+3465005]
	GetHandleVerifier [0x00007FF6D48B0EEB+830987]
	(No symbol) [0x00007FF6D476467F]
	(No symbol) [0x00007FF6D47609D4]
	(No symbol) [0x00007FF6D4760B6D]
	(No symbol) [0x00007FF6D4750149]
	BaseThreadInitThunk [0x00007FFB269B259D+29]
	RtlUserThreadStart [0x00007FFB283CAF38+40]


23:06:09.28 | ERROR | Element Activity | Description: Checkbox Ivass switcher | Error: Traceback (most recent call last):
  File "C:\Users\owner\Desktop\projects\bots\vass\utils\scrapper.py", line 107, in _check_element
    return custom_wait.until(
           ^^^^^^^^^^^^^^^^^^
  File "C:\Users\owner\Desktop\projects\bots\vass\venv\Lib\site-packages\selenium\webdriver\support\wait.py", line 105, in until
    raise TimeoutException(message, screen, stacktrace)
selenium.common.exceptions.TimeoutException: Message: 
Stacktrace:
	GetHandleVerifier [0x00007FF6D4AC38A5+3004357]
	(No symbol) [0x00007FF6D4759970]
	(No symbol) [0x00007FF6D460582A]
	(No symbol) [0x00007FF6D4655B8E]
	(No symbol) [0x00007FF6D4655E7C]
	(No symbol) [0x00007FF6D469EC27]
	(No symbol) [0x00007FF6D467BC1F]
	(No symbol) [0x00007FF6D469BA4C]
	(No symbol) [0x00007FF6D467B983]
	(No symbol) [0x00007FF6D4647628]
	(No symbol) [0x00007FF6D4648791]
	GetHandleVerifier [0x00007FF6D4AEA00D+3161901]
	GetHandleVerifier [0x00007FF6D4B3E060+3506048]
	GetHandleVerifier [0x00007FF6D4B3400D+3465005]
	GetHandleVerifier [0x00007FF6D48B0EEB+830987]
	(No symbol) [0x00007FF6D476467F]
	(No symbol) [0x00007FF6D47609D4]
	(No symbol) [0x00007FF6D4760B6D]
	(No symbol) [0x00007FF6D4750149]
	BaseThreadInitThunk [0x00007FFB269B259D+29]
	RtlUserThreadStart [0x00007FFB283CAF38+40]


23:06:09.29 | ERROR | Select & CheckBox | Description: Guide Expert | Error: Traceback (most recent call last):
  File "C:\Users\owner\Desktop\projects\bots\vass\utils\scrapper.py", line 330, in _select_guide_expert_checkbox
    return self.driver.execute_script(
           ^^^^^^^^^^^^^^^^^^^^^^^^^^^
  File "C:\Users\owner\Desktop\projects\bots\vass\venv\Lib\site-packages\selenium\webdriver\remote\webdriver.py", line 440, in execute_script
    return self.execute(command, {"script": script, "args": converted_args})["value"]
           ^^^^^^^^^^^^^^^^^^^^^^^^^^^^^^^^^^^^^^^^^^^^^^^^^^^^^^^^^^^^^^^^^
  File "C:\Users\owner\Desktop\projects\bots\vass\venv\Lib\site-packages\selenium\webdriver\remote\webdriver.py", line 380, in execute
    self.error_handler.check_response(response)
  File "C:\Users\owner\Desktop\projects\bots\vass\venv\Lib\site-packages\selenium\webdriver\remote\errorhandler.py", line 229, in check_response
    raise exception_class(message, screen, stacktrace)
selenium.common.exceptions.JavascriptException: Message: javascript error: select.click is not a function
  (Session info: chrome=130.0.6723.119)
Stacktrace:
	GetHandleVerifier [0x00007FF6D4AC38A5+3004357]
	(No symbol) [0x00007FF6D4759970]
	(No symbol) [0x00007FF6D460582A]
	(No symbol) [0x00007FF6D460C2E2]
	(No symbol) [0x00007FF6D460E94F]
	(No symbol) [0x00007FF6D469CD20]
	(No symbol) [0x00007FF6D467BBDA]
	(No symbol) [0x00007FF6D469BA4C]
	(No symbol) [0x00007FF6D467B983]
	(No symbol) [0x00007FF6D4647628]
	(No symbol) [0x00007FF6D4648791]
	GetHandleVerifier [0x00007FF6D4AEA00D+3161901]
	GetHandleVerifier [0x00007FF6D4B3E060+3506048]
	GetHandleVerifier [0x00007FF6D4B3400D+3465005]
	GetHandleVerifier [0x00007FF6D48B0EEB+830987]
	(No symbol) [0x00007FF6D476467F]
	(No symbol) [0x00007FF6D47609D4]
	(No symbol) [0x00007FF6D4760B6D]
	(No symbol) [0x00007FF6D4750149]
	BaseThreadInitThunk [0x00007FFB269B259D+29]
	RtlUserThreadStart [0x00007FFB283CAF38+40]


23:06:26.49 | ERROR | Element Activity | Description: Dialog of Summary | Error: Traceback (most recent call last):
  File "C:\Users\owner\Desktop\projects\bots\vass\utils\scrapper.py", line 107, in _check_element
    return custom_wait.until(
           ^^^^^^^^^^^^^^^^^^
  File "C:\Users\owner\Desktop\projects\bots\vass\venv\Lib\site-packages\selenium\webdriver\support\wait.py", line 105, in until
    raise TimeoutException(message, screen, stacktrace)
selenium.common.exceptions.TimeoutException: Message: 
Stacktrace:
	GetHandleVerifier [0x00007FF6D4AC38A5+3004357]
	(No symbol) [0x00007FF6D4759970]
	(No symbol) [0x00007FF6D460582A]
	(No symbol) [0x00007FF6D4655B8E]
	(No symbol) [0x00007FF6D4655E7C]
	(No symbol) [0x00007FF6D469EC27]
	(No symbol) [0x00007FF6D467BC1F]
	(No symbol) [0x00007FF6D469BA4C]
	(No symbol) [0x00007FF6D467B983]
	(No symbol) [0x00007FF6D4647628]
	(No symbol) [0x00007FF6D4648791]
	GetHandleVerifier [0x00007FF6D4AEA00D+3161901]
	GetHandleVerifier [0x00007FF6D4B3E060+3506048]
	GetHandleVerifier [0x00007FF6D4B3400D+3465005]
	GetHandleVerifier [0x00007FF6D48B0EEB+830987]
	(No symbol) [0x00007FF6D476467F]
	(No symbol) [0x00007FF6D47609D4]
	(No symbol) [0x00007FF6D4760B6D]
	(No symbol) [0x00007FF6D4750149]
	BaseThreadInitThunk [0x00007FFB269B259D+29]
	RtlUserThreadStart [0x00007FFB283CAF38+40]


23:06:26.51 | ERROR | There was a problem inserting [] to database | Error is 'Scrapper' object has no attribute 'req'
23:06:26.51 | SUCCESS | Terminating Session
08:55:05.75 | SUCCESS | 0.1 Task | Cleaning & Processing & Preping Request Data | Proxy: 212.83.143.103:11564
08:55:05.75 | SUCCESS | 0.0 Process | Initiating Scrapper Class On Selenium
08:55:05.75 | SUCCESS | 1.0 Process | Starting Driver
08:55:10.89 | ERROR | Proxy check failed SOCKSHTTPConnectionPool(host='ip-api.com', port=80): Max retries exceeded with url: /json (Caused by ConnectTimeoutError(<urllib3.contrib.socks.SOCKSConnection object at 0x000001AAAA4CEED0>, 'Connection to ip-api.com timed out. (connect timeout=5)')) | Traceback: Traceback (most recent call last):
  File "C:\Users\owner\Desktop\projects\bots\vass\venv\Lib\site-packages\socks.py", line 787, in connect
    super(socksocket, self).connect(proxy_addr)
TimeoutError: timed out

During handling of the above exception, another exception occurred:

Traceback (most recent call last):
  File "C:\Users\owner\Desktop\projects\bots\vass\venv\Lib\site-packages\urllib3\contrib\socks.py", line 110, in _new_conn
    conn = socks.create_connection(
           ^^^^^^^^^^^^^^^^^^^^^^^^
  File "C:\Users\owner\Desktop\projects\bots\vass\venv\Lib\site-packages\socks.py", line 209, in create_connection
    raise err
  File "C:\Users\owner\Desktop\projects\bots\vass\venv\Lib\site-packages\socks.py", line 199, in create_connection
    sock.connect((remote_host, remote_port))
  File "C:\Users\owner\Desktop\projects\bots\vass\venv\Lib\site-packages\socks.py", line 47, in wrapper
    return function(*args, **kwargs)
           ^^^^^^^^^^^^^^^^^^^^^^^^^
  File "C:\Users\owner\Desktop\projects\bots\vass\venv\Lib\site-packages\socks.py", line 800, in connect
    raise ProxyConnectionError(msg, error)
socks.ProxyConnectionError: Error connecting to SOCKS4 proxy 212.83.143.103:11564: timed out

The above exception was the direct cause of the following exception:

Traceback (most recent call last):
  File "C:\Users\owner\Desktop\projects\bots\vass\venv\Lib\site-packages\urllib3\connectionpool.py", line 789, in urlopen
    response = self._make_request(
               ^^^^^^^^^^^^^^^^^^^
  File "C:\Users\owner\Desktop\projects\bots\vass\venv\Lib\site-packages\urllib3\connectionpool.py", line 495, in _make_request
    conn.request(
  File "C:\Users\owner\Desktop\projects\bots\vass\venv\Lib\site-packages\urllib3\connection.py", line 441, in request
    self.endheaders()
  File "C:\Program Files\WindowsApps\PythonSoftwareFoundation.Python.3.11_3.11.2544.0_x64__qbz5n2kfra8p0\Lib\http\client.py", line 1298, in endheaders
    self._send_output(message_body, encode_chunked=encode_chunked)
  File "C:\Program Files\WindowsApps\PythonSoftwareFoundation.Python.3.11_3.11.2544.0_x64__qbz5n2kfra8p0\Lib\http\client.py", line 1058, in _send_output
    self.send(msg)
  File "C:\Program Files\WindowsApps\PythonSoftwareFoundation.Python.3.11_3.11.2544.0_x64__qbz5n2kfra8p0\Lib\http\client.py", line 996, in send
    self.connect()
  File "C:\Users\owner\Desktop\projects\bots\vass\venv\Lib\site-packages\urllib3\connection.py", line 279, in connect
    self.sock = self._new_conn()
                ^^^^^^^^^^^^^^^^
  File "C:\Users\owner\Desktop\projects\bots\vass\venv\Lib\site-packages\urllib3\contrib\socks.py", line 134, in _new_conn
    raise ConnectTimeoutError(
urllib3.exceptions.ConnectTimeoutError: (<urllib3.contrib.socks.SOCKSConnection object at 0x000001AAAA4CEED0>, 'Connection to ip-api.com timed out. (connect timeout=5)')

The above exception was the direct cause of the following exception:

Traceback (most recent call last):
  File "C:\Users\owner\Desktop\projects\bots\vass\venv\Lib\site-packages\requests\adapters.py", line 667, in send
    resp = conn.urlopen(
           ^^^^^^^^^^^^^
  File "C:\Users\owner\Desktop\projects\bots\vass\venv\Lib\site-packages\urllib3\connectionpool.py", line 843, in urlopen
    retries = retries.increment(
              ^^^^^^^^^^^^^^^^^^
  File "C:\Users\owner\Desktop\projects\bots\vass\venv\Lib\site-packages\urllib3\util\retry.py", line 519, in increment
    raise MaxRetryError(_pool, url, reason) from reason  # type: ignore[arg-type]
    ^^^^^^^^^^^^^^^^^^^^^^^^^^^^^^^^^^^^^^^^^^^^^^^^^^^
urllib3.exceptions.MaxRetryError: SOCKSHTTPConnectionPool(host='ip-api.com', port=80): Max retries exceeded with url: /json (Caused by ConnectTimeoutError(<urllib3.contrib.socks.SOCKSConnection object at 0x000001AAAA4CEED0>, 'Connection to ip-api.com timed out. (connect timeout=5)'))

During handling of the above exception, another exception occurred:

Traceback (most recent call last):
  File "C:\Users\owner\Desktop\projects\bots\vass\utils\scrapper.py", line 542, in check_proxy
    response = requests.get(
               ^^^^^^^^^^^^^
  File "C:\Users\owner\Desktop\projects\bots\vass\venv\Lib\site-packages\requests\api.py", line 73, in get
    return request("get", url, params=params, **kwargs)
           ^^^^^^^^^^^^^^^^^^^^^^^^^^^^^^^^^^^^^^^^^^^^
  File "C:\Users\owner\Desktop\projects\bots\vass\venv\Lib\site-packages\requests\api.py", line 59, in request
    return session.request(method=method, url=url, **kwargs)
           ^^^^^^^^^^^^^^^^^^^^^^^^^^^^^^^^^^^^^^^^^^^^^^^^^
  File "C:\Users\owner\Desktop\projects\bots\vass\venv\Lib\site-packages\requests\sessions.py", line 589, in request
    resp = self.send(prep, **send_kwargs)
           ^^^^^^^^^^^^^^^^^^^^^^^^^^^^^^
  File "C:\Users\owner\Desktop\projects\bots\vass\venv\Lib\site-packages\requests\sessions.py", line 703, in send
    r = adapter.send(request, **kwargs)
        ^^^^^^^^^^^^^^^^^^^^^^^^^^^^^^^
  File "C:\Users\owner\Desktop\projects\bots\vass\venv\Lib\site-packages\requests\adapters.py", line 688, in send
    raise ConnectTimeout(e, request=request)
requests.exceptions.ConnectTimeout: SOCKSHTTPConnectionPool(host='ip-api.com', port=80): Max retries exceeded with url: /json (Caused by ConnectTimeoutError(<urllib3.contrib.socks.SOCKSConnection object at 0x000001AAAA4CEED0>, 'Connection to ip-api.com timed out. (connect timeout=5)'))

08:55:10.91 | SUCCESS | Terminating Session
08:55:10.91 | ERROR | <<< An Error occurred: 'Scrapper' object has no attribute 'driver'; Traceback: Traceback (most recent call last):
  File "C:\Users\owner\Desktop\projects\bots\vass\utils\scrapper.py", line 664, in start
    self.teardown()
  File "C:\Users\owner\Desktop\projects\bots\vass\utils\scrapper.py", line 59, in teardown
    self.driver.quit()
    ^^^^^^^^^^^
AttributeError: 'Scrapper' object has no attribute 'driver'
>>>
08:55:10.91 | SUCCESS | Terminating Session
08:55:10.92 | ERROR | Error occurred >>> 'Scrapper' object has no attribute 'driver' ::::-> __TRACEBACK__ Traceback (most recent call last):
  File "C:\Users\owner\Desktop\projects\bots\vass\utils\scrapper.py", line 664, in start
    self.teardown()
  File "C:\Users\owner\Desktop\projects\bots\vass\utils\scrapper.py", line 59, in teardown
    self.driver.quit()
    ^^^^^^^^^^^
AttributeError: 'Scrapper' object has no attribute 'driver'

During handling of the above exception, another exception occurred:

Traceback (most recent call last):
  File "C:\Users\owner\Desktop\projects\bots\vass\utils\views.py", line 47, in start_prep_data
    return BotScrapper(data, db).start()
           ^^^^^^^^^^^^^^^^^^^^^^^^^^^^^
  File "C:\Users\owner\Desktop\projects\bots\vass\utils\scrapper.py", line 694, in start
    self.teardown()
  File "C:\Users\owner\Desktop\projects\bots\vass\utils\scrapper.py", line 59, in teardown
    self.driver.quit()
    ^^^^^^^^^^^
AttributeError: 'Scrapper' object has no attribute 'driver'
 <<<
08:58:16.26 | SUCCESS | 0.1 Task | Cleaning & Processing & Preping Request Data | Proxy: 66.29.128.242:64641
08:58:16.26 | SUCCESS | 0.0 Process | Initiating Scrapper Class On Selenium
08:58:16.26 | SUCCESS | 1.0 Process | Starting Driver
08:58:17.59 | ERROR | Proxy is in the wrong country
08:58:17.59 | SUCCESS | Terminating Session
08:58:17.59 | ERROR | <<< An Error occurred: 'Scrapper' object has no attribute 'driver'; Traceback: Traceback (most recent call last):
  File "C:\Users\owner\Desktop\projects\bots\vass\utils\scrapper.py", line 664, in start
    self.teardown()
  File "C:\Users\owner\Desktop\projects\bots\vass\utils\scrapper.py", line 59, in teardown
    self.driver.quit()
    ^^^^^^^^^^^
AttributeError: 'Scrapper' object has no attribute 'driver'
>>>
08:58:17.60 | SUCCESS | Terminating Session
08:58:17.60 | ERROR | Error occurred >>> 'Scrapper' object has no attribute 'driver' ::::-> __TRACEBACK__ Traceback (most recent call last):
  File "C:\Users\owner\Desktop\projects\bots\vass\utils\scrapper.py", line 664, in start
    self.teardown()
  File "C:\Users\owner\Desktop\projects\bots\vass\utils\scrapper.py", line 59, in teardown
    self.driver.quit()
    ^^^^^^^^^^^
AttributeError: 'Scrapper' object has no attribute 'driver'

During handling of the above exception, another exception occurred:

Traceback (most recent call last):
  File "C:\Users\owner\Desktop\projects\bots\vass\utils\views.py", line 47, in start_prep_data
    return BotScrapper(data, db).start()
           ^^^^^^^^^^^^^^^^^^^^^^^^^^^^^
  File "C:\Users\owner\Desktop\projects\bots\vass\utils\scrapper.py", line 694, in start
    self.teardown()
  File "C:\Users\owner\Desktop\projects\bots\vass\utils\scrapper.py", line 59, in teardown
    self.driver.quit()
    ^^^^^^^^^^^
AttributeError: 'Scrapper' object has no attribute 'driver'
 <<<
08:59:48.64 | SUCCESS | 0.1 Task | Cleaning & Processing & Preping Request Data | Proxy: 66.29.128.242:64641
08:59:48.64 | SUCCESS | 0.0 Process | Initiating Scrapper Class On Selenium
08:59:48.64 | SUCCESS | 1.0 Process | Starting Driver
08:59:49.96 | ERROR | Proxy is in the wrong country
08:59:49.96 | SUCCESS | Terminating Session
08:59:49.96 | ERROR | <<< An Error occurred: 'Scrapper' object has no attribute 'driver'; Traceback: Traceback (most recent call last):
  File "C:\Users\owner\Desktop\projects\bots\vass\utils\scrapper.py", line 665, in start
    self.teardown()
  File "C:\Users\owner\Desktop\projects\bots\vass\utils\scrapper.py", line 59, in teardown
    if self.driver:
       ^^^^^^^^^^^
AttributeError: 'Scrapper' object has no attribute 'driver'
>>>
08:59:49.96 | SUCCESS | Terminating Session
08:59:49.97 | ERROR | Error occurred >>> 'Scrapper' object has no attribute 'driver' ::::-> __TRACEBACK__ Traceback (most recent call last):
  File "C:\Users\owner\Desktop\projects\bots\vass\utils\scrapper.py", line 665, in start
    self.teardown()
  File "C:\Users\owner\Desktop\projects\bots\vass\utils\scrapper.py", line 59, in teardown
    if self.driver:
       ^^^^^^^^^^^
AttributeError: 'Scrapper' object has no attribute 'driver'

During handling of the above exception, another exception occurred:

Traceback (most recent call last):
  File "C:\Users\owner\Desktop\projects\bots\vass\utils\views.py", line 47, in start_prep_data
    return BotScrapper(data, db).start()
           ^^^^^^^^^^^^^^^^^^^^^^^^^^^^^
  File "C:\Users\owner\Desktop\projects\bots\vass\utils\scrapper.py", line 695, in start
    self.teardown()
  File "C:\Users\owner\Desktop\projects\bots\vass\utils\scrapper.py", line 59, in teardown
    if self.driver:
       ^^^^^^^^^^^
AttributeError: 'Scrapper' object has no attribute 'driver'
 <<<
09:05:14.83 | SUCCESS | 0.1 Task | Cleaning & Processing & Preping Request Data | Proxy: 66.29.128.242:64641
09:05:14.83 | SUCCESS | 0.0 Process | Initiating Scrapper Class On Selenium
09:05:14.83 | SUCCESS | 1.0 Process | Starting Driver
09:05:16.93 | ERROR | Proxy is in the wrong country
09:05:16.94 | SUCCESS | Terminating Session
09:05:16.94 | WARNING | Driver does not exist or is already None.
09:16:11.66 | SUCCESS | 0.1 Task | Cleaning & Processing & Preping Request Data | Proxy: 51.83.116.7:60673
09:16:11.66 | SUCCESS | 0.0 Process | Initiating Scrapper Class On Selenium
09:16:11.66 | SUCCESS | 1.0 Process | Starting Driver
09:16:19.17 | SUCCESS | 1.1 Attempt 1 to load the page.
09:17:29.87 | SUCCESS | 1.2 Page loaded successfully.
09:17:30.64 | SUCCESS | Activating useCase Autovettura 'Normale'
09:17:48.72 | INFO | reCAPTCHA info found: {'callback': "___grecaptcha_cfg.clients['0']['A']['A']['callback']", 'function': {}, 'id': '0', 'sitekey': '6LcTvwsaAAAAACrX9g0kYHzox2v3VG8E4E9omeYm', 'version': 'V2'}
09:18:46.59 | SUCCESS | Solved captcha: 03AFcWeA57JpOFfZZPx4mhcD6S-TGr-UIryxJt8IbU_7HRef-i448iqgsftuaVTmYNa8RxMujB1BrYVuqlwNn3wZoa_C5QiOrMN_ilstdTyPOOBBOQFW-fq6pVsX9Ga60A8ZJKFxIe2XpPt_JLo4RhPWcZfgjvjMJfTdpRBTop33d9E21RPMjpske0TyePQGbSojq9I8zxsvgwyYBWlPZ-2T3XI74osUfMk4ECkGLpcK6porowsu5ds08Dm7ZdYBYv_fFEk4YzEHYybfZ0vkv0loMXk__igsNvUq8GFNfRAt7vuqYw_S_IIF-rgr34R6GWJo6oQ8ut7CjUiK8WhJzKGspEXwePtoBevxWTfss_bB8MPQ3bkiXfGo4t5qEkvKyTZFWRZO94tbeHP3Eepd9aIm7l0kFamgH-4htzfFwQrRxSnx-WZb69PXv1ddicJa_H5tnlgRfnRMTOPO6P_qSeKN2qboveG4GHwLc2j1iBBpD9GK2SqipjqdxbCRWLE2vVP5ucyIy8kNDPZ3XMIpbefIOY6Sr9zwopcTzntxfcWSoGjsJubGwfdrrAjtchH8DLhGxL5d-nUI_s8SWUlt_FrT6HnUoXQVjFuViAwxcA51k0q-s9YW4JYyHIqadsX7wS3LCCQGhjEOh1IepamaUplSlCkEijArUhKAYsRRT0ma95e7USpBKyrRqPbToI-0i38HsMenezxpVkwEOZvRT50r6BKW3qVgoyRFZuCWOox7nTL-4oxG8a2bEY3seUD5nZTIgjjcrwPcm_jkC87bE9RGkJxU4g9-TV5oZxE8NRTKH_2hZpbaQZoFXgVcB9aE4vD0ZRu_P6GIgQfMIdWQ1FoGvEagTK8eVhXlFvILT_uQHUxcwb5sAehPrmO-pW4V-4h96YLBAw4pzpQovDsMQSpJBYAayw_JLPheKMzEBFxBEpicZBaphujxU
09:19:55.07 | ERROR | Element Activity | Description: Expert Guide/Guida Esperta [CLICK] | Error: Traceback (most recent call last):
  File "C:\Users\owner\Desktop\projects\bots\vass\utils\scrapper.py", line 112, in _check_element
    return custom_wait.until(
           ^^^^^^^^^^^^^^^^^^
  File "C:\Users\owner\Desktop\projects\bots\vass\venv\Lib\site-packages\selenium\webdriver\support\wait.py", line 105, in until
    raise TimeoutException(message, screen, stacktrace)
selenium.common.exceptions.TimeoutException: Message: 
Stacktrace:
	GetHandleVerifier [0x00007FF7BD6938A5+3004357]
	(No symbol) [0x00007FF7BD329970]
	(No symbol) [0x00007FF7BD1D582A]
	(No symbol) [0x00007FF7BD225B8E]
	(No symbol) [0x00007FF7BD225E7C]
	(No symbol) [0x00007FF7BD26EC27]
	(No symbol) [0x00007FF7BD24BC1F]
	(No symbol) [0x00007FF7BD26BA4C]
	(No symbol) [0x00007FF7BD24B983]
	(No symbol) [0x00007FF7BD217628]
	(No symbol) [0x00007FF7BD218791]
	GetHandleVerifier [0x00007FF7BD6BA00D+3161901]
	GetHandleVerifier [0x00007FF7BD70E060+3506048]
	GetHandleVerifier [0x00007FF7BD70400D+3465005]
	GetHandleVerifier [0x00007FF7BD480EEB+830987]
	(No symbol) [0x00007FF7BD33467F]
	(No symbol) [0x00007FF7BD3309D4]
	(No symbol) [0x00007FF7BD330B6D]
	(No symbol) [0x00007FF7BD320149]
	BaseThreadInitThunk [0x00007FFB269B259D+29]
	RtlUserThreadStart [0x00007FFB283CAF38+40]


09:19:55.12 | ERROR | Button Activity | Description: Expert Guide/Guida Esperta [CLICK] | Error: Traceback (most recent call last):
  File "C:\Users\owner\Desktop\projects\bots\vass\utils\scrapper.py", line 128, in _click_button
    self.driver.execute_script(
  File "C:\Users\owner\Desktop\projects\bots\vass\venv\Lib\site-packages\selenium\webdriver\remote\webdriver.py", line 440, in execute_script
    return self.execute(command, {"script": script, "args": converted_args})["value"]
           ^^^^^^^^^^^^^^^^^^^^^^^^^^^^^^^^^^^^^^^^^^^^^^^^^^^^^^^^^^^^^^^^^
  File "C:\Users\owner\Desktop\projects\bots\vass\venv\Lib\site-packages\selenium\webdriver\remote\webdriver.py", line 380, in execute
    self.error_handler.check_response(response)
  File "C:\Users\owner\Desktop\projects\bots\vass\venv\Lib\site-packages\selenium\webdriver\remote\errorhandler.py", line 229, in check_response
    raise exception_class(message, screen, stacktrace)
selenium.common.exceptions.JavascriptException: Message: javascript error: button.scrollIntoViewIfNeeded is not a function
  (Session info: chrome=130.0.6723.119)
Stacktrace:
	GetHandleVerifier [0x00007FF7BD6938A5+3004357]
	(No symbol) [0x00007FF7BD329970]
	(No symbol) [0x00007FF7BD1D582A]
	(No symbol) [0x00007FF7BD1DC2E2]
	(No symbol) [0x00007FF7BD1DE94F]
	(No symbol) [0x00007FF7BD26CD20]
	(No symbol) [0x00007FF7BD24BBDA]
	(No symbol) [0x00007FF7BD26BA4C]
	(No symbol) [0x00007FF7BD24B983]
	(No symbol) [0x00007FF7BD217628]
	(No symbol) [0x00007FF7BD218791]
	GetHandleVerifier [0x00007FF7BD6BA00D+3161901]
	GetHandleVerifier [0x00007FF7BD70E060+3506048]
	GetHandleVerifier [0x00007FF7BD70400D+3465005]
	GetHandleVerifier [0x00007FF7BD480EEB+830987]
	(No symbol) [0x00007FF7BD33467F]
	(No symbol) [0x00007FF7BD3309D4]
	(No symbol) [0x00007FF7BD330B6D]
	(No symbol) [0x00007FF7BD320149]
	BaseThreadInitThunk [0x00007FFB269B259D+29]
	RtlUserThreadStart [0x00007FFB283CAF38+40]


09:19:57.16 | ERROR | Element Activity | Description: Checkbox switcher | Error: Traceback (most recent call last):
  File "C:\Users\owner\Desktop\projects\bots\vass\utils\scrapper.py", line 112, in _check_element
    return custom_wait.until(
           ^^^^^^^^^^^^^^^^^^
  File "C:\Users\owner\Desktop\projects\bots\vass\venv\Lib\site-packages\selenium\webdriver\support\wait.py", line 105, in until
    raise TimeoutException(message, screen, stacktrace)
selenium.common.exceptions.TimeoutException: Message: 
Stacktrace:
	GetHandleVerifier [0x00007FF7BD6938A5+3004357]
	(No symbol) [0x00007FF7BD329970]
	(No symbol) [0x00007FF7BD1D582A]
	(No symbol) [0x00007FF7BD225B8E]
	(No symbol) [0x00007FF7BD225E7C]
	(No symbol) [0x00007FF7BD26EC27]
	(No symbol) [0x00007FF7BD24BC1F]
	(No symbol) [0x00007FF7BD26BA4C]
	(No symbol) [0x00007FF7BD24B983]
	(No symbol) [0x00007FF7BD217628]
	(No symbol) [0x00007FF7BD218791]
	GetHandleVerifier [0x00007FF7BD6BA00D+3161901]
	GetHandleVerifier [0x00007FF7BD70E060+3506048]
	GetHandleVerifier [0x00007FF7BD70400D+3465005]
	GetHandleVerifier [0x00007FF7BD480EEB+830987]
	(No symbol) [0x00007FF7BD33467F]
	(No symbol) [0x00007FF7BD3309D4]
	(No symbol) [0x00007FF7BD330B6D]
	(No symbol) [0x00007FF7BD320149]
	BaseThreadInitThunk [0x00007FFB269B259D+29]
	RtlUserThreadStart [0x00007FFB283CAF38+40]


09:19:59.25 | ERROR | Element Activity | Description: Checkbox Ivass switcher | Error: Traceback (most recent call last):
  File "C:\Users\owner\Desktop\projects\bots\vass\utils\scrapper.py", line 112, in _check_element
    return custom_wait.until(
           ^^^^^^^^^^^^^^^^^^
  File "C:\Users\owner\Desktop\projects\bots\vass\venv\Lib\site-packages\selenium\webdriver\support\wait.py", line 105, in until
    raise TimeoutException(message, screen, stacktrace)
selenium.common.exceptions.TimeoutException: Message: 
Stacktrace:
	GetHandleVerifier [0x00007FF7BD6938A5+3004357]
	(No symbol) [0x00007FF7BD329970]
	(No symbol) [0x00007FF7BD1D582A]
	(No symbol) [0x00007FF7BD225B8E]
	(No symbol) [0x00007FF7BD225E7C]
	(No symbol) [0x00007FF7BD26EC27]
	(No symbol) [0x00007FF7BD24BC1F]
	(No symbol) [0x00007FF7BD26BA4C]
	(No symbol) [0x00007FF7BD24B983]
	(No symbol) [0x00007FF7BD217628]
	(No symbol) [0x00007FF7BD218791]
	GetHandleVerifier [0x00007FF7BD6BA00D+3161901]
	GetHandleVerifier [0x00007FF7BD70E060+3506048]
	GetHandleVerifier [0x00007FF7BD70400D+3465005]
	GetHandleVerifier [0x00007FF7BD480EEB+830987]
	(No symbol) [0x00007FF7BD33467F]
	(No symbol) [0x00007FF7BD3309D4]
	(No symbol) [0x00007FF7BD330B6D]
	(No symbol) [0x00007FF7BD320149]
	BaseThreadInitThunk [0x00007FFB269B259D+29]
	RtlUserThreadStart [0x00007FFB283CAF38+40]


09:19:59.29 | ERROR | Select & CheckBox | Description: Guide Expert | Error: Traceback (most recent call last):
  File "C:\Users\owner\Desktop\projects\bots\vass\utils\scrapper.py", line 335, in _select_guide_expert_checkbox
    return self.driver.execute_script(
           ^^^^^^^^^^^^^^^^^^^^^^^^^^^
  File "C:\Users\owner\Desktop\projects\bots\vass\venv\Lib\site-packages\selenium\webdriver\remote\webdriver.py", line 440, in execute_script
    return self.execute(command, {"script": script, "args": converted_args})["value"]
           ^^^^^^^^^^^^^^^^^^^^^^^^^^^^^^^^^^^^^^^^^^^^^^^^^^^^^^^^^^^^^^^^^
  File "C:\Users\owner\Desktop\projects\bots\vass\venv\Lib\site-packages\selenium\webdriver\remote\webdriver.py", line 380, in execute
    self.error_handler.check_response(response)
  File "C:\Users\owner\Desktop\projects\bots\vass\venv\Lib\site-packages\selenium\webdriver\remote\errorhandler.py", line 229, in check_response
    raise exception_class(message, screen, stacktrace)
selenium.common.exceptions.JavascriptException: Message: javascript error: select.click is not a function
  (Session info: chrome=130.0.6723.119)
Stacktrace:
	GetHandleVerifier [0x00007FF7BD6938A5+3004357]
	(No symbol) [0x00007FF7BD329970]
	(No symbol) [0x00007FF7BD1D582A]
	(No symbol) [0x00007FF7BD1DC2E2]
	(No symbol) [0x00007FF7BD1DE94F]
	(No symbol) [0x00007FF7BD26CD20]
	(No symbol) [0x00007FF7BD24BBDA]
	(No symbol) [0x00007FF7BD26BA4C]
	(No symbol) [0x00007FF7BD24B983]
	(No symbol) [0x00007FF7BD217628]
	(No symbol) [0x00007FF7BD218791]
	GetHandleVerifier [0x00007FF7BD6BA00D+3161901]
	GetHandleVerifier [0x00007FF7BD70E060+3506048]
	GetHandleVerifier [0x00007FF7BD70400D+3465005]
	GetHandleVerifier [0x00007FF7BD480EEB+830987]
	(No symbol) [0x00007FF7BD33467F]
	(No symbol) [0x00007FF7BD3309D4]
	(No symbol) [0x00007FF7BD330B6D]
	(No symbol) [0x00007FF7BD320149]
	BaseThreadInitThunk [0x00007FFB269B259D+29]
	RtlUserThreadStart [0x00007FFB283CAF38+40]


09:20:16.72 | ERROR | Element Activity | Description: Dialog of Summary | Error: Traceback (most recent call last):
  File "C:\Users\owner\Desktop\projects\bots\vass\utils\scrapper.py", line 112, in _check_element
    return custom_wait.until(
           ^^^^^^^^^^^^^^^^^^
  File "C:\Users\owner\Desktop\projects\bots\vass\venv\Lib\site-packages\selenium\webdriver\support\wait.py", line 105, in until
    raise TimeoutException(message, screen, stacktrace)
selenium.common.exceptions.TimeoutException: Message: 
Stacktrace:
	GetHandleVerifier [0x00007FF7BD6938A5+3004357]
	(No symbol) [0x00007FF7BD329970]
	(No symbol) [0x00007FF7BD1D582A]
	(No symbol) [0x00007FF7BD225B8E]
	(No symbol) [0x00007FF7BD225E7C]
	(No symbol) [0x00007FF7BD26EC27]
	(No symbol) [0x00007FF7BD24BC1F]
	(No symbol) [0x00007FF7BD26BA4C]
	(No symbol) [0x00007FF7BD24B983]
	(No symbol) [0x00007FF7BD217628]
	(No symbol) [0x00007FF7BD218791]
	GetHandleVerifier [0x00007FF7BD6BA00D+3161901]
	GetHandleVerifier [0x00007FF7BD70E060+3506048]
	GetHandleVerifier [0x00007FF7BD70400D+3465005]
	GetHandleVerifier [0x00007FF7BD480EEB+830987]
	(No symbol) [0x00007FF7BD33467F]
	(No symbol) [0x00007FF7BD3309D4]
	(No symbol) [0x00007FF7BD330B6D]
	(No symbol) [0x00007FF7BD320149]
	BaseThreadInitThunk [0x00007FFB269B259D+29]
	RtlUserThreadStart [0x00007FFB283CAF38+40]


09:20:16.73 | ERROR | There was a problem inserting [] to database | Error is 'Scrapper' object has no attribute 'req'
09:20:16.74 | ERROR | <<< An Error occurred: 'Scrapper' object has no attribute 'req'; Traceback: Traceback (most recent call last):
  File "C:\Users\owner\Desktop\projects\bots\vass\utils\scrapper.py", line 668, in start
    return self.use_case_normale()
           ^^^^^^^^^^^^^^^^^^^^^^^
  File "C:\Users\owner\Desktop\projects\bots\vass\utils\scrapper.py", line 780, in use_case_normale
    return self.final_step()
           ^^^^^^^^^^^^^^^^^
  File "C:\Users\owner\Desktop\projects\bots\vass\utils\scrapper.py", line 1142, in final_step
    db_quote_data = self.insert_into_db(response=quote_object)
                    ^^^^^^^^^^^^^^^^^^^^^^^^^^^^^^^^^^^^^^^^^^
  File "C:\Users\owner\Desktop\projects\bots\vass\utils\scrapper.py", line 632, in insert_into_db
    raise e
  File "C:\Users\owner\Desktop\projects\bots\vass\utils\scrapper.py", line 590, in insert_into_db
    data = self.req.data
           ^^^^^^^^
AttributeError: 'Scrapper' object has no attribute 'req'
>>>
09:20:16.75 | SUCCESS | Terminating Session
09:20:19.01 | INFO | Driver quit successfully.
09:20:19.02 | ERROR | Error occurred >>> Expecting value: line 1 column 1 (char 0) ::::-> __TRACEBACK__ Traceback (most recent call last):
  File "C:\Users\owner\Desktop\projects\bots\vass\utils\views.py", line 47, in start_prep_data
    return BotScrapper(data, db).start()
           ^^^^^^^^^^^^^^^^^^^^^^^^^^^^^
  File "C:\Users\owner\Desktop\projects\bots\vass\utils\scrapper.py", line 721, in start
    **json.loads(str(e)),
      ^^^^^^^^^^^^^^^^^^
  File "C:\Program Files\WindowsApps\PythonSoftwareFoundation.Python.3.11_3.11.2544.0_x64__qbz5n2kfra8p0\Lib\json\__init__.py", line 346, in loads
    return _default_decoder.decode(s)
           ^^^^^^^^^^^^^^^^^^^^^^^^^^
  File "C:\Program Files\WindowsApps\PythonSoftwareFoundation.Python.3.11_3.11.2544.0_x64__qbz5n2kfra8p0\Lib\json\decoder.py", line 337, in decode
    obj, end = self.raw_decode(s, idx=_w(s, 0).end())
               ^^^^^^^^^^^^^^^^^^^^^^^^^^^^^^^^^^^^^^
  File "C:\Program Files\WindowsApps\PythonSoftwareFoundation.Python.3.11_3.11.2544.0_x64__qbz5n2kfra8p0\Lib\json\decoder.py", line 355, in raw_decode
    raise JSONDecodeError("Expecting value", s, err.value) from None
json.decoder.JSONDecodeError: Expecting value: line 1 column 1 (char 0)
 <<<
09:46:58.85 | SUCCESS | 0.1 Task | Cleaning & Processing & Preping Request Data | Proxy: 51.83.116.7:60673
09:46:58.85 | SUCCESS | 0.0 Process | Initiating Scrapper Class On Selenium
09:46:58.85 | SUCCESS | 1.0 Process | Starting Driver
09:47:03.49 | SUCCESS | 1.1 Attempt 1 to load the page.
09:47:29.59 | SUCCESS | 1.2 Page loaded successfully.
09:47:29.66 | SUCCESS | Activating useCase Autovettura 'Normale'
09:47:31.86 | INFO | reCAPTCHA info found: {'callback': "___grecaptcha_cfg.clients['0']['A']['A']['callback']", 'function': {}, 'id': '0', 'sitekey': '6LcTvwsaAAAAACrX9g0kYHzox2v3VG8E4E9omeYm', 'version': 'V2'}
09:48:07.11 | SUCCESS | Solved captcha: 03AFcWeA5IFEWJgl4Wo6H8Ufmk5WF2rUReoGo7KiqHkzBHfOkDHEwl7_-HbFaXgxHpN6NqvTdmYTafWxNaOnSoLbGnzDgavfxeQZxx6F9yiLtaQnay6qHnU-2OwryHmd2z1tprINXcaNSqSiwSjFVZ42vz_wsn4V-Eg2xXUsIKKvXRgUgUIJJZ3rkP4JGziQV3EpVi4XpjyuGkJgYzv9s89PKSG49FF18_Q8sGHkF3q57kXUlwS3VlbxyV-REqN_EKrOBneGE0S8baWs0px9NjYQKjdIL431-PsSYrbWR5q4hRNNTeIwbwDieCJlt6Ax44s2O3veGBd9xU74hVjJr_jKCqUdMrGGUXDqGM_Gy-0RgG6xXZ2okgrEA6eR1hmJ4-E8O3SZFJ4GoBBkVZVHInbiuDCi1RGdn2rF0GeI4PpyTMl63JXz3QfAmSyHYUidRSDpAJpaveuTuovU1JcagMrG-aLaF_T7jHq57rA9Y9_Ns1rpIIM8bbwpMdCcpUyXQfK8tBboWpIz9I-6v1nzyqpuV8cH7sJJ8StnkfFryiU5-JOz62KsLhs0lJS9lvo5WDPR7daRmTB1eqpMYVa9kaYGlP88sRQugI9LUiFlJ0VIxzCm0Z6ltrJFNKuSuITGsKLa8tZpENgG6AIxjNwUV9MkL0dLN3xVR2RSmdsLPeRBT1cqhWb4En9L1c7CfQ0s6DT77c-IuiCUw2WE8CfdAgTd7wLVFG15BzonXKPHVv18KmKaIx_NU1W1t4yAeX_VeWjAX4TLZfhRzQhCe-OHKsrMc1ZB-IwgY5VfT4WGMC5f8Sm1lZmDm_U-VBZlJHSV9ttX-KhUlUiMoRMb1-n0R8XLoC5kyqKV8lZ22PPc_fu7MrroxzfYOepu8YmlrhwHHUkYKAoHVQGBbFcNXkKI6dfoQ-RhbEUS2QutcOcXNb7Fn2ISZBx6zmM9Y
09:49:01.35 | ERROR | Element Activity | Description: Expert Guide/Guida Esperta [CLICK] | Error: Traceback (most recent call last):
  File "C:\Users\owner\Desktop\projects\bots\vass\venv\Lib\site-packages\urllib3\connectionpool.py", line 789, in urlopen
    response = self._make_request(
               ^^^^^^^^^^^^^^^^^^^
  File "C:\Users\owner\Desktop\projects\bots\vass\venv\Lib\site-packages\urllib3\connectionpool.py", line 536, in _make_request
    response = conn.getresponse()
               ^^^^^^^^^^^^^^^^^^
  File "C:\Users\owner\Desktop\projects\bots\vass\venv\Lib\site-packages\urllib3\connection.py", line 507, in getresponse
    httplib_response = super().getresponse()
                       ^^^^^^^^^^^^^^^^^^^^^
  File "C:\Program Files\WindowsApps\PythonSoftwareFoundation.Python.3.11_3.11.2544.0_x64__qbz5n2kfra8p0\Lib\http\client.py", line 1395, in getresponse
    response.begin()
  File "C:\Program Files\WindowsApps\PythonSoftwareFoundation.Python.3.11_3.11.2544.0_x64__qbz5n2kfra8p0\Lib\http\client.py", line 325, in begin
    version, status, reason = self._read_status()
                              ^^^^^^^^^^^^^^^^^^^
  File "C:\Program Files\WindowsApps\PythonSoftwareFoundation.Python.3.11_3.11.2544.0_x64__qbz5n2kfra8p0\Lib\http\client.py", line 286, in _read_status
    line = str(self.fp.readline(_MAXLINE + 1), "iso-8859-1")
               ^^^^^^^^^^^^^^^^^^^^^^^^^^^^^^
  File "C:\Program Files\WindowsApps\PythonSoftwareFoundation.Python.3.11_3.11.2544.0_x64__qbz5n2kfra8p0\Lib\socket.py", line 706, in readinto
    return self._sock.recv_into(b)
           ^^^^^^^^^^^^^^^^^^^^^^^
ConnectionResetError: [WinError 10054] An existing connection was forcibly closed by the remote host

During handling of the above exception, another exception occurred:

Traceback (most recent call last):
  File "C:\Users\owner\Desktop\projects\bots\vass\utils\scrapper.py", line 112, in _check_element
    return custom_wait.until(
           ^^^^^^^^^^^^^^^^^^
  File "C:\Users\owner\Desktop\projects\bots\vass\venv\Lib\site-packages\selenium\webdriver\support\wait.py", line 96, in until
    value = method(self._driver)
            ^^^^^^^^^^^^^^^^^^^^
  File "C:\Users\owner\Desktop\projects\bots\vass\venv\Lib\site-packages\selenium\webdriver\support\expected_conditions.py", line 84, in _predicate
    return driver.find_element(*locator)
           ^^^^^^^^^^^^^^^^^^^^^^^^^^^^^
  File "C:\Users\owner\Desktop\projects\bots\vass\venv\Lib\site-packages\selenium\webdriver\remote\webdriver.py", line 766, in find_element
    return self.execute(Command.FIND_ELEMENT, {"using": by, "value": value})["value"]
           ^^^^^^^^^^^^^^^^^^^^^^^^^^^^^^^^^^^^^^^^^^^^^^^^^^^^^^^^^^^^^^^^^
  File "C:\Users\owner\Desktop\projects\bots\vass\venv\Lib\site-packages\selenium\webdriver\remote\webdriver.py", line 378, in execute
    response = self.command_executor.execute(driver_command, params)
               ^^^^^^^^^^^^^^^^^^^^^^^^^^^^^^^^^^^^^^^^^^^^^^^^^^^^^
  File "C:\Users\owner\Desktop\projects\bots\vass\venv\Lib\site-packages\selenium\webdriver\remote\remote_connection.py", line 391, in execute
    return self._request(command_info[0], url, body=data)
           ^^^^^^^^^^^^^^^^^^^^^^^^^^^^^^^^^^^^^^^^^^^^^^
  File "C:\Users\owner\Desktop\projects\bots\vass\venv\Lib\site-packages\selenium\webdriver\remote\remote_connection.py", line 415, in _request
    response = self._conn.request(method, url, body=body, headers=headers, timeout=self._client_config.timeout)
               ^^^^^^^^^^^^^^^^^^^^^^^^^^^^^^^^^^^^^^^^^^^^^^^^^^^^^^^^^^^^^^^^^^^^^^^^^^^^^^^^^^^^^^^^^^^^^^^^
  File "C:\Users\owner\Desktop\projects\bots\vass\venv\Lib\site-packages\urllib3\_request_methods.py", line 143, in request
    return self.request_encode_body(
           ^^^^^^^^^^^^^^^^^^^^^^^^^
  File "C:\Users\owner\Desktop\projects\bots\vass\venv\Lib\site-packages\urllib3\_request_methods.py", line 278, in request_encode_body
    return self.urlopen(method, url, **extra_kw)
           ^^^^^^^^^^^^^^^^^^^^^^^^^^^^^^^^^^^^^
  File "C:\Users\owner\Desktop\projects\bots\vass\venv\Lib\site-packages\urllib3\poolmanager.py", line 443, in urlopen
    response = conn.urlopen(method, u.request_uri, **kw)
               ^^^^^^^^^^^^^^^^^^^^^^^^^^^^^^^^^^^^^^^^^
  File "C:\Users\owner\Desktop\projects\bots\vass\venv\Lib\site-packages\urllib3\connectionpool.py", line 843, in urlopen
    retries = retries.increment(
              ^^^^^^^^^^^^^^^^^^
  File "C:\Users\owner\Desktop\projects\bots\vass\venv\Lib\site-packages\urllib3\util\retry.py", line 474, in increment
    raise reraise(type(error), error, _stacktrace)
          ^^^^^^^^^^^^^^^^^^^^^^^^^^^^^^^^^^^^^^^^
  File "C:\Users\owner\Desktop\projects\bots\vass\venv\Lib\site-packages\urllib3\util\util.py", line 38, in reraise
    raise value.with_traceback(tb)
  File "C:\Users\owner\Desktop\projects\bots\vass\venv\Lib\site-packages\urllib3\connectionpool.py", line 789, in urlopen
    response = self._make_request(
               ^^^^^^^^^^^^^^^^^^^
  File "C:\Users\owner\Desktop\projects\bots\vass\venv\Lib\site-packages\urllib3\connectionpool.py", line 536, in _make_request
    response = conn.getresponse()
               ^^^^^^^^^^^^^^^^^^
  File "C:\Users\owner\Desktop\projects\bots\vass\venv\Lib\site-packages\urllib3\connection.py", line 507, in getresponse
    httplib_response = super().getresponse()
                       ^^^^^^^^^^^^^^^^^^^^^
  File "C:\Program Files\WindowsApps\PythonSoftwareFoundation.Python.3.11_3.11.2544.0_x64__qbz5n2kfra8p0\Lib\http\client.py", line 1395, in getresponse
    response.begin()
  File "C:\Program Files\WindowsApps\PythonSoftwareFoundation.Python.3.11_3.11.2544.0_x64__qbz5n2kfra8p0\Lib\http\client.py", line 325, in begin
    version, status, reason = self._read_status()
                              ^^^^^^^^^^^^^^^^^^^
  File "C:\Program Files\WindowsApps\PythonSoftwareFoundation.Python.3.11_3.11.2544.0_x64__qbz5n2kfra8p0\Lib\http\client.py", line 286, in _read_status
    line = str(self.fp.readline(_MAXLINE + 1), "iso-8859-1")
               ^^^^^^^^^^^^^^^^^^^^^^^^^^^^^^
  File "C:\Program Files\WindowsApps\PythonSoftwareFoundation.Python.3.11_3.11.2544.0_x64__qbz5n2kfra8p0\Lib\socket.py", line 706, in readinto
    return self._sock.recv_into(b)
           ^^^^^^^^^^^^^^^^^^^^^^^
urllib3.exceptions.ProtocolError: ('Connection aborted.', ConnectionResetError(10054, 'An existing connection was forcibly closed by the remote host', None, 10054, None))

09:53:39.62 | SUCCESS | 0.1 Task | Cleaning & Processing & Preping Request Data | Proxy: 51.83.116.7:60673
09:53:39.63 | SUCCESS | 0.0 Process | Initiating Scrapper Class On Selenium
09:53:39.63 | SUCCESS | 1.0 Process | Starting Driver
09:53:44.87 | SUCCESS | 1.1 Attempt 1 to load the page.
09:54:08.66 | SUCCESS | 1.2 Page loaded successfully.
09:54:09.85 | SUCCESS | Activating useCase Autovettura 'Normale'
09:54:27.09 | ERROR | Element Activity | Description: iFrame of Captcha | Error: Traceback (most recent call last):
  File "C:\Users\owner\Desktop\projects\bots\vass\utils\scrapper.py", line 112, in _check_element
    return custom_wait.until(
           ^^^^^^^^^^^^^^^^^^
  File "C:\Users\owner\Desktop\projects\bots\vass\venv\Lib\site-packages\selenium\webdriver\support\wait.py", line 105, in until
    raise TimeoutException(message, screen, stacktrace)
selenium.common.exceptions.TimeoutException: Message: 
Stacktrace:
	GetHandleVerifier [0x00007FF7BD6938A5+3004357]
	(No symbol) [0x00007FF7BD329970]
	(No symbol) [0x00007FF7BD1D582A]
	(No symbol) [0x00007FF7BD225B8E]
	(No symbol) [0x00007FF7BD225E7C]
	(No symbol) [0x00007FF7BD26EC27]
	(No symbol) [0x00007FF7BD24BC1F]
	(No symbol) [0x00007FF7BD26BA4C]
	(No symbol) [0x00007FF7BD24B983]
	(No symbol) [0x00007FF7BD217628]
	(No symbol) [0x00007FF7BD218791]
	GetHandleVerifier [0x00007FF7BD6BA00D+3161901]
	GetHandleVerifier [0x00007FF7BD70E060+3506048]
	GetHandleVerifier [0x00007FF7BD70400D+3465005]
	GetHandleVerifier [0x00007FF7BD480EEB+830987]
	(No symbol) [0x00007FF7BD33467F]
	(No symbol) [0x00007FF7BD3309D4]
	(No symbol) [0x00007FF7BD330B6D]
	(No symbol) [0x00007FF7BD320149]
	BaseThreadInitThunk [0x00007FFB269B259D+29]
	RtlUserThreadStart [0x00007FFB283CAF38+40]


09:54:27.12 | ERROR | Captcha Activity | Description: Solving Recaptcha [iFRAME] | Error: Traceback (most recent call last):
  File "C:\Users\owner\Desktop\projects\bots\vass\utils\scrapper.py", line 456, in solve_captcha
    self.driver.switch_to.frame(recaptcha_frame)
  File "C:\Users\owner\Desktop\projects\bots\vass\venv\Lib\site-packages\selenium\webdriver\remote\switch_to.py", line 95, in frame
    self._driver.execute(Command.SWITCH_TO_FRAME, {"id": frame_reference})
  File "C:\Users\owner\Desktop\projects\bots\vass\venv\Lib\site-packages\selenium\webdriver\remote\webdriver.py", line 380, in execute
    self.error_handler.check_response(response)
  File "C:\Users\owner\Desktop\projects\bots\vass\venv\Lib\site-packages\selenium\webdriver\remote\errorhandler.py", line 229, in check_response
    raise exception_class(message, screen, stacktrace)
selenium.common.exceptions.InvalidArgumentException: Message: invalid argument: invalid 'id'
  (Session info: chrome=130.0.6723.119)
Stacktrace:
	GetHandleVerifier [0x00007FF7BD6938A5+3004357]
	(No symbol) [0x00007FF7BD329970]
	(No symbol) [0x00007FF7BD1D582A]
	(No symbol) [0x00007FF7BD26DEDA]
	(No symbol) [0x00007FF7BD24BBDA]
	(No symbol) [0x00007FF7BD26BA4C]
	(No symbol) [0x00007FF7BD24B983]
	(No symbol) [0x00007FF7BD217628]
	(No symbol) [0x00007FF7BD218791]
	GetHandleVerifier [0x00007FF7BD6BA00D+3161901]
	GetHandleVerifier [0x00007FF7BD70E060+3506048]
	GetHandleVerifier [0x00007FF7BD70400D+3465005]
	GetHandleVerifier [0x00007FF7BD480EEB+830987]
	(No symbol) [0x00007FF7BD33467F]
	(No symbol) [0x00007FF7BD3309D4]
	(No symbol) [0x00007FF7BD330B6D]
	(No symbol) [0x00007FF7BD320149]
	BaseThreadInitThunk [0x00007FFB269B259D+29]
	RtlUserThreadStart [0x00007FFB283CAF38+40]


09:54:27.14 | INFO | Reloading captcha frame... (Attempt 1/5)
09:54:35.65 | INFO | reCAPTCHA info found: {'callback': "___grecaptcha_cfg.clients['0']['A']['A']['callback']", 'function': {}, 'id': '0', 'sitekey': '6LcTvwsaAAAAACrX9g0kYHzox2v3VG8E4E9omeYm', 'version': 'V2'}
09:55:30.27 | SUCCESS | Solved captcha: 03AFcWeA4P3p2meovv1RbVdhuN766kiNopdWLbSlDdRbkVWz0Gd2a-L166OI-5m0D0i1Bwlzcv-55ntvP0xC_mWcH73QByE7l0sH_AfGCwU6UBzb2Gsnf-bWJNuQpbjrKM1bwgGrbTzALrwDYW49V6jJxRGhXJbIlkzyeiH2y8WtKAlTWmqY7YV2FUEzjqEananCl3j-szh98zsSekm9Ni77OddKZHFpzvl121qfxNpVTnJFdVkD4oFr_Ew9DQOscZ6Ak_I2i5w-aGfiFgO8F15ltUwVMCephDYRgvIpuAnEgFVsf5Fn8nQ12lP-KI07nJwUZmlWYRVIfgKq_TLBrVRZgD-0UDH7L5SY5L4ZsWgB5YvIwNJBj26643pWtuB260Lp38IM8qb36pI9KWGOydJjrZkQudTX7gmfs5NAddWev6QaJo088WrqCPcG09JtLiSosswg1kNfoNb-NHwgmhB6aX0a-5Q5RdBeQrVndRyVnD1y72QFm1DcQEy22r0XF1J92emoQMsalPKlc1U68nx4fCzyHrTKrQJBhEqsYFX_MyJAT5u6WF0183E_OuD7Gth24jy1clWYn70nOy-b3gzlhC4B1KGQ5xt2xQqH2AOvqy9NI9v76NcpX0JOSMvhvDflwHc5vVNdh8v4hiTh8hqZW9ExV5v6532JesKyGwkMNoBJi5-JH9_CUNNHU6zbNt6OK5Sz6DG0suSXBneDJ5b_2VgqMnvYTNbSn981EeiHJvwiDYBuCV7uuKx6UXdlrHDlxwYhNMR5l5T1Jf2qALNynwvnSSPMqo-Kx7Dl3CXA-ocWEVyrSE5u4VX-H7FkTsX4HO-3oeahzCW6ycGpx8K0UbwrYJV5Kt-ss40ITKggP-rEEaBpr8JRiw5sQ9PTr3T9LpGX-5xlAibIikq5HjcEgFOCyoR_-lMSiL00WP2DIBHkUP6JHGhfwU99xDKCw5Q_T_8BIT5fkP
09:56:32.17 | ERROR | Element Activity | Description: CLIO FULL HYBRID E-TECH 140 CV 5 PORTE ZEN (DAL 2020/06) [OPTION] | Error: Traceback (most recent call last):
  File "C:\Users\owner\Desktop\projects\bots\vass\utils\scrapper.py", line 112, in _check_element
    return custom_wait.until(
           ^^^^^^^^^^^^^^^^^^
  File "C:\Users\owner\Desktop\projects\bots\vass\venv\Lib\site-packages\selenium\webdriver\support\wait.py", line 105, in until
    raise TimeoutException(message, screen, stacktrace)
selenium.common.exceptions.TimeoutException: Message: 
Stacktrace:
	GetHandleVerifier [0x00007FF7BD6938A5+3004357]
	(No symbol) [0x00007FF7BD329970]
	(No symbol) [0x00007FF7BD1D582A]
	(No symbol) [0x00007FF7BD225B8E]
	(No symbol) [0x00007FF7BD225E7C]
	(No symbol) [0x00007FF7BD26EC27]
	(No symbol) [0x00007FF7BD24BC1F]
	(No symbol) [0x00007FF7BD26BA4C]
	(No symbol) [0x00007FF7BD24B983]
	(No symbol) [0x00007FF7BD217628]
	(No symbol) [0x00007FF7BD218791]
	GetHandleVerifier [0x00007FF7BD6BA00D+3161901]
	GetHandleVerifier [0x00007FF7BD70E060+3506048]
	GetHandleVerifier [0x00007FF7BD70400D+3465005]
	GetHandleVerifier [0x00007FF7BD480EEB+830987]
	(No symbol) [0x00007FF7BD33467F]
	(No symbol) [0x00007FF7BD3309D4]
	(No symbol) [0x00007FF7BD330B6D]
	(No symbol) [0x00007FF7BD320149]
	BaseThreadInitThunk [0x00007FFB269B259D+29]
	RtlUserThreadStart [0x00007FFB283CAF38+40]


09:56:32.22 | ERROR | Button Activity | Description: CLIO FULL HYBRID E-TECH 140 CV 5 PORTE ZEN (DAL 2020/06) [OPTION] | Error: Traceback (most recent call last):
  File "C:\Users\owner\Desktop\projects\bots\vass\utils\scrapper.py", line 128, in _click_button
    self.driver.execute_script(
  File "C:\Users\owner\Desktop\projects\bots\vass\venv\Lib\site-packages\selenium\webdriver\remote\webdriver.py", line 440, in execute_script
    return self.execute(command, {"script": script, "args": converted_args})["value"]
           ^^^^^^^^^^^^^^^^^^^^^^^^^^^^^^^^^^^^^^^^^^^^^^^^^^^^^^^^^^^^^^^^^
  File "C:\Users\owner\Desktop\projects\bots\vass\venv\Lib\site-packages\selenium\webdriver\remote\webdriver.py", line 380, in execute
    self.error_handler.check_response(response)
  File "C:\Users\owner\Desktop\projects\bots\vass\venv\Lib\site-packages\selenium\webdriver\remote\errorhandler.py", line 229, in check_response
    raise exception_class(message, screen, stacktrace)
selenium.common.exceptions.JavascriptException: Message: javascript error: button.scrollIntoViewIfNeeded is not a function
  (Session info: chrome=130.0.6723.119)
Stacktrace:
	GetHandleVerifier [0x00007FF7BD6938A5+3004357]
	(No symbol) [0x00007FF7BD329970]
	(No symbol) [0x00007FF7BD1D582A]
	(No symbol) [0x00007FF7BD1DC2E2]
	(No symbol) [0x00007FF7BD1DE94F]
	(No symbol) [0x00007FF7BD26CD20]
	(No symbol) [0x00007FF7BD24BBDA]
	(No symbol) [0x00007FF7BD26BA4C]
	(No symbol) [0x00007FF7BD24B983]
	(No symbol) [0x00007FF7BD217628]
	(No symbol) [0x00007FF7BD218791]
	GetHandleVerifier [0x00007FF7BD6BA00D+3161901]
	GetHandleVerifier [0x00007FF7BD70E060+3506048]
	GetHandleVerifier [0x00007FF7BD70400D+3465005]
	GetHandleVerifier [0x00007FF7BD480EEB+830987]
	(No symbol) [0x00007FF7BD33467F]
	(No symbol) [0x00007FF7BD3309D4]
	(No symbol) [0x00007FF7BD330B6D]
	(No symbol) [0x00007FF7BD320149]
	BaseThreadInitThunk [0x00007FFB269B259D+29]
	RtlUserThreadStart [0x00007FFB283CAF38+40]


09:57:16.57 | ERROR | Element Activity | Description: Expert Guide/Guida Esperta [CLICK] | Error: Traceback (most recent call last):
  File "C:\Users\owner\Desktop\projects\bots\vass\utils\scrapper.py", line 112, in _check_element
    return custom_wait.until(
           ^^^^^^^^^^^^^^^^^^
  File "C:\Users\owner\Desktop\projects\bots\vass\venv\Lib\site-packages\selenium\webdriver\support\wait.py", line 105, in until
    raise TimeoutException(message, screen, stacktrace)
selenium.common.exceptions.TimeoutException: Message: 
Stacktrace:
	GetHandleVerifier [0x00007FF7BD6938A5+3004357]
	(No symbol) [0x00007FF7BD329970]
	(No symbol) [0x00007FF7BD1D582A]
	(No symbol) [0x00007FF7BD225B8E]
	(No symbol) [0x00007FF7BD225E7C]
	(No symbol) [0x00007FF7BD26EC27]
	(No symbol) [0x00007FF7BD24BC1F]
	(No symbol) [0x00007FF7BD26BA4C]
	(No symbol) [0x00007FF7BD24B983]
	(No symbol) [0x00007FF7BD217628]
	(No symbol) [0x00007FF7BD218791]
	GetHandleVerifier [0x00007FF7BD6BA00D+3161901]
	GetHandleVerifier [0x00007FF7BD70E060+3506048]
	GetHandleVerifier [0x00007FF7BD70400D+3465005]
	GetHandleVerifier [0x00007FF7BD480EEB+830987]
	(No symbol) [0x00007FF7BD33467F]
	(No symbol) [0x00007FF7BD3309D4]
	(No symbol) [0x00007FF7BD330B6D]
	(No symbol) [0x00007FF7BD320149]
	BaseThreadInitThunk [0x00007FFB269B259D+29]
	RtlUserThreadStart [0x00007FFB283CAF38+40]


09:57:16.58 | ERROR | Button Activity | Description: Expert Guide/Guida Esperta [CLICK] | Error: Traceback (most recent call last):
  File "C:\Users\owner\Desktop\projects\bots\vass\utils\scrapper.py", line 128, in _click_button
    self.driver.execute_script(
  File "C:\Users\owner\Desktop\projects\bots\vass\venv\Lib\site-packages\selenium\webdriver\remote\webdriver.py", line 440, in execute_script
    return self.execute(command, {"script": script, "args": converted_args})["value"]
           ^^^^^^^^^^^^^^^^^^^^^^^^^^^^^^^^^^^^^^^^^^^^^^^^^^^^^^^^^^^^^^^^^
  File "C:\Users\owner\Desktop\projects\bots\vass\venv\Lib\site-packages\selenium\webdriver\remote\webdriver.py", line 380, in execute
    self.error_handler.check_response(response)
  File "C:\Users\owner\Desktop\projects\bots\vass\venv\Lib\site-packages\selenium\webdriver\remote\errorhandler.py", line 229, in check_response
    raise exception_class(message, screen, stacktrace)
selenium.common.exceptions.JavascriptException: Message: javascript error: button.scrollIntoViewIfNeeded is not a function
  (Session info: chrome=130.0.6723.119)
Stacktrace:
	GetHandleVerifier [0x00007FF7BD6938A5+3004357]
	(No symbol) [0x00007FF7BD329970]
	(No symbol) [0x00007FF7BD1D582A]
	(No symbol) [0x00007FF7BD1DC2E2]
	(No symbol) [0x00007FF7BD1DE94F]
	(No symbol) [0x00007FF7BD26CD20]
	(No symbol) [0x00007FF7BD24BBDA]
	(No symbol) [0x00007FF7BD26BA4C]
	(No symbol) [0x00007FF7BD24B983]
	(No symbol) [0x00007FF7BD217628]
	(No symbol) [0x00007FF7BD218791]
	GetHandleVerifier [0x00007FF7BD6BA00D+3161901]
	GetHandleVerifier [0x00007FF7BD70E060+3506048]
	GetHandleVerifier [0x00007FF7BD70400D+3465005]
	GetHandleVerifier [0x00007FF7BD480EEB+830987]
	(No symbol) [0x00007FF7BD33467F]
	(No symbol) [0x00007FF7BD3309D4]
	(No symbol) [0x00007FF7BD330B6D]
	(No symbol) [0x00007FF7BD320149]
	BaseThreadInitThunk [0x00007FFB269B259D+29]
	RtlUserThreadStart [0x00007FFB283CAF38+40]


09:57:18.60 | ERROR | Element Activity | Description: Checkbox switcher | Error: Traceback (most recent call last):
  File "C:\Users\owner\Desktop\projects\bots\vass\utils\scrapper.py", line 112, in _check_element
    return custom_wait.until(
           ^^^^^^^^^^^^^^^^^^
  File "C:\Users\owner\Desktop\projects\bots\vass\venv\Lib\site-packages\selenium\webdriver\support\wait.py", line 105, in until
    raise TimeoutException(message, screen, stacktrace)
selenium.common.exceptions.TimeoutException: Message: 
Stacktrace:
	GetHandleVerifier [0x00007FF7BD6938A5+3004357]
	(No symbol) [0x00007FF7BD329970]
	(No symbol) [0x00007FF7BD1D582A]
	(No symbol) [0x00007FF7BD225B8E]
	(No symbol) [0x00007FF7BD225E7C]
	(No symbol) [0x00007FF7BD26EC27]
	(No symbol) [0x00007FF7BD24BC1F]
	(No symbol) [0x00007FF7BD26BA4C]
	(No symbol) [0x00007FF7BD24B983]
	(No symbol) [0x00007FF7BD217628]
	(No symbol) [0x00007FF7BD218791]
	GetHandleVerifier [0x00007FF7BD6BA00D+3161901]
	GetHandleVerifier [0x00007FF7BD70E060+3506048]
	GetHandleVerifier [0x00007FF7BD70400D+3465005]
	GetHandleVerifier [0x00007FF7BD480EEB+830987]
	(No symbol) [0x00007FF7BD33467F]
	(No symbol) [0x00007FF7BD3309D4]
	(No symbol) [0x00007FF7BD330B6D]
	(No symbol) [0x00007FF7BD320149]
	BaseThreadInitThunk [0x00007FFB269B259D+29]
	RtlUserThreadStart [0x00007FFB283CAF38+40]


09:57:20.63 | ERROR | Element Activity | Description: Checkbox Ivass switcher | Error: Traceback (most recent call last):
  File "C:\Users\owner\Desktop\projects\bots\vass\utils\scrapper.py", line 112, in _check_element
    return custom_wait.until(
           ^^^^^^^^^^^^^^^^^^
  File "C:\Users\owner\Desktop\projects\bots\vass\venv\Lib\site-packages\selenium\webdriver\support\wait.py", line 105, in until
    raise TimeoutException(message, screen, stacktrace)
selenium.common.exceptions.TimeoutException: Message: 
Stacktrace:
	GetHandleVerifier [0x00007FF7BD6938A5+3004357]
	(No symbol) [0x00007FF7BD329970]
	(No symbol) [0x00007FF7BD1D582A]
	(No symbol) [0x00007FF7BD225B8E]
	(No symbol) [0x00007FF7BD225E7C]
	(No symbol) [0x00007FF7BD26EC27]
	(No symbol) [0x00007FF7BD24BC1F]
	(No symbol) [0x00007FF7BD26BA4C]
	(No symbol) [0x00007FF7BD24B983]
	(No symbol) [0x00007FF7BD217628]
	(No symbol) [0x00007FF7BD218791]
	GetHandleVerifier [0x00007FF7BD6BA00D+3161901]
	GetHandleVerifier [0x00007FF7BD70E060+3506048]
	GetHandleVerifier [0x00007FF7BD70400D+3465005]
	GetHandleVerifier [0x00007FF7BD480EEB+830987]
	(No symbol) [0x00007FF7BD33467F]
	(No symbol) [0x00007FF7BD3309D4]
	(No symbol) [0x00007FF7BD330B6D]
	(No symbol) [0x00007FF7BD320149]
	BaseThreadInitThunk [0x00007FFB269B259D+29]
	RtlUserThreadStart [0x00007FFB283CAF38+40]


09:57:20.65 | ERROR | Select & CheckBox | Description: Guide Expert | Error: Traceback (most recent call last):
  File "C:\Users\owner\Desktop\projects\bots\vass\utils\scrapper.py", line 335, in _select_guide_expert_checkbox
    return self.driver.execute_script(
           ^^^^^^^^^^^^^^^^^^^^^^^^^^^
  File "C:\Users\owner\Desktop\projects\bots\vass\venv\Lib\site-packages\selenium\webdriver\remote\webdriver.py", line 440, in execute_script
    return self.execute(command, {"script": script, "args": converted_args})["value"]
           ^^^^^^^^^^^^^^^^^^^^^^^^^^^^^^^^^^^^^^^^^^^^^^^^^^^^^^^^^^^^^^^^^
  File "C:\Users\owner\Desktop\projects\bots\vass\venv\Lib\site-packages\selenium\webdriver\remote\webdriver.py", line 380, in execute
    self.error_handler.check_response(response)
  File "C:\Users\owner\Desktop\projects\bots\vass\venv\Lib\site-packages\selenium\webdriver\remote\errorhandler.py", line 229, in check_response
    raise exception_class(message, screen, stacktrace)
selenium.common.exceptions.JavascriptException: Message: javascript error: select.click is not a function
  (Session info: chrome=130.0.6723.119)
Stacktrace:
	GetHandleVerifier [0x00007FF7BD6938A5+3004357]
	(No symbol) [0x00007FF7BD329970]
	(No symbol) [0x00007FF7BD1D582A]
	(No symbol) [0x00007FF7BD1DC2E2]
	(No symbol) [0x00007FF7BD1DE94F]
	(No symbol) [0x00007FF7BD26CD20]
	(No symbol) [0x00007FF7BD24BBDA]
	(No symbol) [0x00007FF7BD26BA4C]
	(No symbol) [0x00007FF7BD24B983]
	(No symbol) [0x00007FF7BD217628]
	(No symbol) [0x00007FF7BD218791]
	GetHandleVerifier [0x00007FF7BD6BA00D+3161901]
	GetHandleVerifier [0x00007FF7BD70E060+3506048]
	GetHandleVerifier [0x00007FF7BD70400D+3465005]
	GetHandleVerifier [0x00007FF7BD480EEB+830987]
	(No symbol) [0x00007FF7BD33467F]
	(No symbol) [0x00007FF7BD3309D4]
	(No symbol) [0x00007FF7BD330B6D]
	(No symbol) [0x00007FF7BD320149]
	BaseThreadInitThunk [0x00007FFB269B259D+29]
	RtlUserThreadStart [0x00007FFB283CAF38+40]


09:57:38.05 | ERROR | Element Activity | Description: Dialog of Summary | Error: Traceback (most recent call last):
  File "C:\Users\owner\Desktop\projects\bots\vass\utils\scrapper.py", line 112, in _check_element
    return custom_wait.until(
           ^^^^^^^^^^^^^^^^^^
  File "C:\Users\owner\Desktop\projects\bots\vass\venv\Lib\site-packages\selenium\webdriver\support\wait.py", line 105, in until
    raise TimeoutException(message, screen, stacktrace)
selenium.common.exceptions.TimeoutException: Message: 
Stacktrace:
	GetHandleVerifier [0x00007FF7BD6938A5+3004357]
	(No symbol) [0x00007FF7BD329970]
	(No symbol) [0x00007FF7BD1D582A]
	(No symbol) [0x00007FF7BD225B8E]
	(No symbol) [0x00007FF7BD225E7C]
	(No symbol) [0x00007FF7BD26EC27]
	(No symbol) [0x00007FF7BD24BC1F]
	(No symbol) [0x00007FF7BD26BA4C]
	(No symbol) [0x00007FF7BD24B983]
	(No symbol) [0x00007FF7BD217628]
	(No symbol) [0x00007FF7BD218791]
	GetHandleVerifier [0x00007FF7BD6BA00D+3161901]
	GetHandleVerifier [0x00007FF7BD70E060+3506048]
	GetHandleVerifier [0x00007FF7BD70400D+3465005]
	GetHandleVerifier [0x00007FF7BD480EEB+830987]
	(No symbol) [0x00007FF7BD33467F]
	(No symbol) [0x00007FF7BD3309D4]
	(No symbol) [0x00007FF7BD330B6D]
	(No symbol) [0x00007FF7BD320149]
	BaseThreadInitThunk [0x00007FFB269B259D+29]
	RtlUserThreadStart [0x00007FFB283CAF38+40]


09:57:38.05 | ERROR | There was a problem inserting [] to database | Error is 'Scrapper' object has no attribute 'req'
09:57:38.05 | ERROR | <<< An Error occurred: 'Scrapper' object has no attribute 'req'; Traceback: Traceback (most recent call last):
  File "C:\Users\owner\Desktop\projects\bots\vass\utils\scrapper.py", line 668, in start
    return self.use_case_normale()
           ^^^^^^^^^^^^^^^^^^^^^^^
  File "C:\Users\owner\Desktop\projects\bots\vass\utils\scrapper.py", line 780, in use_case_normale
    return self.final_step()
           ^^^^^^^^^^^^^^^^^
  File "C:\Users\owner\Desktop\projects\bots\vass\utils\scrapper.py", line 1142, in final_step
    db_quote_data = self.insert_into_db(response=quote_object)
                    ^^^^^^^^^^^^^^^^^^^^^^^^^^^^^^^^^^^^^^^^^^
  File "C:\Users\owner\Desktop\projects\bots\vass\utils\scrapper.py", line 632, in insert_into_db
    raise e
  File "C:\Users\owner\Desktop\projects\bots\vass\utils\scrapper.py", line 590, in insert_into_db
    data = self.req.data
           ^^^^^^^^
AttributeError: 'Scrapper' object has no attribute 'req'
>>>
09:57:38.06 | SUCCESS | Terminating Session
09:57:40.26 | INFO | Driver quit successfully.
09:57:40.27 | ERROR | Error occurred >>> Expecting value: line 1 column 1 (char 0) ::::-> __TRACEBACK__ Traceback (most recent call last):
  File "C:\Users\owner\Desktop\projects\bots\vass\utils\views.py", line 47, in start_prep_data
    return BotScrapper(data, db).start()
           ^^^^^^^^^^^^^^^^^^^^^^^^^^^^^
  File "C:\Users\owner\Desktop\projects\bots\vass\utils\scrapper.py", line 721, in start
    **json.loads(str(e)),
      ^^^^^^^^^^^^^^^^^^
  File "C:\Program Files\WindowsApps\PythonSoftwareFoundation.Python.3.11_3.11.2544.0_x64__qbz5n2kfra8p0\Lib\json\__init__.py", line 346, in loads
    return _default_decoder.decode(s)
           ^^^^^^^^^^^^^^^^^^^^^^^^^^
  File "C:\Program Files\WindowsApps\PythonSoftwareFoundation.Python.3.11_3.11.2544.0_x64__qbz5n2kfra8p0\Lib\json\decoder.py", line 337, in decode
    obj, end = self.raw_decode(s, idx=_w(s, 0).end())
               ^^^^^^^^^^^^^^^^^^^^^^^^^^^^^^^^^^^^^^
  File "C:\Program Files\WindowsApps\PythonSoftwareFoundation.Python.3.11_3.11.2544.0_x64__qbz5n2kfra8p0\Lib\json\decoder.py", line 355, in raw_decode
    raise JSONDecodeError("Expecting value", s, err.value) from None
json.decoder.JSONDecodeError: Expecting value: line 1 column 1 (char 0)
 <<<
10:04:51.32 | SUCCESS | 0.1 Task | Cleaning & Processing & Preping Request Data | Proxy: 51.83.116.7:60673
10:04:51.32 | SUCCESS | 0.0 Process | Initiating Scrapper Class On Selenium
10:04:51.33 | SUCCESS | 1.0 Process | Starting Driver
10:04:55.99 | SUCCESS | 1.1 Attempt 1 to load the page.
10:06:04.20 | SUCCESS | 1.2 Page loaded successfully.
10:06:05.54 | SUCCESS | Activating useCase 'Normale'
10:06:05.54 | INFO | Checking Vehicle Cilindrata | Type of Vehicle: autovettura | Cilindrata: 1598 
10:06:31.54 | INFO | reCAPTCHA info found: {'callback': "___grecaptcha_cfg.clients['0']['A']['A']['callback']", 'function': {}, 'id': '0', 'sitekey': '6LcTvwsaAAAAACrX9g0kYHzox2v3VG8E4E9omeYm', 'version': 'V2'}
10:07:08.55 | SUCCESS | Solved captcha: 03AFcWeA59fMlsEuddAlFLyiZ-dBAlTUvKpj8cGxrNnTyb0nWEqfB9Jndi_eEnWk9ONxiy6sgJUh1NH3qv4P0pM7KBYcG98zD_A3vU7SOqxuLfnaFtcWRF4nBTjX7OJv3eBdRBwhJ7TZgOSCgpKZ2ph7j5qmAzn3iUrDaPFAIAd7e_tl_iftUPXUucJMfpamNVDh6NWZQSIbkzWJU-rv9_ervM_B5V53RLzhnr43o7Lg9N1zvbSta4i055rp3-6yYyPCv--xFLNSF5yLIo82BNjmdfttOA05_yZLu-klWoFzUrjukj3rPpUh8wMTXQKRijtqSrl57uy-jg84x388562Y2iRqtoL5NFssR1bxB2J_wh__b7S-AiA4S8leXjZ6qeml1jats99m7fFIyp8VNq9nsIxhBnOFMNSTXbQAFYhWxTeOaBsq8z8R1eCrtEqODai61VeCYWGYatL35PlW4JVDLbhL7k-14yC9gKQfjVD2QjAYZOQfTFZKMB2rvVeOPpJxzy7DCHh4077IIaYJh5LTtuxbOabP-9qR5VbgUFPe4pjC8wjatF3XGLcLVTKLO4_QXVxMUUBLjbkpeFM8WyEAaL350bvdZpr4a1klyoP942VSVpPN4qX9d4YjaJDD01xzUMk2GP1JdqTRLb6YWiWU82_hXg_Y1Vkhm8_TRxbDrCIBRX9pR3Kf7F1S5re2l6wYO4e3zCpqoPWGDJ_iWmjZ-CK0WiDG-QxQjDFsWKbvwQ85oubxKdXhn7dcNHygEPoDBXlX69Xm_SGt8HBMHyHVzqcyHny-N2DpA8p-KPjzqgdMP6riPKW_6OFdlMWc-H3II5QDDOiVlSHSJ-frGNtWbbdvf4UI5l2aGjoq_rHqFOKKGWHWfOneGC8FI1Dg2Ln6DBxiJxQjsYEyHHKrVInxb4rZ3ypOlRjauQLjhPKSHpDizScp1yjLA
10:08:15.36 | ERROR | Element Activity | Description: Expert Guide/Guida Esperta [CLICK] | Error: Traceback (most recent call last):
  File "C:\Users\owner\Desktop\projects\bots\vass\utils\scrapper.py", line 112, in _check_element
    return custom_wait.until(
           ^^^^^^^^^^^^^^^^^^
  File "C:\Users\owner\Desktop\projects\bots\vass\venv\Lib\site-packages\selenium\webdriver\support\wait.py", line 105, in until
    raise TimeoutException(message, screen, stacktrace)
selenium.common.exceptions.TimeoutException: Message: 
Stacktrace:
	GetHandleVerifier [0x00007FF7BD6938A5+3004357]
	(No symbol) [0x00007FF7BD329970]
	(No symbol) [0x00007FF7BD1D582A]
	(No symbol) [0x00007FF7BD225B8E]
	(No symbol) [0x00007FF7BD225E7C]
	(No symbol) [0x00007FF7BD26EC27]
	(No symbol) [0x00007FF7BD24BC1F]
	(No symbol) [0x00007FF7BD26BA4C]
	(No symbol) [0x00007FF7BD24B983]
	(No symbol) [0x00007FF7BD217628]
	(No symbol) [0x00007FF7BD218791]
	GetHandleVerifier [0x00007FF7BD6BA00D+3161901]
	GetHandleVerifier [0x00007FF7BD70E060+3506048]
	GetHandleVerifier [0x00007FF7BD70400D+3465005]
	GetHandleVerifier [0x00007FF7BD480EEB+830987]
	(No symbol) [0x00007FF7BD33467F]
	(No symbol) [0x00007FF7BD3309D4]
	(No symbol) [0x00007FF7BD330B6D]
	(No symbol) [0x00007FF7BD320149]
	BaseThreadInitThunk [0x00007FFB269B259D+29]
	RtlUserThreadStart [0x00007FFB283CAF38+40]


10:08:15.43 | ERROR | Button Activity | Description: Expert Guide/Guida Esperta [CLICK] | Error: Traceback (most recent call last):
  File "C:\Users\owner\Desktop\projects\bots\vass\utils\scrapper.py", line 128, in _click_button
    self.driver.execute_script(
  File "C:\Users\owner\Desktop\projects\bots\vass\venv\Lib\site-packages\selenium\webdriver\remote\webdriver.py", line 440, in execute_script
    return self.execute(command, {"script": script, "args": converted_args})["value"]
           ^^^^^^^^^^^^^^^^^^^^^^^^^^^^^^^^^^^^^^^^^^^^^^^^^^^^^^^^^^^^^^^^^
  File "C:\Users\owner\Desktop\projects\bots\vass\venv\Lib\site-packages\selenium\webdriver\remote\webdriver.py", line 380, in execute
    self.error_handler.check_response(response)
  File "C:\Users\owner\Desktop\projects\bots\vass\venv\Lib\site-packages\selenium\webdriver\remote\errorhandler.py", line 229, in check_response
    raise exception_class(message, screen, stacktrace)
selenium.common.exceptions.JavascriptException: Message: javascript error: button.scrollIntoViewIfNeeded is not a function
  (Session info: chrome=130.0.6723.119)
Stacktrace:
	GetHandleVerifier [0x00007FF7BD6938A5+3004357]
	(No symbol) [0x00007FF7BD329970]
	(No symbol) [0x00007FF7BD1D582A]
	(No symbol) [0x00007FF7BD1DC2E2]
	(No symbol) [0x00007FF7BD1DE94F]
	(No symbol) [0x00007FF7BD26CD20]
	(No symbol) [0x00007FF7BD24BBDA]
	(No symbol) [0x00007FF7BD26BA4C]
	(No symbol) [0x00007FF7BD24B983]
	(No symbol) [0x00007FF7BD217628]
	(No symbol) [0x00007FF7BD218791]
	GetHandleVerifier [0x00007FF7BD6BA00D+3161901]
	GetHandleVerifier [0x00007FF7BD70E060+3506048]
	GetHandleVerifier [0x00007FF7BD70400D+3465005]
	GetHandleVerifier [0x00007FF7BD480EEB+830987]
	(No symbol) [0x00007FF7BD33467F]
	(No symbol) [0x00007FF7BD3309D4]
	(No symbol) [0x00007FF7BD330B6D]
	(No symbol) [0x00007FF7BD320149]
	BaseThreadInitThunk [0x00007FFB269B259D+29]
	RtlUserThreadStart [0x00007FFB283CAF38+40]


10:08:17.50 | ERROR | Element Activity | Description: Checkbox switcher | Error: Traceback (most recent call last):
  File "C:\Users\owner\Desktop\projects\bots\vass\utils\scrapper.py", line 112, in _check_element
    return custom_wait.until(
           ^^^^^^^^^^^^^^^^^^
  File "C:\Users\owner\Desktop\projects\bots\vass\venv\Lib\site-packages\selenium\webdriver\support\wait.py", line 105, in until
    raise TimeoutException(message, screen, stacktrace)
selenium.common.exceptions.TimeoutException: Message: 
Stacktrace:
	GetHandleVerifier [0x00007FF7BD6938A5+3004357]
	(No symbol) [0x00007FF7BD329970]
	(No symbol) [0x00007FF7BD1D582A]
	(No symbol) [0x00007FF7BD225B8E]
	(No symbol) [0x00007FF7BD225E7C]
	(No symbol) [0x00007FF7BD26EC27]
	(No symbol) [0x00007FF7BD24BC1F]
	(No symbol) [0x00007FF7BD26BA4C]
	(No symbol) [0x00007FF7BD24B983]
	(No symbol) [0x00007FF7BD217628]
	(No symbol) [0x00007FF7BD218791]
	GetHandleVerifier [0x00007FF7BD6BA00D+3161901]
	GetHandleVerifier [0x00007FF7BD70E060+3506048]
	GetHandleVerifier [0x00007FF7BD70400D+3465005]
	GetHandleVerifier [0x00007FF7BD480EEB+830987]
	(No symbol) [0x00007FF7BD33467F]
	(No symbol) [0x00007FF7BD3309D4]
	(No symbol) [0x00007FF7BD330B6D]
	(No symbol) [0x00007FF7BD320149]
	BaseThreadInitThunk [0x00007FFB269B259D+29]
	RtlUserThreadStart [0x00007FFB283CAF38+40]


10:08:19.53 | ERROR | Element Activity | Description: Checkbox Ivass switcher | Error: Traceback (most recent call last):
  File "C:\Users\owner\Desktop\projects\bots\vass\utils\scrapper.py", line 112, in _check_element
    return custom_wait.until(
           ^^^^^^^^^^^^^^^^^^
  File "C:\Users\owner\Desktop\projects\bots\vass\venv\Lib\site-packages\selenium\webdriver\support\wait.py", line 105, in until
    raise TimeoutException(message, screen, stacktrace)
selenium.common.exceptions.TimeoutException: Message: 
Stacktrace:
	GetHandleVerifier [0x00007FF7BD6938A5+3004357]
	(No symbol) [0x00007FF7BD329970]
	(No symbol) [0x00007FF7BD1D582A]
	(No symbol) [0x00007FF7BD225B8E]
	(No symbol) [0x00007FF7BD225E7C]
	(No symbol) [0x00007FF7BD26EC27]
	(No symbol) [0x00007FF7BD24BC1F]
	(No symbol) [0x00007FF7BD26BA4C]
	(No symbol) [0x00007FF7BD24B983]
	(No symbol) [0x00007FF7BD217628]
	(No symbol) [0x00007FF7BD218791]
	GetHandleVerifier [0x00007FF7BD6BA00D+3161901]
	GetHandleVerifier [0x00007FF7BD70E060+3506048]
	GetHandleVerifier [0x00007FF7BD70400D+3465005]
	GetHandleVerifier [0x00007FF7BD480EEB+830987]
	(No symbol) [0x00007FF7BD33467F]
	(No symbol) [0x00007FF7BD3309D4]
	(No symbol) [0x00007FF7BD330B6D]
	(No symbol) [0x00007FF7BD320149]
	BaseThreadInitThunk [0x00007FFB269B259D+29]
	RtlUserThreadStart [0x00007FFB283CAF38+40]


10:08:19.56 | ERROR | Select & CheckBox | Description: Guide Expert | Error: Traceback (most recent call last):
  File "C:\Users\owner\Desktop\projects\bots\vass\utils\scrapper.py", line 335, in _select_guide_expert_checkbox
    return self.driver.execute_script(
           ^^^^^^^^^^^^^^^^^^^^^^^^^^^
  File "C:\Users\owner\Desktop\projects\bots\vass\venv\Lib\site-packages\selenium\webdriver\remote\webdriver.py", line 440, in execute_script
    return self.execute(command, {"script": script, "args": converted_args})["value"]
           ^^^^^^^^^^^^^^^^^^^^^^^^^^^^^^^^^^^^^^^^^^^^^^^^^^^^^^^^^^^^^^^^^
  File "C:\Users\owner\Desktop\projects\bots\vass\venv\Lib\site-packages\selenium\webdriver\remote\webdriver.py", line 380, in execute
    self.error_handler.check_response(response)
  File "C:\Users\owner\Desktop\projects\bots\vass\venv\Lib\site-packages\selenium\webdriver\remote\errorhandler.py", line 229, in check_response
    raise exception_class(message, screen, stacktrace)
selenium.common.exceptions.JavascriptException: Message: javascript error: select.click is not a function
  (Session info: chrome=130.0.6723.119)
Stacktrace:
	GetHandleVerifier [0x00007FF7BD6938A5+3004357]
	(No symbol) [0x00007FF7BD329970]
	(No symbol) [0x00007FF7BD1D582A]
	(No symbol) [0x00007FF7BD1DC2E2]
	(No symbol) [0x00007FF7BD1DE94F]
	(No symbol) [0x00007FF7BD26CD20]
	(No symbol) [0x00007FF7BD24BBDA]
	(No symbol) [0x00007FF7BD26BA4C]
	(No symbol) [0x00007FF7BD24B983]
	(No symbol) [0x00007FF7BD217628]
	(No symbol) [0x00007FF7BD218791]
	GetHandleVerifier [0x00007FF7BD6BA00D+3161901]
	GetHandleVerifier [0x00007FF7BD70E060+3506048]
	GetHandleVerifier [0x00007FF7BD70400D+3465005]
	GetHandleVerifier [0x00007FF7BD480EEB+830987]
	(No symbol) [0x00007FF7BD33467F]
	(No symbol) [0x00007FF7BD3309D4]
	(No symbol) [0x00007FF7BD330B6D]
	(No symbol) [0x00007FF7BD320149]
	BaseThreadInitThunk [0x00007FFB269B259D+29]
	RtlUserThreadStart [0x00007FFB283CAF38+40]


10:08:25.35 | ERROR | Element Activity | Description: Dialog of Summary | Error: Traceback (most recent call last):
  File "C:\Users\owner\Desktop\projects\bots\vass\venv\Lib\site-packages\urllib3\connectionpool.py", line 789, in urlopen
    response = self._make_request(
               ^^^^^^^^^^^^^^^^^^^
  File "C:\Users\owner\Desktop\projects\bots\vass\venv\Lib\site-packages\urllib3\connectionpool.py", line 536, in _make_request
    response = conn.getresponse()
               ^^^^^^^^^^^^^^^^^^
  File "C:\Users\owner\Desktop\projects\bots\vass\venv\Lib\site-packages\urllib3\connection.py", line 507, in getresponse
    httplib_response = super().getresponse()
                       ^^^^^^^^^^^^^^^^^^^^^
  File "C:\Program Files\WindowsApps\PythonSoftwareFoundation.Python.3.11_3.11.2544.0_x64__qbz5n2kfra8p0\Lib\http\client.py", line 1395, in getresponse
    response.begin()
  File "C:\Program Files\WindowsApps\PythonSoftwareFoundation.Python.3.11_3.11.2544.0_x64__qbz5n2kfra8p0\Lib\http\client.py", line 325, in begin
    version, status, reason = self._read_status()
                              ^^^^^^^^^^^^^^^^^^^
  File "C:\Program Files\WindowsApps\PythonSoftwareFoundation.Python.3.11_3.11.2544.0_x64__qbz5n2kfra8p0\Lib\http\client.py", line 286, in _read_status
    line = str(self.fp.readline(_MAXLINE + 1), "iso-8859-1")
               ^^^^^^^^^^^^^^^^^^^^^^^^^^^^^^
  File "C:\Program Files\WindowsApps\PythonSoftwareFoundation.Python.3.11_3.11.2544.0_x64__qbz5n2kfra8p0\Lib\socket.py", line 706, in readinto
    return self._sock.recv_into(b)
           ^^^^^^^^^^^^^^^^^^^^^^^
ConnectionResetError: [WinError 10054] An existing connection was forcibly closed by the remote host

During handling of the above exception, another exception occurred:

Traceback (most recent call last):
  File "C:\Users\owner\Desktop\projects\bots\vass\utils\scrapper.py", line 112, in _check_element
    return custom_wait.until(
           ^^^^^^^^^^^^^^^^^^
  File "C:\Users\owner\Desktop\projects\bots\vass\venv\Lib\site-packages\selenium\webdriver\support\wait.py", line 96, in until
    value = method(self._driver)
            ^^^^^^^^^^^^^^^^^^^^
  File "C:\Users\owner\Desktop\projects\bots\vass\venv\Lib\site-packages\selenium\webdriver\support\expected_conditions.py", line 84, in _predicate
    return driver.find_element(*locator)
           ^^^^^^^^^^^^^^^^^^^^^^^^^^^^^
  File "C:\Users\owner\Desktop\projects\bots\vass\venv\Lib\site-packages\selenium\webdriver\remote\webdriver.py", line 766, in find_element
    return self.execute(Command.FIND_ELEMENT, {"using": by, "value": value})["value"]
           ^^^^^^^^^^^^^^^^^^^^^^^^^^^^^^^^^^^^^^^^^^^^^^^^^^^^^^^^^^^^^^^^^
  File "C:\Users\owner\Desktop\projects\bots\vass\venv\Lib\site-packages\selenium\webdriver\remote\webdriver.py", line 378, in execute
    response = self.command_executor.execute(driver_command, params)
               ^^^^^^^^^^^^^^^^^^^^^^^^^^^^^^^^^^^^^^^^^^^^^^^^^^^^^
  File "C:\Users\owner\Desktop\projects\bots\vass\venv\Lib\site-packages\selenium\webdriver\remote\remote_connection.py", line 391, in execute
    return self._request(command_info[0], url, body=data)
           ^^^^^^^^^^^^^^^^^^^^^^^^^^^^^^^^^^^^^^^^^^^^^^
  File "C:\Users\owner\Desktop\projects\bots\vass\venv\Lib\site-packages\selenium\webdriver\remote\remote_connection.py", line 415, in _request
    response = self._conn.request(method, url, body=body, headers=headers, timeout=self._client_config.timeout)
               ^^^^^^^^^^^^^^^^^^^^^^^^^^^^^^^^^^^^^^^^^^^^^^^^^^^^^^^^^^^^^^^^^^^^^^^^^^^^^^^^^^^^^^^^^^^^^^^^
  File "C:\Users\owner\Desktop\projects\bots\vass\venv\Lib\site-packages\urllib3\_request_methods.py", line 143, in request
    return self.request_encode_body(
           ^^^^^^^^^^^^^^^^^^^^^^^^^
  File "C:\Users\owner\Desktop\projects\bots\vass\venv\Lib\site-packages\urllib3\_request_methods.py", line 278, in request_encode_body
    return self.urlopen(method, url, **extra_kw)
           ^^^^^^^^^^^^^^^^^^^^^^^^^^^^^^^^^^^^^
  File "C:\Users\owner\Desktop\projects\bots\vass\venv\Lib\site-packages\urllib3\poolmanager.py", line 443, in urlopen
    response = conn.urlopen(method, u.request_uri, **kw)
               ^^^^^^^^^^^^^^^^^^^^^^^^^^^^^^^^^^^^^^^^^
  File "C:\Users\owner\Desktop\projects\bots\vass\venv\Lib\site-packages\urllib3\connectionpool.py", line 843, in urlopen
    retries = retries.increment(
              ^^^^^^^^^^^^^^^^^^
  File "C:\Users\owner\Desktop\projects\bots\vass\venv\Lib\site-packages\urllib3\util\retry.py", line 474, in increment
    raise reraise(type(error), error, _stacktrace)
          ^^^^^^^^^^^^^^^^^^^^^^^^^^^^^^^^^^^^^^^^
  File "C:\Users\owner\Desktop\projects\bots\vass\venv\Lib\site-packages\urllib3\util\util.py", line 38, in reraise
    raise value.with_traceback(tb)
  File "C:\Users\owner\Desktop\projects\bots\vass\venv\Lib\site-packages\urllib3\connectionpool.py", line 789, in urlopen
    response = self._make_request(
               ^^^^^^^^^^^^^^^^^^^
  File "C:\Users\owner\Desktop\projects\bots\vass\venv\Lib\site-packages\urllib3\connectionpool.py", line 536, in _make_request
    response = conn.getresponse()
               ^^^^^^^^^^^^^^^^^^
  File "C:\Users\owner\Desktop\projects\bots\vass\venv\Lib\site-packages\urllib3\connection.py", line 507, in getresponse
    httplib_response = super().getresponse()
                       ^^^^^^^^^^^^^^^^^^^^^
  File "C:\Program Files\WindowsApps\PythonSoftwareFoundation.Python.3.11_3.11.2544.0_x64__qbz5n2kfra8p0\Lib\http\client.py", line 1395, in getresponse
    response.begin()
  File "C:\Program Files\WindowsApps\PythonSoftwareFoundation.Python.3.11_3.11.2544.0_x64__qbz5n2kfra8p0\Lib\http\client.py", line 325, in begin
    version, status, reason = self._read_status()
                              ^^^^^^^^^^^^^^^^^^^
  File "C:\Program Files\WindowsApps\PythonSoftwareFoundation.Python.3.11_3.11.2544.0_x64__qbz5n2kfra8p0\Lib\http\client.py", line 286, in _read_status
    line = str(self.fp.readline(_MAXLINE + 1), "iso-8859-1")
               ^^^^^^^^^^^^^^^^^^^^^^^^^^^^^^
  File "C:\Program Files\WindowsApps\PythonSoftwareFoundation.Python.3.11_3.11.2544.0_x64__qbz5n2kfra8p0\Lib\socket.py", line 706, in readinto
    return self._sock.recv_into(b)
           ^^^^^^^^^^^^^^^^^^^^^^^
urllib3.exceptions.ProtocolError: ('Connection aborted.', ConnectionResetError(10054, 'An existing connection was forcibly closed by the remote host', None, 10054, None))

10:08:25.37 | ERROR | There was a problem inserting [] to database | Error is 'Scrapper' object has no attribute 'req'
10:08:25.37 | ERROR | <<< An Error occurred: 'Scrapper' object has no attribute 'req'; Traceback: Traceback (most recent call last):
  File "C:\Users\owner\Desktop\projects\bots\vass\utils\scrapper.py", line 668, in start
    return self.use_case_normale()
           ^^^^^^^^^^^^^^^^^^^^^^^
  File "C:\Users\owner\Desktop\projects\bots\vass\utils\scrapper.py", line 821, in use_case_normale
    return self.final_step()
           ^^^^^^^^^^^^^^^^^
  File "C:\Users\owner\Desktop\projects\bots\vass\utils\scrapper.py", line 1184, in final_step
    db_quote_data = self.insert_into_db(response=quote_object)
                    ^^^^^^^^^^^^^^^^^^^^^^^^^^^^^^^^^^^^^^^^^^
  File "C:\Users\owner\Desktop\projects\bots\vass\utils\scrapper.py", line 632, in insert_into_db
    raise e
  File "C:\Users\owner\Desktop\projects\bots\vass\utils\scrapper.py", line 590, in insert_into_db
    data = self.req.data
           ^^^^^^^^
AttributeError: 'Scrapper' object has no attribute 'req'
>>>
10:08:25.38 | SUCCESS | Terminating Session
